<testsuites id="" name="" tests="4" failures="4" skipped="0" errors="0" time="19.010684">
<testsuite name="web/zenith_features.spec.ts" timestamp="2025-12-20T02:59:03.576Z" hostname="chromium" tests="4" failures="4" skipped="0" time="34.002" errors="0">
<testcase name="Zenith Platform Features › AI Assistant should open and respond" classname="web/zenith_features.spec.ts" time="12.477">
<failure message="zenith_features.spec.ts:14:7 AI Assistant should open and respond" type="FAILURE">
<![CDATA[  [chromium] › web/zenith_features.spec.ts:14:7 › Zenith Platform Features › AI Assistant should open and respond 

    TimeoutError: page.click: Timeout 10000ms exceeded.
    Call log:
      - waiting for locator('[data-testid="ai-assistant-trigger"]')


      14 |   test('AI Assistant should open and respond', async ({ page }) => {
      15 |     // Use the newly added data-testid
    > 16 |     await page.click('[data-testid="ai-assistant-trigger"]');
         |                ^
      17 |     await expect(page.locator('[data-testid="ai-assistant-window"]')).toBeVisible();
      18 |     
      19 |     await page.fill('[data-testid="ai-assistant-input"]', 'Hello Frenly!');
        at /Users/Arief/Desktop/378x492/e2e/web/zenith_features.spec.ts:16:16

    attachment #1: screenshot (image/png) ──────────────────────────────────────────────────────────
    ../test-results/web-zenith_features-Zenith-4df40-ant-should-open-and-respond-chromium/test-failed-1.png
    ────────────────────────────────────────────────────────────────────────────────────────────────

    attachment #2: video (video/webm) ──────────────────────────────────────────────────────────────
    ../test-results/web-zenith_features-Zenith-4df40-ant-should-open-and-respond-chromium/video.webm
    ────────────────────────────────────────────────────────────────────────────────────────────────
]]>
</failure>
<system-out>
<![CDATA[
[[ATTACHMENT|web-zenith_features-Zenith-4df40-ant-should-open-and-respond-chromium/test-failed-1.png]]

[[ATTACHMENT|web-zenith_features-Zenith-4df40-ant-should-open-and-respond-chromium/video.webm]]
]]>
</system-out>
</testcase>
<testcase name="Zenith Platform Features › Compliance Monitoring should display data" classname="web/zenith_features.spec.ts" time="7.68">
<failure message="zenith_features.spec.ts:29:7 Compliance Monitoring should display data" type="FAILURE">
<![CDATA[  [chromium] › web/zenith_features.spec.ts:29:7 › Zenith Platform Features › Compliance Monitoring should display data 

    Error: expect(locator).toContainText(expected) failed

    Locator: locator('h1')
    Expected substring: "Compliance Monitoring"
    Timeout: 5000ms
    Error: element(s) not found

    Call log:
      - Expect "toContainText" with timeout 5000ms
      - waiting for locator('h1')


      29 |   test('Compliance Monitoring should display data', async ({ page }) => {
      30 |     await page.goto('/compliance/monitoring');
    > 31 |     await expect(page.locator('h1')).toContainText('Compliance Monitoring');
         |                                      ^
      32 |     
      33 |     // Check for essential cards
      34 |     await expect(page.getByText('System Health Overview')).toBeVisible();
        at /Users/Arief/Desktop/378x492/e2e/web/zenith_features.spec.ts:31:38

    attachment #1: screenshot (image/png) ──────────────────────────────────────────────────────────
    ../test-results/web-zenith_features-Zenith-5f1c0-itoring-should-display-data-chromium/test-failed-1.png
    ────────────────────────────────────────────────────────────────────────────────────────────────

    attachment #2: video (video/webm) ──────────────────────────────────────────────────────────────
    ../test-results/web-zenith_features-Zenith-5f1c0-itoring-should-display-data-chromium/video.webm
    ────────────────────────────────────────────────────────────────────────────────────────────────
]]>
</failure>
<system-out>
<![CDATA[
[[ATTACHMENT|web-zenith_features-Zenith-5f1c0-itoring-should-display-data-chromium/test-failed-1.png]]

[[ATTACHMENT|web-zenith_features-Zenith-5f1c0-itoring-should-display-data-chromium/video.webm]]
]]>
</system-out>
</testcase>
<testcase name="Zenith Platform Features › System Diagnostics should run health checks" classname="web/zenith_features.spec.ts" time="7.701">
<failure message="zenith_features.spec.ts:39:7 System Diagnostics should run health checks" type="FAILURE">
<![CDATA[  [chromium] › web/zenith_features.spec.ts:39:7 › Zenith Platform Features › System Diagnostics should run health checks 

    Error: expect(locator).toContainText(expected) failed

    Locator: locator('h1')
    Expected substring: "System Diagnostics"
    Timeout: 5000ms
    Error: element(s) not found

    Call log:
      - Expect "toContainText" with timeout 5000ms
      - waiting for locator('h1')


      39 |   test('System Diagnostics should run health checks', async ({ page }) => {
      40 |     await page.goto('/diagnostics/system');
    > 41 |     await expect(page.locator('h1')).toContainText('System Diagnostics');
         |                                      ^
      42 |     
      43 |     // Look for Run Diagnostics button
      44 |     const runButton = page.getByRole('button', { name: /run/i });
        at /Users/Arief/Desktop/378x492/e2e/web/zenith_features.spec.ts:41:38

    attachment #1: screenshot (image/png) ──────────────────────────────────────────────────────────
    ../test-results/web-zenith_features-Zenith-c3abf-cs-should-run-health-checks-chromium/test-failed-1.png
    ────────────────────────────────────────────────────────────────────────────────────────────────

    attachment #2: video (video/webm) ──────────────────────────────────────────────────────────────
    ../test-results/web-zenith_features-Zenith-c3abf-cs-should-run-health-checks-chromium/video.webm
    ────────────────────────────────────────────────────────────────────────────────────────────────
]]>
</failure>
<system-out>
<![CDATA[
[[ATTACHMENT|web-zenith_features-Zenith-c3abf-cs-should-run-health-checks-chromium/test-failed-1.png]]

[[ATTACHMENT|web-zenith_features-Zenith-c3abf-cs-should-run-health-checks-chromium/video.webm]]
]]>
</system-out>
</testcase>
<testcase name="Zenith Platform Features › SAR Creation should load wizard steps" classname="web/zenith_features.spec.ts" time="6.144">
<failure message="zenith_features.spec.ts:51:7 SAR Creation should load wizard steps" type="FAILURE">
<![CDATA[  [chromium] › web/zenith_features.spec.ts:51:7 › Zenith Platform Features › SAR Creation should load wizard steps 

    Error: expect(locator).toContainText(expected) failed

    Locator: locator('h1')
    Expected substring: "SAR"
    Timeout: 5000ms
    Error: element(s) not found

    Call log:
      - Expect "toContainText" with timeout 5000ms
      - waiting for locator('h1')


      51 |   test('SAR Creation should load wizard steps', async ({ page }) => {
      52 |     await page.goto('/compliance/sar/create');
    > 53 |     await expect(page.locator('h1')).toContainText('SAR');
         |                                      ^
      54 |     
      55 |     // Check for wizard steps
      56 |     await expect(page.getByText(/subject/i)).toBeVisible();
        at /Users/Arief/Desktop/378x492/e2e/web/zenith_features.spec.ts:53:38

    attachment #1: screenshot (image/png) ──────────────────────────────────────────────────────────
    ../test-results/web-zenith_features-Zenith-6c794-on-should-load-wizard-steps-chromium/test-failed-1.png
    ────────────────────────────────────────────────────────────────────────────────────────────────

    attachment #2: video (video/webm) ──────────────────────────────────────────────────────────────
    ../test-results/web-zenith_features-Zenith-6c794-on-should-load-wizard-steps-chromium/video.webm
    ────────────────────────────────────────────────────────────────────────────────────────────────
]]>
</failure>
<system-out>
<![CDATA[
[[ATTACHMENT|web-zenith_features-Zenith-6c794-on-should-load-wizard-steps-chromium/test-failed-1.png]]

[[ATTACHMENT|web-zenith_features-Zenith-6c794-on-should-load-wizard-steps-chromium/video.webm]]
]]>
</system-out>
</testcase>
</testsuite>
</testsuites>