{"total": {"lines":{"total":12578,"covered":993,"skipped":0,"pct":7.89},"statements":{"total":13663,"covered":1086,"skipped":0,"pct":7.94},"functions":{"total":3692,"covered":87,"skipped":0,"pct":2.35},"branches":{"total":6298,"covered":62,"skipped":0,"pct":0.98},"branchesTrue":{"total":0,"covered":0,"skipped":0,"pct":100}}
,"/Users/Arief/Desktop/378x492/frontend/src/App.tsx": {"lines":{"total":87,"covered":0,"skipped":0,"pct":0},"functions":{"total":81,"covered":0,"skipped":0,"pct":0},"statements":{"total":122,"covered":0,"skipped":0,"pct":0},"branches":{"total":14,"covered":0,"skipped":0,"pct":0}}
,"/Users/Arief/Desktop/378x492/frontend/src/config.ts": {"lines":{"total":26,"covered":19,"skipped":0,"pct":73.07},"functions":{"total":2,"covered":2,"skipped":0,"pct":100},"statements":{"total":28,"covered":21,"skipped":0,"pct":75},"branches":{"total":18,"covered":10,"skipped":0,"pct":55.55}}
,"/Users/Arief/Desktop/378x492/frontend/src/components/ApprovalQueue.tsx": {"lines":{"total":32,"covered":10,"skipped":0,"pct":31.25},"functions":{"total":8,"covered":0,"skipped":0,"pct":0},"statements":{"total":33,"covered":11,"skipped":0,"pct":33.33},"branches":{"total":12,"covered":0,"skipped":0,"pct":0}}
,"/Users/Arief/Desktop/378x492/frontend/src/components/CaseProgressBar.tsx": {"lines":{"total":20,"covered":0,"skipped":0,"pct":0},"functions":{"total":5,"covered":0,"skipped":0,"pct":0},"statements":{"total":21,"covered":0,"skipped":0,"pct":0},"branches":{"total":43,"covered":0,"skipped":0,"pct":0}}
,"/Users/Arief/Desktop/378x492/frontend/src/components/CollaborativeEditor.tsx": {"lines":{"total":169,"covered":0,"skipped":0,"pct":0},"functions":{"total":28,"covered":0,"skipped":0,"pct":0},"statements":{"total":175,"covered":0,"skipped":0,"pct":0},"branches":{"total":75,"covered":0,"skipped":0,"pct":0}}
,"/Users/Arief/Desktop/378x492/frontend/src/components/DigitalDossierGenerator.tsx": {"lines":{"total":56,"covered":0,"skipped":0,"pct":0},"functions":{"total":13,"covered":0,"skipped":0,"pct":0},"statements":{"total":62,"covered":0,"skipped":0,"pct":0},"branches":{"total":30,"covered":0,"skipped":0,"pct":0}}
,"/Users/Arief/Desktop/378x492/frontend/src/components/ErrorBoundary.tsx": {"lines":{"total":39,"covered":3,"skipped":0,"pct":7.69},"functions":{"total":12,"covered":0,"skipped":0,"pct":0},"statements":{"total":40,"covered":3,"skipped":0,"pct":7.5},"branches":{"total":34,"covered":0,"skipped":0,"pct":0}}
,"/Users/Arief/Desktop/378x492/frontend/src/components/ErrorMessage.tsx": {"lines":{"total":23,"covered":7,"skipped":0,"pct":30.43},"functions":{"total":6,"covered":1,"skipped":0,"pct":16.66},"statements":{"total":28,"covered":10,"skipped":0,"pct":35.71},"branches":{"total":22,"covered":2,"skipped":0,"pct":9.09}}
,"/Users/Arief/Desktop/378x492/frontend/src/components/FriendlyWelcome.tsx": {"lines":{"total":4,"covered":0,"skipped":0,"pct":0},"functions":{"total":1,"covered":0,"skipped":0,"pct":0},"statements":{"total":4,"covered":0,"skipped":0,"pct":0},"branches":{"total":2,"covered":0,"skipped":0,"pct":0}}
,"/Users/Arief/Desktop/378x492/frontend/src/components/InvestigationNotebook.tsx": {"lines":{"total":71,"covered":0,"skipped":0,"pct":0},"functions":{"total":22,"covered":0,"skipped":0,"pct":0},"statements":{"total":77,"covered":0,"skipped":0,"pct":0},"branches":{"total":47,"covered":0,"skipped":0,"pct":0}}
,"/Users/Arief/Desktop/378x492/frontend/src/components/LoadingState.tsx": {"lines":{"total":24,"covered":15,"skipped":0,"pct":62.5},"functions":{"total":3,"covered":2,"skipped":0,"pct":66.66},"statements":{"total":25,"covered":15,"skipped":0,"pct":60},"branches":{"total":23,"covered":7,"skipped":0,"pct":30.43}}
,"/Users/Arief/Desktop/378x492/frontend/src/components/MemoryMonitor.tsx": {"lines":{"total":20,"covered":0,"skipped":0,"pct":0},"functions":{"total":4,"covered":0,"skipped":0,"pct":0},"statements":{"total":24,"covered":0,"skipped":0,"pct":0},"branches":{"total":17,"covered":0,"skipped":0,"pct":0}}
,"/Users/Arief/Desktop/378x492/frontend/src/components/NotificationContainer.tsx": {"lines":{"total":16,"covered":0,"skipped":0,"pct":0},"functions":{"total":4,"covered":0,"skipped":0,"pct":0},"statements":{"total":18,"covered":0,"skipped":0,"pct":0},"branches":{"total":6,"covered":0,"skipped":0,"pct":0}}
,"/Users/Arief/Desktop/378x492/frontend/src/components/OfflineIndicator.tsx": {"lines":{"total":11,"covered":0,"skipped":0,"pct":0},"functions":{"total":1,"covered":0,"skipped":0,"pct":0},"statements":{"total":12,"covered":0,"skipped":0,"pct":0},"branches":{"total":14,"covered":0,"skipped":0,"pct":0}}
,"/Users/Arief/Desktop/378x492/frontend/src/components/OnboardingWizard.tsx": {"lines":{"total":15,"covered":0,"skipped":0,"pct":0},"functions":{"total":4,"covered":0,"skipped":0,"pct":0},"statements":{"total":15,"covered":0,"skipped":0,"pct":0},"branches":{"total":0,"covered":0,"skipped":0,"pct":100}}
,"/Users/Arief/Desktop/378x492/frontend/src/components/PageErrorBoundary.tsx": {"lines":{"total":20,"covered":6,"skipped":0,"pct":30},"functions":{"total":6,"covered":0,"skipped":0,"pct":0},"statements":{"total":20,"covered":6,"skipped":0,"pct":30},"branches":{"total":7,"covered":0,"skipped":0,"pct":0}}
,"/Users/Arief/Desktop/378x492/frontend/src/components/RelationshipGraph.tsx": {"lines":{"total":150,"covered":0,"skipped":0,"pct":0},"functions":{"total":37,"covered":0,"skipped":0,"pct":0},"statements":{"total":172,"covered":0,"skipped":0,"pct":0},"branches":{"total":97,"covered":0,"skipped":0,"pct":0}}
,"/Users/Arief/Desktop/378x492/frontend/src/components/RoleSelection.tsx": {"lines":{"total":37,"covered":0,"skipped":0,"pct":0},"functions":{"total":10,"covered":0,"skipped":0,"pct":0},"statements":{"total":41,"covered":0,"skipped":0,"pct":0},"branches":{"total":23,"covered":0,"skipped":0,"pct":0}}
,"/Users/Arief/Desktop/378x492/frontend/src/components/RoleSelector.tsx": {"lines":{"total":25,"covered":0,"skipped":0,"pct":0},"functions":{"total":14,"covered":0,"skipped":0,"pct":0},"statements":{"total":30,"covered":0,"skipped":0,"pct":0},"branches":{"total":8,"covered":0,"skipped":0,"pct":0}}
,"/Users/Arief/Desktop/378x492/frontend/src/components/TemporalPlayback.tsx": {"lines":{"total":45,"covered":0,"skipped":0,"pct":0},"functions":{"total":16,"covered":0,"skipped":0,"pct":0},"statements":{"total":46,"covered":0,"skipped":0,"pct":0},"branches":{"total":11,"covered":0,"skipped":0,"pct":0}}
,"/Users/Arief/Desktop/378x492/frontend/src/components/VirtualizedEvidenceList.tsx": {"lines":{"total":19,"covered":0,"skipped":0,"pct":0},"functions":{"total":10,"covered":0,"skipped":0,"pct":0},"statements":{"total":23,"covered":0,"skipped":0,"pct":0},"branches":{"total":6,"covered":0,"skipped":0,"pct":0}}
,"/Users/Arief/Desktop/378x492/frontend/src/components/WebSocketSync.tsx": {"lines":{"total":24,"covered":0,"skipped":0,"pct":0},"functions":{"total":3,"covered":0,"skipped":0,"pct":0},"statements":{"total":25,"covered":0,"skipped":0,"pct":0},"branches":{"total":11,"covered":0,"skipped":0,"pct":0}}
,"/Users/Arief/Desktop/378x492/frontend/src/components/accessibility/AccessibilityChecker.tsx": {"lines":{"total":25,"covered":5,"skipped":0,"pct":20},"functions":{"total":7,"covered":0,"skipped":0,"pct":0},"statements":{"total":29,"covered":7,"skipped":0,"pct":24.13},"branches":{"total":8,"covered":0,"skipped":0,"pct":0}}
,"/Users/Arief/Desktop/378x492/frontend/src/components/accessibility/AccessibilitySettings.tsx": {"lines":{"total":11,"covered":0,"skipped":0,"pct":0},"functions":{"total":5,"covered":0,"skipped":0,"pct":0},"statements":{"total":12,"covered":0,"skipped":0,"pct":0},"branches":{"total":4,"covered":0,"skipped":0,"pct":0}}
,"/Users/Arief/Desktop/378x492/frontend/src/components/accessibility/VoiceControl.tsx": {"lines":{"total":42,"covered":0,"skipped":0,"pct":0},"functions":{"total":5,"covered":0,"skipped":0,"pct":0},"statements":{"total":42,"covered":0,"skipped":0,"pct":0},"branches":{"total":27,"covered":0,"skipped":0,"pct":0}}
,"/Users/Arief/Desktop/378x492/frontend/src/components/adjudication/AdjudicationLayout.tsx": {"lines":{"total":4,"covered":0,"skipped":0,"pct":0},"functions":{"total":1,"covered":0,"skipped":0,"pct":0},"statements":{"total":4,"covered":0,"skipped":0,"pct":0},"branches":{"total":6,"covered":0,"skipped":0,"pct":0}}
,"/Users/Arief/Desktop/378x492/frontend/src/components/adjudication/AlertDetail.tsx": {"lines":{"total":10,"covered":0,"skipped":0,"pct":0},"functions":{"total":5,"covered":0,"skipped":0,"pct":0},"statements":{"total":10,"covered":0,"skipped":0,"pct":0},"branches":{"total":6,"covered":0,"skipped":0,"pct":0}}
,"/Users/Arief/Desktop/378x492/frontend/src/components/adjudication/AlertList.tsx": {"lines":{"total":9,"covered":0,"skipped":0,"pct":0},"functions":{"total":3,"covered":0,"skipped":0,"pct":0},"statements":{"total":9,"covered":0,"skipped":0,"pct":0},"branches":{"total":4,"covered":0,"skipped":0,"pct":0}}
,"/Users/Arief/Desktop/378x492/frontend/src/components/adjudication/AlertListItem.tsx": {"lines":{"total":18,"covered":0,"skipped":0,"pct":0},"functions":{"total":4,"covered":0,"skipped":0,"pct":0},"statements":{"total":18,"covered":0,"skipped":0,"pct":0},"branches":{"total":11,"covered":0,"skipped":0,"pct":0}}
,"/Users/Arief/Desktop/378x492/frontend/src/components/adjudication/ContextTabs.tsx": {"lines":{"total":13,"covered":0,"skipped":0,"pct":0},"functions":{"total":3,"covered":0,"skipped":0,"pct":0},"statements":{"total":13,"covered":0,"skipped":0,"pct":0},"branches":{"total":10,"covered":0,"skipped":0,"pct":0}}
,"/Users/Arief/Desktop/378x492/frontend/src/components/adjudication/DecisionPanel.tsx": {"lines":{"total":6,"covered":0,"skipped":0,"pct":0},"functions":{"total":1,"covered":0,"skipped":0,"pct":0},"statements":{"total":6,"covered":0,"skipped":0,"pct":0},"branches":{"total":14,"covered":0,"skipped":0,"pct":0}}
,"/Users/Arief/Desktop/378x492/frontend/src/components/adjudication/tabs/AIReasoningTab.tsx": {"lines":{"total":7,"covered":0,"skipped":0,"pct":0},"functions":{"total":2,"covered":0,"skipped":0,"pct":0},"statements":{"total":7,"covered":0,"skipped":0,"pct":0},"branches":{"total":10,"covered":0,"skipped":0,"pct":0}}
,"/Users/Arief/Desktop/378x492/frontend/src/components/adjudication/tabs/ContextTab.tsx": {"lines":{"total":7,"covered":0,"skipped":0,"pct":0},"functions":{"total":1,"covered":0,"skipped":0,"pct":0},"statements":{"total":7,"covered":0,"skipped":0,"pct":0},"branches":{"total":0,"covered":0,"skipped":0,"pct":100}}
,"/Users/Arief/Desktop/378x492/frontend/src/components/adjudication/tabs/GraphTab.tsx": {"lines":{"total":9,"covered":0,"skipped":0,"pct":0},"functions":{"total":3,"covered":0,"skipped":0,"pct":0},"statements":{"total":9,"covered":0,"skipped":0,"pct":0},"branches":{"total":2,"covered":0,"skipped":0,"pct":0}}
,"/Users/Arief/Desktop/378x492/frontend/src/components/adjudication/tabs/HistoryTab.tsx": {"lines":{"total":7,"covered":0,"skipped":0,"pct":0},"functions":{"total":2,"covered":0,"skipped":0,"pct":0},"statements":{"total":7,"covered":0,"skipped":0,"pct":0},"branches":{"total":4,"covered":0,"skipped":0,"pct":0}}
,"/Users/Arief/Desktop/378x492/frontend/src/components/advanced/ai/AiPerformanceMonitor.tsx": {"lines":{"total":32,"covered":0,"skipped":0,"pct":0},"functions":{"total":12,"covered":0,"skipped":0,"pct":0},"statements":{"total":37,"covered":0,"skipped":0,"pct":0},"branches":{"total":22,"covered":0,"skipped":0,"pct":0}}
,"/Users/Arief/Desktop/378x492/frontend/src/components/advanced/ai/MultimodalAnalyzer.tsx": {"lines":{"total":35,"covered":0,"skipped":0,"pct":0},"functions":{"total":10,"covered":0,"skipped":0,"pct":0},"statements":{"total":40,"covered":0,"skipped":0,"pct":0},"branches":{"total":16,"covered":0,"skipped":0,"pct":0}}
,"/Users/Arief/Desktop/378x492/frontend/src/components/advanced/ai/RagSearchInterface.tsx": {"lines":{"total":26,"covered":0,"skipped":0,"pct":0},"functions":{"total":6,"covered":0,"skipped":0,"pct":0},"statements":{"total":27,"covered":0,"skipped":0,"pct":0},"branches":{"total":12,"covered":0,"skipped":0,"pct":0}}
,"/Users/Arief/Desktop/378x492/frontend/src/components/advanced/ai/RedTeamDashboard.tsx": {"lines":{"total":41,"covered":0,"skipped":0,"pct":0},"functions":{"total":17,"covered":0,"skipped":0,"pct":0},"statements":{"total":45,"covered":0,"skipped":0,"pct":0},"branches":{"total":34,"covered":0,"skipped":0,"pct":0}}
,"/Users/Arief/Desktop/378x492/frontend/src/components/ai/AIAssistant.tsx": {"lines":{"total":68,"covered":11,"skipped":0,"pct":16.17},"functions":{"total":15,"covered":0,"skipped":0,"pct":0},"statements":{"total":79,"covered":12,"skipped":0,"pct":15.18},"branches":{"total":87,"covered":0,"skipped":0,"pct":0}}
,"/Users/Arief/Desktop/378x492/frontend/src/components/ai/AIIntelligenceDashboard.tsx": {"lines":{"total":37,"covered":0,"skipped":0,"pct":0},"functions":{"total":10,"covered":0,"skipped":0,"pct":0},"statements":{"total":38,"covered":0,"skipped":0,"pct":0},"branches":{"total":22,"covered":0,"skipped":0,"pct":0}}
,"/Users/Arief/Desktop/378x492/frontend/src/components/ai/AdvancedComplianceDashboard.tsx": {"lines":{"total":91,"covered":0,"skipped":0,"pct":0},"functions":{"total":33,"covered":0,"skipped":0,"pct":0},"statements":{"total":93,"covered":0,"skipped":0,"pct":0},"branches":{"total":68,"covered":0,"skipped":0,"pct":0}}
,"/Users/Arief/Desktop/378x492/frontend/src/components/ai/CodeReviewDashboard.tsx": {"lines":{"total":86,"covered":0,"skipped":0,"pct":0},"functions":{"total":22,"covered":0,"skipped":0,"pct":0},"statements":{"total":86,"covered":0,"skipped":0,"pct":0},"branches":{"total":92,"covered":0,"skipped":0,"pct":0}}
,"/Users/Arief/Desktop/378x492/frontend/src/components/ai/PredictiveMaintenanceDashboard.tsx": {"lines":{"total":67,"covered":0,"skipped":0,"pct":0},"functions":{"total":20,"covered":0,"skipped":0,"pct":0},"statements":{"total":71,"covered":0,"skipped":0,"pct":0},"branches":{"total":43,"covered":0,"skipped":0,"pct":0}}
,"/Users/Arief/Desktop/378x492/frontend/src/components/auth/LoginForm.tsx": {"lines":{"total":32,"covered":15,"skipped":0,"pct":46.87},"functions":{"total":6,"covered":1,"skipped":0,"pct":16.66},"statements":{"total":33,"covered":16,"skipped":0,"pct":48.48},"branches":{"total":13,"covered":4,"skipped":0,"pct":30.76}}
,"/Users/Arief/Desktop/378x492/frontend/src/components/cases/CaseActions.tsx": {"lines":{"total":6,"covered":0,"skipped":0,"pct":0},"functions":{"total":1,"covered":0,"skipped":0,"pct":0},"statements":{"total":6,"covered":0,"skipped":0,"pct":0},"branches":{"total":14,"covered":0,"skipped":0,"pct":0}}
,"/Users/Arief/Desktop/378x492/frontend/src/components/cases/CaseForm.tsx": {"lines":{"total":21,"covered":0,"skipped":0,"pct":0},"functions":{"total":9,"covered":0,"skipped":0,"pct":0},"statements":{"total":22,"covered":0,"skipped":0,"pct":0},"branches":{"total":18,"covered":0,"skipped":0,"pct":0}}
,"/Users/Arief/Desktop/378x492/frontend/src/components/cases/CaseHeader.tsx": {"lines":{"total":10,"covered":5,"skipped":0,"pct":50},"functions":{"total":5,"covered":0,"skipped":0,"pct":0},"statements":{"total":10,"covered":5,"skipped":0,"pct":50},"branches":{"total":8,"covered":0,"skipped":0,"pct":0}}
,"/Users/Arief/Desktop/378x492/frontend/src/components/cases/CaseKanban.tsx": {"lines":{"total":152,"covered":0,"skipped":0,"pct":0},"functions":{"total":34,"covered":0,"skipped":0,"pct":0},"statements":{"total":165,"covered":0,"skipped":0,"pct":0},"branches":{"total":116,"covered":0,"skipped":0,"pct":0}}
,"/Users/Arief/Desktop/378x492/frontend/src/components/cases/CaseList.tsx": {"lines":{"total":18,"covered":0,"skipped":0,"pct":0},"functions":{"total":7,"covered":0,"skipped":0,"pct":0},"statements":{"total":19,"covered":0,"skipped":0,"pct":0},"branches":{"total":22,"covered":0,"skipped":0,"pct":0}}
,"/Users/Arief/Desktop/378x492/frontend/src/components/cases/CasePreviewDrawer.tsx": {"lines":{"total":15,"covered":0,"skipped":0,"pct":0},"functions":{"total":2,"covered":0,"skipped":0,"pct":0},"statements":{"total":15,"covered":0,"skipped":0,"pct":0},"branches":{"total":13,"covered":0,"skipped":0,"pct":0}}
,"/Users/Arief/Desktop/378x492/frontend/src/components/cases/CaseTable.tsx": {"lines":{"total":27,"covered":7,"skipped":0,"pct":25.92},"functions":{"total":9,"covered":0,"skipped":0,"pct":0},"statements":{"total":27,"covered":7,"skipped":0,"pct":25.92},"branches":{"total":14,"covered":0,"skipped":0,"pct":0}}
,"/Users/Arief/Desktop/378x492/frontend/src/components/cases/FacetedFilter.tsx": {"lines":{"total":40,"covered":0,"skipped":0,"pct":0},"functions":{"total":17,"covered":0,"skipped":0,"pct":0},"statements":{"total":44,"covered":0,"skipped":0,"pct":0},"branches":{"total":38,"covered":0,"skipped":0,"pct":0}}
,"/Users/Arief/Desktop/378x492/frontend/src/components/cases/InvestigationWizard.tsx": {"lines":{"total":87,"covered":0,"skipped":0,"pct":0},"functions":{"total":48,"covered":0,"skipped":0,"pct":0},"statements":{"total":91,"covered":0,"skipped":0,"pct":0},"branches":{"total":76,"covered":0,"skipped":0,"pct":0}}
,"/Users/Arief/Desktop/378x492/frontend/src/components/cases/NewInvestigationWizard.tsx": {"lines":{"total":27,"covered":0,"skipped":0,"pct":0},"functions":{"total":15,"covered":0,"skipped":0,"pct":0},"statements":{"total":32,"covered":0,"skipped":0,"pct":0},"branches":{"total":22,"covered":0,"skipped":0,"pct":0}}
,"/Users/Arief/Desktop/378x492/frontend/src/components/cases/RichCaseCard.tsx": {"lines":{"total":24,"covered":0,"skipped":0,"pct":0},"functions":{"total":7,"covered":0,"skipped":0,"pct":0},"statements":{"total":24,"covered":0,"skipped":0,"pct":0},"branches":{"total":35,"covered":0,"skipped":0,"pct":0}}
,"/Users/Arief/Desktop/378x492/frontend/src/components/collaboration/CollaborativeEditor.tsx": {"lines":{"total":65,"covered":0,"skipped":0,"pct":0},"functions":{"total":19,"covered":0,"skipped":0,"pct":0},"statements":{"total":69,"covered":0,"skipped":0,"pct":0},"branches":{"total":32,"covered":0,"skipped":0,"pct":0}}
,"/Users/Arief/Desktop/378x492/frontend/src/components/collaboration/EvidenceBoard.tsx": {"lines":{"total":84,"covered":0,"skipped":0,"pct":0},"functions":{"total":41,"covered":0,"skipped":0,"pct":0},"statements":{"total":101,"covered":0,"skipped":0,"pct":0},"branches":{"total":59,"covered":0,"skipped":0,"pct":0}}
,"/Users/Arief/Desktop/378x492/frontend/src/components/collaboration/HypothesisBoard.tsx": {"lines":{"total":70,"covered":0,"skipped":0,"pct":0},"functions":{"total":40,"covered":0,"skipped":0,"pct":0},"statements":{"total":85,"covered":0,"skipped":0,"pct":0},"branches":{"total":18,"covered":0,"skipped":0,"pct":0}}
,"/Users/Arief/Desktop/378x492/frontend/src/components/collaboration/MensReaAnalyzer.tsx": {"lines":{"total":56,"covered":0,"skipped":0,"pct":0},"functions":{"total":32,"covered":0,"skipped":0,"pct":0},"statements":{"total":64,"covered":0,"skipped":0,"pct":0},"branches":{"total":36,"covered":0,"skipped":0,"pct":0}}
,"/Users/Arief/Desktop/378x492/frontend/src/components/common/EmptyState.tsx": {"lines":{"total":5,"covered":0,"skipped":0,"pct":0},"functions":{"total":1,"covered":0,"skipped":0,"pct":0},"statements":{"total":5,"covered":0,"skipped":0,"pct":0},"branches":{"total":4,"covered":0,"skipped":0,"pct":0}}
,"/Users/Arief/Desktop/378x492/frontend/src/components/common/ErrorBoundary.tsx": {"lines":{"total":21,"covered":0,"skipped":0,"pct":0},"functions":{"total":6,"covered":0,"skipped":0,"pct":0},"statements":{"total":21,"covered":0,"skipped":0,"pct":0},"branches":{"total":11,"covered":0,"skipped":0,"pct":0}}
,"/Users/Arief/Desktop/378x492/frontend/src/components/common/EvidenceSpotlight.tsx": {"lines":{"total":7,"covered":0,"skipped":0,"pct":0},"functions":{"total":1,"covered":0,"skipped":0,"pct":0},"statements":{"total":8,"covered":0,"skipped":0,"pct":0},"branches":{"total":1,"covered":0,"skipped":0,"pct":0}}
,"/Users/Arief/Desktop/378x492/frontend/src/components/common/JourneyProgress.tsx": {"lines":{"total":25,"covered":0,"skipped":0,"pct":0},"functions":{"total":6,"covered":0,"skipped":0,"pct":0},"statements":{"total":28,"covered":0,"skipped":0,"pct":0},"branches":{"total":25,"covered":0,"skipped":0,"pct":0}}
,"/Users/Arief/Desktop/378x492/frontend/src/components/common/JustInTimeTooltip.tsx": {"lines":{"total":27,"covered":0,"skipped":0,"pct":0},"functions":{"total":8,"covered":0,"skipped":0,"pct":0},"statements":{"total":30,"covered":0,"skipped":0,"pct":0},"branches":{"total":25,"covered":0,"skipped":0,"pct":0}}
,"/Users/Arief/Desktop/378x492/frontend/src/components/common/ProjectSwitcher.tsx": {"lines":{"total":14,"covered":0,"skipped":0,"pct":0},"functions":{"total":3,"covered":0,"skipped":0,"pct":0},"statements":{"total":15,"covered":0,"skipped":0,"pct":0},"branches":{"total":7,"covered":0,"skipped":0,"pct":0}}
,"/Users/Arief/Desktop/378x492/frontend/src/components/common/RookieChecklist.tsx": {"lines":{"total":72,"covered":10,"skipped":0,"pct":13.88},"functions":{"total":27,"covered":0,"skipped":0,"pct":0},"statements":{"total":82,"covered":10,"skipped":0,"pct":12.19},"branches":{"total":33,"covered":0,"skipped":0,"pct":0}}
,"/Users/Arief/Desktop/378x492/frontend/src/components/common/Spinner.tsx": {"lines":{"total":5,"covered":0,"skipped":0,"pct":0},"functions":{"total":1,"covered":0,"skipped":0,"pct":0},"statements":{"total":5,"covered":0,"skipped":0,"pct":0},"branches":{"total":2,"covered":0,"skipped":0,"pct":0}}
,"/Users/Arief/Desktop/378x492/frontend/src/components/common/TourSpotlight.tsx": {"lines":{"total":42,"covered":0,"skipped":0,"pct":0},"functions":{"total":5,"covered":0,"skipped":0,"pct":0},"statements":{"total":43,"covered":0,"skipped":0,"pct":0},"branches":{"total":24,"covered":0,"skipped":0,"pct":0}}
,"/Users/Arief/Desktop/378x492/frontend/src/components/common/WelcomeMessage.tsx": {"lines":{"total":22,"covered":4,"skipped":0,"pct":18.18},"functions":{"total":6,"covered":0,"skipped":0,"pct":0},"statements":{"total":23,"covered":4,"skipped":0,"pct":17.39},"branches":{"total":7,"covered":0,"skipped":0,"pct":0}}
,"/Users/Arief/Desktop/378x492/frontend/src/components/compliance/ComplianceAlerts.tsx": {"lines":{"total":16,"covered":0,"skipped":0,"pct":0},"functions":{"total":4,"covered":0,"skipped":0,"pct":0},"statements":{"total":17,"covered":0,"skipped":0,"pct":0},"branches":{"total":15,"covered":0,"skipped":0,"pct":0}}
,"/Users/Arief/Desktop/378x492/frontend/src/components/compliance/ComplianceDashboard.tsx": {"lines":{"total":36,"covered":3,"skipped":0,"pct":8.33},"functions":{"total":9,"covered":0,"skipped":0,"pct":0},"statements":{"total":36,"covered":3,"skipped":0,"pct":8.33},"branches":{"total":23,"covered":0,"skipped":0,"pct":0}}
,"/Users/Arief/Desktop/378x492/frontend/src/components/compliance/ComplianceFrameworks.tsx": {"lines":{"total":9,"covered":0,"skipped":0,"pct":0},"functions":{"total":2,"covered":0,"skipped":0,"pct":0},"statements":{"total":10,"covered":0,"skipped":0,"pct":0},"branches":{"total":6,"covered":0,"skipped":0,"pct":0}}
,"/Users/Arief/Desktop/378x492/frontend/src/components/compliance/ComplianceTrends.tsx": {"lines":{"total":9,"covered":0,"skipped":0,"pct":0},"functions":{"total":3,"covered":0,"skipped":0,"pct":0},"statements":{"total":10,"covered":0,"skipped":0,"pct":0},"branches":{"total":4,"covered":0,"skipped":0,"pct":0}}
,"/Users/Arief/Desktop/378x492/frontend/src/components/compliance/SARCreationWizard.tsx": {"lines":{"total":86,"covered":0,"skipped":0,"pct":0},"functions":{"total":43,"covered":0,"skipped":0,"pct":0},"statements":{"total":99,"covered":0,"skipped":0,"pct":0},"branches":{"total":60,"covered":0,"skipped":0,"pct":0}}
,"/Users/Arief/Desktop/378x492/frontend/src/components/dashboard/AIWatchtower.tsx": {"lines":{"total":28,"covered":6,"skipped":0,"pct":21.42},"functions":{"total":13,"covered":0,"skipped":0,"pct":0},"statements":{"total":32,"covered":6,"skipped":0,"pct":18.75},"branches":{"total":10,"covered":0,"skipped":0,"pct":0}}
,"/Users/Arief/Desktop/378x492/frontend/src/components/dashboard/CostOptimizationWidget.tsx": {"lines":{"total":29,"covered":8,"skipped":0,"pct":27.58},"functions":{"total":4,"covered":0,"skipped":0,"pct":0},"statements":{"total":30,"covered":9,"skipped":0,"pct":30},"branches":{"total":10,"covered":0,"skipped":0,"pct":0}}
,"/Users/Arief/Desktop/378x492/frontend/src/components/dashboard/FeatureDiscovery.tsx": {"lines":{"total":36,"covered":10,"skipped":0,"pct":27.77},"functions":{"total":9,"covered":0,"skipped":0,"pct":0},"statements":{"total":37,"covered":11,"skipped":0,"pct":29.72},"branches":{"total":12,"covered":0,"skipped":0,"pct":0}}
,"/Users/Arief/Desktop/378x492/frontend/src/components/dashboard/LiveQueue.tsx": {"lines":{"total":21,"covered":7,"skipped":0,"pct":33.33},"functions":{"total":4,"covered":0,"skipped":0,"pct":0},"statements":{"total":21,"covered":7,"skipped":0,"pct":33.33},"branches":{"total":15,"covered":0,"skipped":0,"pct":0}}
,"/Users/Arief/Desktop/378x492/frontend/src/components/dashboard/MetricCard.tsx": {"lines":{"total":14,"covered":0,"skipped":0,"pct":0},"functions":{"total":3,"covered":0,"skipped":0,"pct":0},"statements":{"total":18,"covered":0,"skipped":0,"pct":0},"branches":{"total":19,"covered":0,"skipped":0,"pct":0}}
,"/Users/Arief/Desktop/378x492/frontend/src/components/dashboard/MetricSparkline.tsx": {"lines":{"total":10,"covered":6,"skipped":0,"pct":60},"functions":{"total":4,"covered":0,"skipped":0,"pct":0},"statements":{"total":11,"covered":6,"skipped":0,"pct":54.54},"branches":{"total":5,"covered":0,"skipped":0,"pct":0}}
,"/Users/Arief/Desktop/378x492/frontend/src/components/dashboard/MovableDashboard.tsx": {"lines":{"total":39,"covered":19,"skipped":0,"pct":48.71},"functions":{"total":22,"covered":14,"skipped":0,"pct":63.63},"statements":{"total":47,"covered":26,"skipped":0,"pct":55.31},"branches":{"total":41,"covered":0,"skipped":0,"pct":0}}
,"/Users/Arief/Desktop/378x492/frontend/src/components/dashboard/PredictiveDashboard.tsx": {"lines":{"total":22,"covered":0,"skipped":0,"pct":0},"functions":{"total":3,"covered":0,"skipped":0,"pct":0},"statements":{"total":24,"covered":0,"skipped":0,"pct":0},"branches":{"total":2,"covered":0,"skipped":0,"pct":0}}
,"/Users/Arief/Desktop/378x492/frontend/src/components/dashboard/ProofVisualizationCard.tsx": {"lines":{"total":37,"covered":9,"skipped":0,"pct":24.32},"functions":{"total":5,"covered":0,"skipped":0,"pct":0},"statements":{"total":38,"covered":9,"skipped":0,"pct":23.68},"branches":{"total":23,"covered":0,"skipped":0,"pct":0}}
,"/Users/Arief/Desktop/378x492/frontend/src/components/dashboard/RiskDistributionChart.tsx": {"lines":{"total":7,"covered":4,"skipped":0,"pct":57.14},"functions":{"total":3,"covered":0,"skipped":0,"pct":0},"statements":{"total":7,"covered":4,"skipped":0,"pct":57.14},"branches":{"total":0,"covered":0,"skipped":0,"pct":100}}
,"/Users/Arief/Desktop/378x492/frontend/src/components/dashboard/ThreatMap.tsx": {"lines":{"total":60,"covered":0,"skipped":0,"pct":0},"functions":{"total":31,"covered":0,"skipped":0,"pct":0},"statements":{"total":74,"covered":0,"skipped":0,"pct":0},"branches":{"total":29,"covered":0,"skipped":0,"pct":0}}
,"/Users/Arief/Desktop/378x492/frontend/src/components/dashboard/VolumeChart.tsx": {"lines":{"total":6,"covered":4,"skipped":0,"pct":66.66},"functions":{"total":2,"covered":0,"skipped":0,"pct":0},"statements":{"total":6,"covered":4,"skipped":0,"pct":66.66},"branches":{"total":0,"covered":0,"skipped":0,"pct":100}}
,"/Users/Arief/Desktop/378x492/frontend/src/components/evidence/ChainOfCustodyTimeline.tsx": {"lines":{"total":7,"covered":0,"skipped":0,"pct":0},"functions":{"total":2,"covered":0,"skipped":0,"pct":0},"statements":{"total":8,"covered":0,"skipped":0,"pct":0},"branches":{"total":10,"covered":0,"skipped":0,"pct":0}}
,"/Users/Arief/Desktop/378x492/frontend/src/components/evidence/DocumentViewer.tsx": {"lines":{"total":43,"covered":0,"skipped":0,"pct":0},"functions":{"total":11,"covered":0,"skipped":0,"pct":0},"statements":{"total":47,"covered":0,"skipped":0,"pct":0},"branches":{"total":32,"covered":0,"skipped":0,"pct":0}}
,"/Users/Arief/Desktop/378x492/frontend/src/components/evidence/EvidenceCard.tsx": {"lines":{"total":19,"covered":8,"skipped":0,"pct":42.1},"functions":{"total":4,"covered":0,"skipped":0,"pct":0},"statements":{"total":20,"covered":9,"skipped":0,"pct":45},"branches":{"total":29,"covered":0,"skipped":0,"pct":0}}
,"/Users/Arief/Desktop/378x492/frontend/src/components/evidence/EvidenceCorrelationsList.tsx": {"lines":{"total":10,"covered":0,"skipped":0,"pct":0},"functions":{"total":2,"covered":0,"skipped":0,"pct":0},"statements":{"total":11,"covered":0,"skipped":0,"pct":0},"branches":{"total":7,"covered":0,"skipped":0,"pct":0}}
,"/Users/Arief/Desktop/378x492/frontend/src/components/evidence/EvidenceDetailsSidebar.tsx": {"lines":{"total":10,"covered":0,"skipped":0,"pct":0},"functions":{"total":1,"covered":0,"skipped":0,"pct":0},"statements":{"total":11,"covered":0,"skipped":0,"pct":0},"branches":{"total":1,"covered":0,"skipped":0,"pct":0}}
,"/Users/Arief/Desktop/378x492/frontend/src/components/evidence/EvidenceSearchFilters.tsx": {"lines":{"total":7,"covered":0,"skipped":0,"pct":0},"functions":{"total":2,"covered":0,"skipped":0,"pct":0},"statements":{"total":8,"covered":0,"skipped":0,"pct":0},"branches":{"total":0,"covered":0,"skipped":0,"pct":100}}
,"/Users/Arief/Desktop/378x492/frontend/src/components/evidence/EvidenceStats.tsx": {"lines":{"total":5,"covered":0,"skipped":0,"pct":0},"functions":{"total":1,"covered":0,"skipped":0,"pct":0},"statements":{"total":6,"covered":0,"skipped":0,"pct":0},"branches":{"total":0,"covered":0,"skipped":0,"pct":100}}
,"/Users/Arief/Desktop/378x492/frontend/src/components/evidence/EvidenceUploader.tsx": {"lines":{"total":56,"covered":3,"skipped":0,"pct":5.35},"functions":{"total":16,"covered":0,"skipped":0,"pct":0},"statements":{"total":61,"covered":3,"skipped":0,"pct":4.91},"branches":{"total":26,"covered":0,"skipped":0,"pct":0}}
,"/Users/Arief/Desktop/378x492/frontend/src/components/evidence/EvidenceViewer.tsx": {"lines":{"total":52,"covered":0,"skipped":0,"pct":0},"functions":{"total":24,"covered":0,"skipped":0,"pct":0},"statements":{"total":60,"covered":0,"skipped":0,"pct":0},"branches":{"total":41,"covered":0,"skipped":0,"pct":0}}
,"/Users/Arief/Desktop/378x492/frontend/src/components/evidence/FolderTree.tsx": {"lines":{"total":25,"covered":0,"skipped":0,"pct":0},"functions":{"total":8,"covered":0,"skipped":0,"pct":0},"statements":{"total":28,"covered":0,"skipped":0,"pct":0},"branches":{"total":21,"covered":0,"skipped":0,"pct":0}}
,"/Users/Arief/Desktop/378x492/frontend/src/components/evidence/ForensicCanvas.tsx": {"lines":{"total":23,"covered":0,"skipped":0,"pct":0},"functions":{"total":10,"covered":0,"skipped":0,"pct":0},"statements":{"total":25,"covered":0,"skipped":0,"pct":0},"branches":{"total":27,"covered":0,"skipped":0,"pct":0}}
,"/Users/Arief/Desktop/378x492/frontend/src/components/evidence/HypothesisBoard.tsx": {"lines":{"total":21,"covered":0,"skipped":0,"pct":0},"functions":{"total":12,"covered":0,"skipped":0,"pct":0},"statements":{"total":22,"covered":0,"skipped":0,"pct":0},"branches":{"total":0,"covered":0,"skipped":0,"pct":100}}
,"/Users/Arief/Desktop/378x492/frontend/src/components/evidence/MensReaAnalyzer.tsx": {"lines":{"total":12,"covered":0,"skipped":0,"pct":0},"functions":{"total":7,"covered":0,"skipped":0,"pct":0},"statements":{"total":15,"covered":0,"skipped":0,"pct":0},"branches":{"total":11,"covered":0,"skipped":0,"pct":0}}
,"/Users/Arief/Desktop/378x492/frontend/src/components/evidence/MultimodalAnalysisResults.tsx": {"lines":{"total":10,"covered":0,"skipped":0,"pct":0},"functions":{"total":4,"covered":0,"skipped":0,"pct":0},"statements":{"total":12,"covered":0,"skipped":0,"pct":0},"branches":{"total":9,"covered":0,"skipped":0,"pct":0}}
,"/Users/Arief/Desktop/378x492/frontend/src/components/evidence/TamperDetector.tsx": {"lines":{"total":14,"covered":0,"skipped":0,"pct":0},"functions":{"total":3,"covered":0,"skipped":0,"pct":0},"statements":{"total":15,"covered":0,"skipped":0,"pct":0},"branches":{"total":20,"covered":0,"skipped":0,"pct":0}}
,"/Users/Arief/Desktop/378x492/frontend/src/components/evidence/UploadWizard.tsx": {"lines":{"total":65,"covered":0,"skipped":0,"pct":0},"functions":{"total":21,"covered":0,"skipped":0,"pct":0},"statements":{"total":72,"covered":0,"skipped":0,"pct":0},"branches":{"total":46,"covered":0,"skipped":0,"pct":0}}
,"/Users/Arief/Desktop/378x492/frontend/src/components/forensics/EvidenceList.tsx": {"lines":{"total":6,"covered":0,"skipped":0,"pct":0},"functions":{"total":3,"covered":0,"skipped":0,"pct":0},"statements":{"total":6,"covered":0,"skipped":0,"pct":0},"branches":{"total":2,"covered":0,"skipped":0,"pct":0}}
,"/Users/Arief/Desktop/378x492/frontend/src/components/forensics/EvidenceViewer.tsx": {"lines":{"total":6,"covered":0,"skipped":0,"pct":0},"functions":{"total":1,"covered":0,"skipped":0,"pct":0},"statements":{"total":6,"covered":0,"skipped":0,"pct":0},"branches":{"total":1,"covered":0,"skipped":0,"pct":0}}
,"/Users/Arief/Desktop/378x492/frontend/src/components/forensics/ForensicsErrorState.tsx": {"lines":{"total":6,"covered":0,"skipped":0,"pct":0},"functions":{"total":1,"covered":0,"skipped":0,"pct":0},"statements":{"total":6,"covered":0,"skipped":0,"pct":0},"branches":{"total":0,"covered":0,"skipped":0,"pct":100}}
,"/Users/Arief/Desktop/378x492/frontend/src/components/forensics/ForensicsLayout.tsx": {"lines":{"total":29,"covered":0,"skipped":0,"pct":0},"functions":{"total":6,"covered":0,"skipped":0,"pct":0},"statements":{"total":30,"covered":0,"skipped":0,"pct":0},"branches":{"total":20,"covered":0,"skipped":0,"pct":0}}
,"/Users/Arief/Desktop/378x492/frontend/src/components/forensics/ForensicsSkeleton.tsx": {"lines":{"total":4,"covered":0,"skipped":0,"pct":0},"functions":{"total":1,"covered":0,"skipped":0,"pct":0},"statements":{"total":4,"covered":0,"skipped":0,"pct":0},"branches":{"total":0,"covered":0,"skipped":0,"pct":100}}
,"/Users/Arief/Desktop/378x492/frontend/src/components/forensics/ForensicsToolbar.tsx": {"lines":{"total":6,"covered":0,"skipped":0,"pct":0},"functions":{"total":2,"covered":0,"skipped":0,"pct":0},"statements":{"total":6,"covered":0,"skipped":0,"pct":0},"branches":{"total":0,"covered":0,"skipped":0,"pct":100}}
,"/Users/Arief/Desktop/378x492/frontend/src/components/forensics/PdfViewer.tsx": {"lines":{"total":50,"covered":0,"skipped":0,"pct":0},"functions":{"total":18,"covered":0,"skipped":0,"pct":0},"statements":{"total":52,"covered":0,"skipped":0,"pct":0},"branches":{"total":12,"covered":0,"skipped":0,"pct":0}}
,"/Users/Arief/Desktop/378x492/frontend/src/components/forensics/index.ts": {"lines":{"total":6,"covered":0,"skipped":0,"pct":0},"functions":{"total":6,"covered":0,"skipped":0,"pct":0},"statements":{"total":12,"covered":0,"skipped":0,"pct":0},"branches":{"total":0,"covered":0,"skipped":0,"pct":100}}
,"/Users/Arief/Desktop/378x492/frontend/src/components/fraud/FraudRuleBuilder.tsx": {"lines":{"total":59,"covered":0,"skipped":0,"pct":0},"functions":{"total":18,"covered":0,"skipped":0,"pct":0},"statements":{"total":61,"covered":0,"skipped":0,"pct":0},"branches":{"total":29,"covered":0,"skipped":0,"pct":0}}
,"/Users/Arief/Desktop/378x492/frontend/src/components/graph/EntityGraph3DWebGL.tsx": {"lines":{"total":15,"covered":0,"skipped":0,"pct":0},"functions":{"total":2,"covered":0,"skipped":0,"pct":0},"statements":{"total":15,"covered":0,"skipped":0,"pct":0},"branches":{"total":7,"covered":0,"skipped":0,"pct":0}}
,"/Users/Arief/Desktop/378x492/frontend/src/components/i18n/LanguageSelector.tsx": {"lines":{"total":11,"covered":0,"skipped":0,"pct":0},"functions":{"total":3,"covered":0,"skipped":0,"pct":0},"statements":{"total":11,"covered":0,"skipped":0,"pct":0},"branches":{"total":2,"covered":0,"skipped":0,"pct":0}}
,"/Users/Arief/Desktop/378x492/frontend/src/components/i18n/LanguageSwitcher.tsx": {"lines":{"total":12,"covered":6,"skipped":0,"pct":50},"functions":{"total":4,"covered":0,"skipped":0,"pct":0},"statements":{"total":13,"covered":7,"skipped":0,"pct":53.84},"branches":{"total":0,"covered":0,"skipped":0,"pct":100}}
,"/Users/Arief/Desktop/378x492/frontend/src/components/i18n/index.ts": {"lines":{"total":1,"covered":0,"skipped":0,"pct":0},"functions":{"total":1,"covered":0,"skipped":0,"pct":0},"statements":{"total":2,"covered":0,"skipped":0,"pct":0},"branches":{"total":0,"covered":0,"skipped":0,"pct":100}}
,"/Users/Arief/Desktop/378x492/frontend/src/components/ingestion/DataMapping.tsx": {"lines":{"total":37,"covered":0,"skipped":0,"pct":0},"functions":{"total":16,"covered":0,"skipped":0,"pct":0},"statements":{"total":41,"covered":0,"skipped":0,"pct":0},"branches":{"total":19,"covered":0,"skipped":0,"pct":0}}
,"/Users/Arief/Desktop/378x492/frontend/src/components/ingestion/IngestionStepper.tsx": {"lines":{"total":77,"covered":0,"skipped":0,"pct":0},"functions":{"total":16,"covered":0,"skipped":0,"pct":0},"statements":{"total":83,"covered":0,"skipped":0,"pct":0},"branches":{"total":49,"covered":0,"skipped":0,"pct":0}}
,"/Users/Arief/Desktop/378x492/frontend/src/components/integration/AnalyticsTab.tsx": {"lines":{"total":7,"covered":0,"skipped":0,"pct":0},"functions":{"total":2,"covered":0,"skipped":0,"pct":0},"statements":{"total":7,"covered":0,"skipped":0,"pct":0},"branches":{"total":4,"covered":0,"skipped":0,"pct":0}}
,"/Users/Arief/Desktop/378x492/frontend/src/components/integration/EventBusTab.tsx": {"lines":{"total":6,"covered":0,"skipped":0,"pct":0},"functions":{"total":1,"covered":0,"skipped":0,"pct":0},"statements":{"total":6,"covered":0,"skipped":0,"pct":0},"branches":{"total":0,"covered":0,"skipped":0,"pct":100}}
,"/Users/Arief/Desktop/378x492/frontend/src/components/integration/GraphQLTab.tsx": {"lines":{"total":6,"covered":0,"skipped":0,"pct":0},"functions":{"total":1,"covered":0,"skipped":0,"pct":0},"statements":{"total":6,"covered":0,"skipped":0,"pct":0},"branches":{"total":0,"covered":0,"skipped":0,"pct":100}}
,"/Users/Arief/Desktop/378x492/frontend/src/components/integration/IntegrationsTab.tsx": {"lines":{"total":29,"covered":0,"skipped":0,"pct":0},"functions":{"total":7,"covered":0,"skipped":0,"pct":0},"statements":{"total":29,"covered":0,"skipped":0,"pct":0},"branches":{"total":20,"covered":0,"skipped":0,"pct":0}}
,"/Users/Arief/Desktop/378x492/frontend/src/components/integration/MarketplaceTab.tsx": {"lines":{"total":6,"covered":0,"skipped":0,"pct":0},"functions":{"total":1,"covered":0,"skipped":0,"pct":0},"statements":{"total":6,"covered":0,"skipped":0,"pct":0},"branches":{"total":0,"covered":0,"skipped":0,"pct":100}}
,"/Users/Arief/Desktop/378x492/frontend/src/components/integration/OverviewTab.tsx": {"lines":{"total":6,"covered":0,"skipped":0,"pct":0},"functions":{"total":1,"covered":0,"skipped":0,"pct":0},"statements":{"total":6,"covered":0,"skipped":0,"pct":0},"branches":{"total":0,"covered":0,"skipped":0,"pct":100}}
,"/Users/Arief/Desktop/378x492/frontend/src/components/intelligence/AutoReportGenerator.tsx": {"lines":{"total":78,"covered":0,"skipped":0,"pct":0},"functions":{"total":28,"covered":0,"skipped":0,"pct":0},"statements":{"total":88,"covered":0,"skipped":0,"pct":0},"branches":{"total":37,"covered":0,"skipped":0,"pct":0}}
,"/Users/Arief/Desktop/378x492/frontend/src/components/intelligence/CourtDocumentGenerator.tsx": {"lines":{"total":78,"covered":0,"skipped":0,"pct":0},"functions":{"total":33,"covered":0,"skipped":0,"pct":0},"statements":{"total":86,"covered":0,"skipped":0,"pct":0},"branches":{"total":29,"covered":0,"skipped":0,"pct":0}}
,"/Users/Arief/Desktop/378x492/frontend/src/components/intelligence/PredictiveDashboard.tsx": {"lines":{"total":65,"covered":0,"skipped":0,"pct":0},"functions":{"total":23,"covered":0,"skipped":0,"pct":0},"statements":{"total":76,"covered":0,"skipped":0,"pct":0},"branches":{"total":31,"covered":0,"skipped":0,"pct":0}}
,"/Users/Arief/Desktop/378x492/frontend/src/components/investigation/CanvasArea.tsx": {"lines":{"total":3,"covered":2,"skipped":0,"pct":66.66},"functions":{"total":1,"covered":0,"skipped":0,"pct":0},"statements":{"total":4,"covered":3,"skipped":0,"pct":75},"branches":{"total":0,"covered":0,"skipped":0,"pct":100}}
,"/Users/Arief/Desktop/378x492/frontend/src/components/investigation/EntityForm.tsx": {"lines":{"total":15,"covered":7,"skipped":0,"pct":46.66},"functions":{"total":8,"covered":0,"skipped":0,"pct":0},"statements":{"total":18,"covered":7,"skipped":0,"pct":38.88},"branches":{"total":2,"covered":0,"skipped":0,"pct":0}}
,"/Users/Arief/Desktop/378x492/frontend/src/components/investigation/EntityNode.tsx": {"lines":{"total":41,"covered":8,"skipped":0,"pct":19.51},"functions":{"total":7,"covered":0,"skipped":0,"pct":0},"statements":{"total":42,"covered":9,"skipped":0,"pct":21.42},"branches":{"total":55,"covered":0,"skipped":0,"pct":0}}
,"/Users/Arief/Desktop/378x492/frontend/src/components/investigation/EntityRegistry.tsx": {"lines":{"total":40,"covered":0,"skipped":0,"pct":0},"functions":{"total":10,"covered":0,"skipped":0,"pct":0},"statements":{"total":41,"covered":0,"skipped":0,"pct":0},"branches":{"total":20,"covered":0,"skipped":0,"pct":0}}
,"/Users/Arief/Desktop/378x492/frontend/src/components/investigation/EvidenceItem.tsx": {"lines":{"total":16,"covered":5,"skipped":0,"pct":31.25},"functions":{"total":2,"covered":0,"skipped":0,"pct":0},"statements":{"total":17,"covered":6,"skipped":0,"pct":35.29},"branches":{"total":9,"covered":0,"skipped":0,"pct":0}}
,"/Users/Arief/Desktop/378x492/frontend/src/components/investigation/GraphCanvas.tsx": {"lines":{"total":44,"covered":0,"skipped":0,"pct":0},"functions":{"total":11,"covered":0,"skipped":0,"pct":0},"statements":{"total":47,"covered":0,"skipped":0,"pct":0},"branches":{"total":28,"covered":0,"skipped":0,"pct":0}}
,"/Users/Arief/Desktop/378x492/frontend/src/components/investigation/InvestigationCanvas.tsx": {"lines":{"total":129,"covered":22,"skipped":0,"pct":17.05},"functions":{"total":59,"covered":6,"skipped":0,"pct":10.16},"statements":{"total":149,"covered":26,"skipped":0,"pct":17.44},"branches":{"total":94,"covered":0,"skipped":0,"pct":0}}
,"/Users/Arief/Desktop/378x492/frontend/src/components/investigation/InvestigationSkeleton.tsx": {"lines":{"total":4,"covered":0,"skipped":0,"pct":0},"functions":{"total":2,"covered":0,"skipped":0,"pct":0},"statements":{"total":4,"covered":0,"skipped":0,"pct":0},"branches":{"total":0,"covered":0,"skipped":0,"pct":100}}
,"/Users/Arief/Desktop/378x492/frontend/src/components/investigation/InvestigationWizard.tsx": {"lines":{"total":44,"covered":0,"skipped":0,"pct":0},"functions":{"total":16,"covered":0,"skipped":0,"pct":0},"statements":{"total":45,"covered":0,"skipped":0,"pct":0},"branches":{"total":51,"covered":0,"skipped":0,"pct":0}}
,"/Users/Arief/Desktop/378x492/frontend/src/components/investigation/NodeInspector.tsx": {"lines":{"total":22,"covered":0,"skipped":0,"pct":0},"functions":{"total":4,"covered":0,"skipped":0,"pct":0},"statements":{"total":23,"covered":0,"skipped":0,"pct":0},"branches":{"total":18,"covered":0,"skipped":0,"pct":0}}
,"/Users/Arief/Desktop/378x492/frontend/src/components/investigation/PathfindingVisualizer.tsx": {"lines":{"total":67,"covered":0,"skipped":0,"pct":0},"functions":{"total":19,"covered":0,"skipped":0,"pct":0},"statements":{"total":74,"covered":0,"skipped":0,"pct":0},"branches":{"total":36,"covered":0,"skipped":0,"pct":0}}
,"/Users/Arief/Desktop/378x492/frontend/src/components/investigation/RelationshipForm.tsx": {"lines":{"total":16,"covered":8,"skipped":0,"pct":50},"functions":{"total":8,"covered":0,"skipped":0,"pct":0},"statements":{"total":19,"covered":8,"skipped":0,"pct":42.1},"branches":{"total":4,"covered":0,"skipped":0,"pct":0}}
,"/Users/Arief/Desktop/378x492/frontend/src/components/investigation/ThreeDGraph.tsx": {"lines":{"total":63,"covered":0,"skipped":0,"pct":0},"functions":{"total":8,"covered":0,"skipped":0,"pct":0},"statements":{"total":66,"covered":0,"skipped":0,"pct":0},"branches":{"total":14,"covered":0,"skipped":0,"pct":0}}
,"/Users/Arief/Desktop/378x492/frontend/src/components/layout/AppLayout.tsx": {"lines":{"total":8,"covered":0,"skipped":0,"pct":0},"functions":{"total":1,"covered":0,"skipped":0,"pct":0},"statements":{"total":9,"covered":0,"skipped":0,"pct":0},"branches":{"total":0,"covered":0,"skipped":0,"pct":100}}
,"/Users/Arief/Desktop/378x492/frontend/src/components/layout/Header.tsx": {"lines":{"total":31,"covered":0,"skipped":0,"pct":0},"functions":{"total":8,"covered":0,"skipped":0,"pct":0},"statements":{"total":34,"covered":0,"skipped":0,"pct":0},"branches":{"total":7,"covered":0,"skipped":0,"pct":0}}
,"/Users/Arief/Desktop/378x492/frontend/src/components/layout/SecondaryNav.tsx": {"lines":{"total":28,"covered":0,"skipped":0,"pct":0},"functions":{"total":8,"covered":0,"skipped":0,"pct":0},"statements":{"total":33,"covered":0,"skipped":0,"pct":0},"branches":{"total":26,"covered":0,"skipped":0,"pct":0}}
,"/Users/Arief/Desktop/378x492/frontend/src/components/layout/Sidebar.tsx": {"lines":{"total":25,"covered":0,"skipped":0,"pct":0},"functions":{"total":6,"covered":0,"skipped":0,"pct":0},"statements":{"total":26,"covered":0,"skipped":0,"pct":0},"branches":{"total":22,"covered":0,"skipped":0,"pct":0}}
,"/Users/Arief/Desktop/378x492/frontend/src/components/layout/SystemOrchestrator.tsx": {"lines":{"total":19,"covered":0,"skipped":0,"pct":0},"functions":{"total":6,"covered":0,"skipped":0,"pct":0},"statements":{"total":20,"covered":0,"skipped":0,"pct":0},"branches":{"total":4,"covered":0,"skipped":0,"pct":0}}
,"/Users/Arief/Desktop/378x492/frontend/src/components/monitoring/MonitoringDashboard.tsx": {"lines":{"total":42,"covered":0,"skipped":0,"pct":0},"functions":{"total":9,"covered":0,"skipped":0,"pct":0},"statements":{"total":42,"covered":0,"skipped":0,"pct":0},"branches":{"total":25,"covered":0,"skipped":0,"pct":0}}
,"/Users/Arief/Desktop/378x492/frontend/src/components/monitoring/PerformanceDashboard.tsx": {"lines":{"total":71,"covered":0,"skipped":0,"pct":0},"functions":{"total":15,"covered":0,"skipped":0,"pct":0},"statements":{"total":81,"covered":0,"skipped":0,"pct":0},"branches":{"total":73,"covered":0,"skipped":0,"pct":0}}
,"/Users/Arief/Desktop/378x492/frontend/src/components/monitoring/SystemOrchestrationDashboard.tsx": {"lines":{"total":43,"covered":0,"skipped":0,"pct":0},"functions":{"total":8,"covered":0,"skipped":0,"pct":0},"statements":{"total":44,"covered":0,"skipped":0,"pct":0},"branches":{"total":65,"covered":0,"skipped":0,"pct":0}}
,"/Users/Arief/Desktop/378x492/frontend/src/components/onboarding/TourGuide.tsx": {"lines":{"total":16,"covered":0,"skipped":0,"pct":0},"functions":{"total":5,"covered":0,"skipped":0,"pct":0},"statements":{"total":20,"covered":0,"skipped":0,"pct":0},"branches":{"total":9,"covered":0,"skipped":0,"pct":0}}
,"/Users/Arief/Desktop/378x492/frontend/src/components/performance/PerformanceDashboard.tsx": {"lines":{"total":33,"covered":0,"skipped":0,"pct":0},"functions":{"total":14,"covered":0,"skipped":0,"pct":0},"statements":{"total":39,"covered":0,"skipped":0,"pct":0},"branches":{"total":18,"covered":0,"skipped":0,"pct":0}}
,"/Users/Arief/Desktop/378x492/frontend/src/components/recon/ExceptionQueue.tsx": {"lines":{"total":11,"covered":0,"skipped":0,"pct":0},"functions":{"total":5,"covered":0,"skipped":0,"pct":0},"statements":{"total":12,"covered":0,"skipped":0,"pct":0},"branches":{"total":5,"covered":0,"skipped":0,"pct":0}}
,"/Users/Arief/Desktop/378x492/frontend/src/components/recon/MatchCanvas.tsx": {"lines":{"total":59,"covered":0,"skipped":0,"pct":0},"functions":{"total":19,"covered":0,"skipped":0,"pct":0},"statements":{"total":63,"covered":0,"skipped":0,"pct":0},"branches":{"total":18,"covered":0,"skipped":0,"pct":0}}
,"/Users/Arief/Desktop/378x492/frontend/src/components/recon/TransactionCard.tsx": {"lines":{"total":12,"covered":0,"skipped":0,"pct":0},"functions":{"total":2,"covered":0,"skipped":0,"pct":0},"statements":{"total":13,"covered":0,"skipped":0,"pct":0},"branches":{"total":20,"covered":0,"skipped":0,"pct":0}}
,"/Users/Arief/Desktop/378x492/frontend/src/components/reporting/AIWriter.tsx": {"lines":{"total":32,"covered":0,"skipped":0,"pct":0},"functions":{"total":11,"covered":0,"skipped":0,"pct":0},"statements":{"total":35,"covered":0,"skipped":0,"pct":0},"branches":{"total":20,"covered":0,"skipped":0,"pct":0}}
,"/Users/Arief/Desktop/378x492/frontend/src/components/reporting/AutoReportGenerator.tsx": {"lines":{"total":18,"covered":0,"skipped":0,"pct":0},"functions":{"total":3,"covered":0,"skipped":0,"pct":0},"statements":{"total":19,"covered":0,"skipped":0,"pct":0},"branches":{"total":4,"covered":0,"skipped":0,"pct":0}}
,"/Users/Arief/Desktop/378x492/frontend/src/components/reporting/ConclusionWizard.tsx": {"lines":{"total":21,"covered":0,"skipped":0,"pct":0},"functions":{"total":8,"covered":0,"skipped":0,"pct":0},"statements":{"total":22,"covered":0,"skipped":0,"pct":0},"branches":{"total":27,"covered":0,"skipped":0,"pct":0}}
,"/Users/Arief/Desktop/378x492/frontend/src/components/reporting/DossierExport.tsx": {"lines":{"total":23,"covered":0,"skipped":0,"pct":0},"functions":{"total":9,"covered":0,"skipped":0,"pct":0},"statements":{"total":26,"covered":0,"skipped":0,"pct":0},"branches":{"total":10,"covered":0,"skipped":0,"pct":0}}
,"/Users/Arief/Desktop/378x492/frontend/src/components/reporting/FinancialHealth.tsx": {"lines":{"total":42,"covered":0,"skipped":0,"pct":0},"functions":{"total":11,"covered":0,"skipped":0,"pct":0},"statements":{"total":45,"covered":0,"skipped":0,"pct":0},"branches":{"total":43,"covered":0,"skipped":0,"pct":0}}
,"/Users/Arief/Desktop/378x492/frontend/src/components/reporting/KeyFindings.tsx": {"lines":{"total":19,"covered":0,"skipped":0,"pct":0},"functions":{"total":8,"covered":0,"skipped":0,"pct":0},"statements":{"total":21,"covered":0,"skipped":0,"pct":0},"branches":{"total":24,"covered":0,"skipped":0,"pct":0}}
,"/Users/Arief/Desktop/378x492/frontend/src/components/reporting/ProjectTracker.tsx": {"lines":{"total":30,"covered":0,"skipped":0,"pct":0},"functions":{"total":6,"covered":0,"skipped":0,"pct":0},"statements":{"total":32,"covered":0,"skipped":0,"pct":0},"branches":{"total":18,"covered":0,"skipped":0,"pct":0}}
,"/Users/Arief/Desktop/378x492/frontend/src/components/reporting/ReportBuilder.tsx": {"lines":{"total":16,"covered":0,"skipped":0,"pct":0},"functions":{"total":4,"covered":0,"skipped":0,"pct":0},"statements":{"total":16,"covered":0,"skipped":0,"pct":0},"branches":{"total":14,"covered":0,"skipped":0,"pct":0}}
,"/Users/Arief/Desktop/378x492/frontend/src/components/reporting/SuccessBanner.tsx": {"lines":{"total":11,"covered":0,"skipped":0,"pct":0},"functions":{"total":2,"covered":0,"skipped":0,"pct":0},"statements":{"total":11,"covered":0,"skipped":0,"pct":0},"branches":{"total":6,"covered":0,"skipped":0,"pct":0}}
,"/Users/Arief/Desktop/378x492/frontend/src/components/reporting/SummaryPreview.tsx": {"lines":{"total":9,"covered":0,"skipped":0,"pct":0},"functions":{"total":1,"covered":0,"skipped":0,"pct":0},"statements":{"total":9,"covered":0,"skipped":0,"pct":0},"branches":{"total":0,"covered":0,"skipped":0,"pct":100}}
,"/Users/Arief/Desktop/378x492/frontend/src/components/settings/AccessibilitySettings.tsx": {"lines":{"total":4,"covered":3,"skipped":0,"pct":75},"functions":{"total":1,"covered":0,"skipped":0,"pct":0},"statements":{"total":4,"covered":3,"skipped":0,"pct":75},"branches":{"total":0,"covered":0,"skipped":0,"pct":100}}
,"/Users/Arief/Desktop/378x492/frontend/src/components/settings/AuditLogViewer.tsx": {"lines":{"total":55,"covered":0,"skipped":0,"pct":0},"functions":{"total":12,"covered":0,"skipped":0,"pct":0},"statements":{"total":58,"covered":0,"skipped":0,"pct":0},"branches":{"total":32,"covered":0,"skipped":0,"pct":0}}
,"/Users/Arief/Desktop/378x492/frontend/src/components/settings/GeneralSettings.tsx": {"lines":{"total":44,"covered":7,"skipped":0,"pct":15.9},"functions":{"total":11,"covered":0,"skipped":0,"pct":0},"statements":{"total":46,"covered":7,"skipped":0,"pct":15.21},"branches":{"total":15,"covered":0,"skipped":0,"pct":0}}
,"/Users/Arief/Desktop/378x492/frontend/src/components/settings/HealthGauges.tsx": {"lines":{"total":27,"covered":0,"skipped":0,"pct":0},"functions":{"total":6,"covered":0,"skipped":0,"pct":0},"statements":{"total":30,"covered":0,"skipped":0,"pct":0},"branches":{"total":18,"covered":0,"skipped":0,"pct":0}}
,"/Users/Arief/Desktop/378x492/frontend/src/components/settings/NotificationSettings.tsx": {"lines":{"total":4,"covered":3,"skipped":0,"pct":75},"functions":{"total":1,"covered":0,"skipped":0,"pct":0},"statements":{"total":4,"covered":3,"skipped":0,"pct":75},"branches":{"total":0,"covered":0,"skipped":0,"pct":100}}
,"/Users/Arief/Desktop/378x492/frontend/src/components/settings/PermissionMatrix.tsx": {"lines":{"total":41,"covered":0,"skipped":0,"pct":0},"functions":{"total":13,"covered":0,"skipped":0,"pct":0},"statements":{"total":45,"covered":0,"skipped":0,"pct":0},"branches":{"total":41,"covered":0,"skipped":0,"pct":0}}
,"/Users/Arief/Desktop/378x492/frontend/src/components/settings/RuleBuilder.tsx": {"lines":{"total":33,"covered":7,"skipped":0,"pct":21.21},"functions":{"total":19,"covered":0,"skipped":0,"pct":0},"statements":{"total":36,"covered":7,"skipped":0,"pct":19.44},"branches":{"total":14,"covered":0,"skipped":0,"pct":0}}
,"/Users/Arief/Desktop/378x492/frontend/src/components/settings/SecuritySettings.tsx": {"lines":{"total":4,"covered":3,"skipped":0,"pct":75},"functions":{"total":1,"covered":0,"skipped":0,"pct":0},"statements":{"total":4,"covered":3,"skipped":0,"pct":75},"branches":{"total":0,"covered":0,"skipped":0,"pct":100}}
,"/Users/Arief/Desktop/378x492/frontend/src/components/settings/SettingsErrorState.tsx": {"lines":{"total":6,"covered":5,"skipped":0,"pct":83.33},"functions":{"total":1,"covered":0,"skipped":0,"pct":0},"statements":{"total":6,"covered":5,"skipped":0,"pct":83.33},"branches":{"total":0,"covered":0,"skipped":0,"pct":100}}
,"/Users/Arief/Desktop/378x492/frontend/src/components/settings/SettingsHeader.tsx": {"lines":{"total":5,"covered":4,"skipped":0,"pct":80},"functions":{"total":1,"covered":0,"skipped":0,"pct":0},"statements":{"total":5,"covered":4,"skipped":0,"pct":80},"branches":{"total":0,"covered":0,"skipped":0,"pct":100}}
,"/Users/Arief/Desktop/378x492/frontend/src/components/settings/SettingsLayout.tsx": {"lines":{"total":37,"covered":18,"skipped":0,"pct":48.64},"functions":{"total":20,"covered":14,"skipped":0,"pct":70},"statements":{"total":45,"covered":25,"skipped":0,"pct":55.55},"branches":{"total":11,"covered":0,"skipped":0,"pct":0}}
,"/Users/Arief/Desktop/378x492/frontend/src/components/settings/SettingsNavigation.tsx": {"lines":{"total":6,"covered":3,"skipped":0,"pct":50},"functions":{"total":3,"covered":0,"skipped":0,"pct":0},"statements":{"total":6,"covered":3,"skipped":0,"pct":50},"branches":{"total":2,"covered":0,"skipped":0,"pct":0}}
,"/Users/Arief/Desktop/378x492/frontend/src/components/settings/SettingsSkeleton.tsx": {"lines":{"total":5,"covered":3,"skipped":0,"pct":60},"functions":{"total":2,"covered":0,"skipped":0,"pct":0},"statements":{"total":5,"covered":3,"skipped":0,"pct":60},"branches":{"total":0,"covered":0,"skipped":0,"pct":100}}
,"/Users/Arief/Desktop/378x492/frontend/src/components/settings/SystemSettings.tsx": {"lines":{"total":4,"covered":3,"skipped":0,"pct":75},"functions":{"total":1,"covered":0,"skipped":0,"pct":0},"statements":{"total":4,"covered":3,"skipped":0,"pct":75},"branches":{"total":0,"covered":0,"skipped":0,"pct":100}}
,"/Users/Arief/Desktop/378x492/frontend/src/components/settings/index.ts": {"lines":{"total":10,"covered":0,"skipped":0,"pct":0},"functions":{"total":10,"covered":0,"skipped":0,"pct":0},"statements":{"total":20,"covered":0,"skipped":0,"pct":0},"branches":{"total":0,"covered":0,"skipped":0,"pct":100}}
,"/Users/Arief/Desktop/378x492/frontend/src/components/settings/i18n/LanguageSwitcher.tsx": {"lines":{"total":3,"covered":0,"skipped":0,"pct":0},"functions":{"total":1,"covered":0,"skipped":0,"pct":0},"statements":{"total":4,"covered":0,"skipped":0,"pct":0},"branches":{"total":0,"covered":0,"skipped":0,"pct":100}}
,"/Users/Arief/Desktop/378x492/frontend/src/components/ui/AIInsights.tsx": {"lines":{"total":54,"covered":0,"skipped":0,"pct":0},"functions":{"total":10,"covered":0,"skipped":0,"pct":0},"statements":{"total":58,"covered":0,"skipped":0,"pct":0},"branches":{"total":19,"covered":0,"skipped":0,"pct":0}}
,"/Users/Arief/Desktop/378x492/frontend/src/components/ui/AccessibleButton.tsx": {"lines":{"total":13,"covered":12,"skipped":0,"pct":92.3},"functions":{"total":2,"covered":2,"skipped":0,"pct":100},"statements":{"total":13,"covered":12,"skipped":0,"pct":92.3},"branches":{"total":25,"covered":15,"skipped":0,"pct":60}}
,"/Users/Arief/Desktop/378x492/frontend/src/components/ui/AccessibleModal.tsx": {"lines":{"total":36,"covered":0,"skipped":0,"pct":0},"functions":{"total":8,"covered":0,"skipped":0,"pct":0},"statements":{"total":40,"covered":0,"skipped":0,"pct":0},"branches":{"total":24,"covered":0,"skipped":0,"pct":0}}
,"/Users/Arief/Desktop/378x492/frontend/src/components/ui/AgentStatusStream.tsx": {"lines":{"total":18,"covered":4,"skipped":0,"pct":22.22},"functions":{"total":6,"covered":0,"skipped":0,"pct":0},"statements":{"total":20,"covered":5,"skipped":0,"pct":25},"branches":{"total":6,"covered":0,"skipped":0,"pct":0}}
,"/Users/Arief/Desktop/378x492/frontend/src/components/ui/Alert.tsx": {"lines":{"total":14,"covered":11,"skipped":0,"pct":78.57},"functions":{"total":3,"covered":0,"skipped":0,"pct":0},"statements":{"total":16,"covered":13,"skipped":0,"pct":81.25},"branches":{"total":0,"covered":0,"skipped":0,"pct":100}}
,"/Users/Arief/Desktop/378x492/frontend/src/components/ui/Avatar.tsx": {"lines":{"total":12,"covered":0,"skipped":0,"pct":0},"functions":{"total":3,"covered":0,"skipped":0,"pct":0},"statements":{"total":14,"covered":0,"skipped":0,"pct":0},"branches":{"total":2,"covered":0,"skipped":0,"pct":0}}
,"/Users/Arief/Desktop/378x492/frontend/src/components/ui/Badge.tsx": {"lines":{"total":6,"covered":5,"skipped":0,"pct":83.33},"functions":{"total":1,"covered":0,"skipped":0,"pct":0},"statements":{"total":7,"covered":6,"skipped":0,"pct":85.71},"branches":{"total":0,"covered":0,"skipped":0,"pct":100}}
,"/Users/Arief/Desktop/378x492/frontend/src/components/ui/Breadcrumbs.tsx": {"lines":{"total":45,"covered":0,"skipped":0,"pct":0},"functions":{"total":3,"covered":0,"skipped":0,"pct":0},"statements":{"total":46,"covered":0,"skipped":0,"pct":0},"branches":{"total":20,"covered":0,"skipped":0,"pct":0}}
,"/Users/Arief/Desktop/378x492/frontend/src/components/ui/Button.tsx": {"lines":{"total":8,"covered":7,"skipped":0,"pct":87.5},"functions":{"total":1,"covered":0,"skipped":0,"pct":0},"statements":{"total":9,"covered":8,"skipped":0,"pct":88.88},"branches":{"total":1,"covered":0,"skipped":0,"pct":0}}
,"/Users/Arief/Desktop/378x492/frontend/src/components/ui/Card.tsx": {"lines":{"total":21,"covered":15,"skipped":0,"pct":71.42},"functions":{"total":6,"covered":0,"skipped":0,"pct":0},"statements":{"total":26,"covered":20,"skipped":0,"pct":76.92},"branches":{"total":0,"covered":0,"skipped":0,"pct":100}}
,"/Users/Arief/Desktop/378x492/frontend/src/components/ui/Checkbox.tsx": {"lines":{"total":8,"covered":0,"skipped":0,"pct":0},"functions":{"total":1,"covered":0,"skipped":0,"pct":0},"statements":{"total":8,"covered":0,"skipped":0,"pct":0},"branches":{"total":0,"covered":0,"skipped":0,"pct":100}}
,"/Users/Arief/Desktop/378x492/frontend/src/components/ui/DataGrid.tsx": {"lines":{"total":19,"covered":7,"skipped":0,"pct":36.84},"functions":{"total":10,"covered":0,"skipped":0,"pct":0},"statements":{"total":19,"covered":7,"skipped":0,"pct":36.84},"branches":{"total":43,"covered":0,"skipped":0,"pct":0}}
,"/Users/Arief/Desktop/378x492/frontend/src/components/ui/Dialog.tsx": {"lines":{"total":21,"covered":9,"skipped":0,"pct":42.85},"functions":{"total":9,"covered":0,"skipped":0,"pct":0},"statements":{"total":22,"covered":9,"skipped":0,"pct":40.9},"branches":{"total":4,"covered":0,"skipped":0,"pct":0}}
,"/Users/Arief/Desktop/378x492/frontend/src/components/ui/DraftPreview.tsx": {"lines":{"total":5,"covered":0,"skipped":0,"pct":0},"functions":{"total":1,"covered":0,"skipped":0,"pct":0},"statements":{"total":6,"covered":0,"skipped":0,"pct":0},"branches":{"total":5,"covered":0,"skipped":0,"pct":0}}
,"/Users/Arief/Desktop/378x492/frontend/src/components/ui/FileDropZone.tsx": {"lines":{"total":28,"covered":0,"skipped":0,"pct":0},"functions":{"total":8,"covered":0,"skipped":0,"pct":0},"statements":{"total":28,"covered":0,"skipped":0,"pct":0},"branches":{"total":12,"covered":0,"skipped":0,"pct":0}}
,"/Users/Arief/Desktop/378x492/frontend/src/components/ui/Input.tsx": {"lines":{"total":6,"covered":5,"skipped":0,"pct":83.33},"functions":{"total":1,"covered":0,"skipped":0,"pct":0},"statements":{"total":6,"covered":5,"skipped":0,"pct":83.33},"branches":{"total":0,"covered":0,"skipped":0,"pct":100}}
,"/Users/Arief/Desktop/378x492/frontend/src/components/ui/KeyboardShortcutsModal.tsx": {"lines":{"total":15,"covered":0,"skipped":0,"pct":0},"functions":{"total":8,"covered":0,"skipped":0,"pct":0},"statements":{"total":19,"covered":0,"skipped":0,"pct":0},"branches":{"total":8,"covered":0,"skipped":0,"pct":0}}
,"/Users/Arief/Desktop/378x492/frontend/src/components/ui/Label.tsx": {"lines":{"total":9,"covered":8,"skipped":0,"pct":88.88},"functions":{"total":1,"covered":0,"skipped":0,"pct":0},"statements":{"total":9,"covered":8,"skipped":0,"pct":88.88},"branches":{"total":0,"covered":0,"skipped":0,"pct":100}}
,"/Users/Arief/Desktop/378x492/frontend/src/components/ui/Pagination.tsx": {"lines":{"total":12,"covered":5,"skipped":0,"pct":41.66},"functions":{"total":7,"covered":0,"skipped":0,"pct":0},"statements":{"total":12,"covered":5,"skipped":0,"pct":41.66},"branches":{"total":10,"covered":0,"skipped":0,"pct":0}}
,"/Users/Arief/Desktop/378x492/frontend/src/components/ui/Progress.tsx": {"lines":{"total":6,"covered":0,"skipped":0,"pct":0},"functions":{"total":1,"covered":0,"skipped":0,"pct":0},"statements":{"total":6,"covered":0,"skipped":0,"pct":0},"branches":{"total":3,"covered":0,"skipped":0,"pct":0}}
,"/Users/Arief/Desktop/378x492/frontend/src/components/ui/ProgressBar.tsx": {"lines":{"total":10,"covered":0,"skipped":0,"pct":0},"functions":{"total":2,"covered":0,"skipped":0,"pct":0},"statements":{"total":10,"covered":0,"skipped":0,"pct":0},"branches":{"total":14,"covered":0,"skipped":0,"pct":0}}
,"/Users/Arief/Desktop/378x492/frontend/src/components/ui/ProgressiveDisclosure.tsx": {"lines":{"total":39,"covered":0,"skipped":0,"pct":0},"functions":{"total":12,"covered":0,"skipped":0,"pct":0},"statements":{"total":45,"covered":0,"skipped":0,"pct":0},"branches":{"total":40,"covered":0,"skipped":0,"pct":0}}
,"/Users/Arief/Desktop/378x492/frontend/src/components/ui/QuickActionsMenu.tsx": {"lines":{"total":64,"covered":0,"skipped":0,"pct":0},"functions":{"total":21,"covered":0,"skipped":0,"pct":0},"statements":{"total":70,"covered":0,"skipped":0,"pct":0},"branches":{"total":31,"covered":0,"skipped":0,"pct":0}}
,"/Users/Arief/Desktop/378x492/frontend/src/components/ui/ResizablePanel.tsx": {"lines":{"total":132,"covered":0,"skipped":0,"pct":0},"functions":{"total":31,"covered":0,"skipped":0,"pct":0},"statements":{"total":140,"covered":0,"skipped":0,"pct":0},"branches":{"total":96,"covered":0,"skipped":0,"pct":0}}
,"/Users/Arief/Desktop/378x492/frontend/src/components/ui/ScrollArea.tsx": {"lines":{"total":6,"covered":4,"skipped":0,"pct":66.66},"functions":{"total":2,"covered":0,"skipped":0,"pct":0},"statements":{"total":6,"covered":4,"skipped":0,"pct":66.66},"branches":{"total":0,"covered":0,"skipped":0,"pct":100}}
,"/Users/Arief/Desktop/378x492/frontend/src/components/ui/Select.tsx": {"lines":{"total":38,"covered":31,"skipped":0,"pct":81.57},"functions":{"total":7,"covered":0,"skipped":0,"pct":0},"statements":{"total":38,"covered":31,"skipped":0,"pct":81.57},"branches":{"total":5,"covered":0,"skipped":0,"pct":0}}
,"/Users/Arief/Desktop/378x492/frontend/src/components/ui/SemanticSearch.tsx": {"lines":{"total":56,"covered":0,"skipped":0,"pct":0},"functions":{"total":12,"covered":0,"skipped":0,"pct":0},"statements":{"total":59,"covered":0,"skipped":0,"pct":0},"branches":{"total":33,"covered":0,"skipped":0,"pct":0}}
,"/Users/Arief/Desktop/378x492/frontend/src/components/ui/Separator.tsx": {"lines":{"total":6,"covered":5,"skipped":0,"pct":83.33},"functions":{"total":1,"covered":0,"skipped":0,"pct":0},"statements":{"total":6,"covered":5,"skipped":0,"pct":83.33},"branches":{"total":3,"covered":0,"skipped":0,"pct":0}}
,"/Users/Arief/Desktop/378x492/frontend/src/components/ui/Skeleton.tsx": {"lines":{"total":6,"covered":2,"skipped":0,"pct":33.33},"functions":{"total":1,"covered":0,"skipped":0,"pct":0},"statements":{"total":7,"covered":3,"skipped":0,"pct":42.85},"branches":{"total":2,"covered":0,"skipped":0,"pct":0}}
,"/Users/Arief/Desktop/378x492/frontend/src/components/ui/Slider.tsx": {"lines":{"total":7,"covered":0,"skipped":0,"pct":0},"functions":{"total":1,"covered":0,"skipped":0,"pct":0},"statements":{"total":7,"covered":0,"skipped":0,"pct":0},"branches":{"total":0,"covered":0,"skipped":0,"pct":100}}
,"/Users/Arief/Desktop/378x492/frontend/src/components/ui/SplitView.tsx": {"lines":{"total":51,"covered":0,"skipped":0,"pct":0},"functions":{"total":7,"covered":0,"skipped":0,"pct":0},"statements":{"total":54,"covered":0,"skipped":0,"pct":0},"branches":{"total":35,"covered":0,"skipped":0,"pct":0}}
,"/Users/Arief/Desktop/378x492/frontend/src/components/ui/StandardizedErrorDisplay.tsx": {"lines":{"total":32,"covered":0,"skipped":0,"pct":0},"functions":{"total":8,"covered":0,"skipped":0,"pct":0},"statements":{"total":37,"covered":0,"skipped":0,"pct":0},"branches":{"total":28,"covered":0,"skipped":0,"pct":0}}
,"/Users/Arief/Desktop/378x492/frontend/src/components/ui/StatusIndicator.tsx": {"lines":{"total":11,"covered":0,"skipped":0,"pct":0},"functions":{"total":2,"covered":0,"skipped":0,"pct":0},"statements":{"total":11,"covered":0,"skipped":0,"pct":0},"branches":{"total":6,"covered":0,"skipped":0,"pct":0}}
,"/Users/Arief/Desktop/378x492/frontend/src/components/ui/Switch.tsx": {"lines":{"total":7,"covered":0,"skipped":0,"pct":0},"functions":{"total":1,"covered":0,"skipped":0,"pct":0},"statements":{"total":7,"covered":0,"skipped":0,"pct":0},"branches":{"total":0,"covered":0,"skipped":0,"pct":100}}
,"/Users/Arief/Desktop/378x492/frontend/src/components/ui/SyncStatus.tsx": {"lines":{"total":42,"covered":0,"skipped":0,"pct":0},"functions":{"total":13,"covered":0,"skipped":0,"pct":0},"statements":{"total":43,"covered":0,"skipped":0,"pct":0},"branches":{"total":27,"covered":0,"skipped":0,"pct":0}}
,"/Users/Arief/Desktop/378x492/frontend/src/components/ui/Table.tsx": {"lines":{"total":34,"covered":26,"skipped":0,"pct":76.47},"functions":{"total":8,"covered":0,"skipped":0,"pct":0},"statements":{"total":34,"covered":26,"skipped":0,"pct":76.47},"branches":{"total":0,"covered":0,"skipped":0,"pct":100}}
,"/Users/Arief/Desktop/378x492/frontend/src/components/ui/Tabs.tsx": {"lines":{"total":21,"covered":7,"skipped":0,"pct":33.33},"functions":{"total":6,"covered":0,"skipped":0,"pct":0},"statements":{"total":22,"covered":7,"skipped":0,"pct":31.81},"branches":{"total":6,"covered":0,"skipped":0,"pct":0}}
,"/Users/Arief/Desktop/378x492/frontend/src/components/ui/Textarea.tsx": {"lines":{"total":6,"covered":5,"skipped":0,"pct":83.33},"functions":{"total":1,"covered":0,"skipped":0,"pct":0},"statements":{"total":6,"covered":5,"skipped":0,"pct":83.33},"branches":{"total":0,"covered":0,"skipped":0,"pct":100}}
,"/Users/Arief/Desktop/378x492/frontend/src/components/ui/VirtualList.tsx": {"lines":{"total":16,"covered":3,"skipped":0,"pct":18.75},"functions":{"total":3,"covered":0,"skipped":0,"pct":0},"statements":{"total":16,"covered":3,"skipped":0,"pct":18.75},"branches":{"total":3,"covered":0,"skipped":0,"pct":0}}
,"/Users/Arief/Desktop/378x492/frontend/src/components/ui/VirtualizedList.tsx": {"lines":{"total":14,"covered":4,"skipped":0,"pct":28.57},"functions":{"total":5,"covered":0,"skipped":0,"pct":0},"statements":{"total":14,"covered":4,"skipped":0,"pct":28.57},"branches":{"total":6,"covered":0,"skipped":0,"pct":0}}
,"/Users/Arief/Desktop/378x492/frontend/src/components/visualizations/NetworkGraph.tsx": {"lines":{"total":85,"covered":8,"skipped":0,"pct":9.41},"functions":{"total":26,"covered":4,"skipped":0,"pct":15.38},"statements":{"total":99,"covered":10,"skipped":0,"pct":10.1},"branches":{"total":66,"covered":0,"skipped":0,"pct":0}}
,"/Users/Arief/Desktop/378x492/frontend/src/context/AIContext.tsx": {"lines":{"total":12,"covered":5,"skipped":0,"pct":41.66},"functions":{"total":2,"covered":0,"skipped":0,"pct":0},"statements":{"total":14,"covered":7,"skipped":0,"pct":50},"branches":{"total":1,"covered":0,"skipped":0,"pct":0}}
,"/Users/Arief/Desktop/378x492/frontend/src/context/AccessibilityContext.tsx": {"lines":{"total":114,"covered":0,"skipped":0,"pct":0},"functions":{"total":28,"covered":0,"skipped":0,"pct":0},"statements":{"total":123,"covered":0,"skipped":0,"pct":0},"branches":{"total":46,"covered":0,"skipped":0,"pct":0}}
,"/Users/Arief/Desktop/378x492/frontend/src/context/AuthContext.ts": {"lines":{"total":2,"covered":2,"skipped":0,"pct":100},"functions":{"total":0,"covered":0,"skipped":0,"pct":100},"statements":{"total":2,"covered":2,"skipped":0,"pct":100},"branches":{"total":0,"covered":0,"skipped":0,"pct":100}}
,"/Users/Arief/Desktop/378x492/frontend/src/context/NetworkStatusContext.ts": {"lines":{"total":2,"covered":2,"skipped":0,"pct":100},"functions":{"total":0,"covered":0,"skipped":0,"pct":100},"statements":{"total":2,"covered":2,"skipped":0,"pct":100},"branches":{"total":0,"covered":0,"skipped":0,"pct":100}}
,"/Users/Arief/Desktop/378x492/frontend/src/context/OfflineQueueContext.ts": {"lines":{"total":2,"covered":0,"skipped":0,"pct":0},"functions":{"total":3,"covered":0,"skipped":0,"pct":0},"statements":{"total":2,"covered":0,"skipped":0,"pct":0},"branches":{"total":0,"covered":0,"skipped":0,"pct":100}}
,"/Users/Arief/Desktop/378x492/frontend/src/context/TourContext.tsx": {"lines":{"total":38,"covered":0,"skipped":0,"pct":0},"functions":{"total":9,"covered":0,"skipped":0,"pct":0},"statements":{"total":41,"covered":0,"skipped":0,"pct":0},"branches":{"total":13,"covered":0,"skipped":0,"pct":0}}
,"/Users/Arief/Desktop/378x492/frontend/src/errors/ApiError.ts": {"lines":{"total":7,"covered":1,"skipped":0,"pct":14.28},"functions":{"total":1,"covered":0,"skipped":0,"pct":0},"statements":{"total":7,"covered":1,"skipped":0,"pct":14.28},"branches":{"total":0,"covered":0,"skipped":0,"pct":100}}
,"/Users/Arief/Desktop/378x492/frontend/src/hooks/use-toast.ts": {"lines":{"total":53,"covered":0,"skipped":0,"pct":0},"functions":{"total":18,"covered":0,"skipped":0,"pct":0},"statements":{"total":57,"covered":0,"skipped":0,"pct":0},"branches":{"total":16,"covered":0,"skipped":0,"pct":0}}
,"/Users/Arief/Desktop/378x492/frontend/src/hooks/useAccessibility.ts": {"lines":{"total":107,"covered":0,"skipped":0,"pct":0},"functions":{"total":17,"covered":0,"skipped":0,"pct":0},"statements":{"total":112,"covered":0,"skipped":0,"pct":0},"branches":{"total":47,"covered":0,"skipped":0,"pct":0}}
,"/Users/Arief/Desktop/378x492/frontend/src/hooks/useAlerts.ts": {"lines":{"total":7,"covered":0,"skipped":0,"pct":0},"functions":{"total":4,"covered":0,"skipped":0,"pct":0},"statements":{"total":8,"covered":0,"skipped":0,"pct":0},"branches":{"total":0,"covered":0,"skipped":0,"pct":100}}
,"/Users/Arief/Desktop/378x492/frontend/src/hooks/useApiError.ts": {"lines":{"total":25,"covered":0,"skipped":0,"pct":0},"functions":{"total":6,"covered":0,"skipped":0,"pct":0},"statements":{"total":27,"covered":0,"skipped":0,"pct":0},"branches":{"total":18,"covered":0,"skipped":0,"pct":0}}
,"/Users/Arief/Desktop/378x492/frontend/src/hooks/useApiWithRetry.ts": {"lines":{"total":20,"covered":0,"skipped":0,"pct":0},"functions":{"total":4,"covered":0,"skipped":0,"pct":0},"statements":{"total":22,"covered":0,"skipped":0,"pct":0},"branches":{"total":4,"covered":0,"skipped":0,"pct":0}}
,"/Users/Arief/Desktop/378x492/frontend/src/hooks/useAuth.ts": {"lines":{"total":7,"covered":3,"skipped":0,"pct":42.85},"functions":{"total":1,"covered":0,"skipped":0,"pct":0},"statements":{"total":8,"covered":4,"skipped":0,"pct":50},"branches":{"total":1,"covered":0,"skipped":0,"pct":0}}
,"/Users/Arief/Desktop/378x492/frontend/src/hooks/useCases.ts": {"lines":{"total":17,"covered":5,"skipped":0,"pct":29.41},"functions":{"total":9,"covered":0,"skipped":0,"pct":0},"statements":{"total":20,"covered":7,"skipped":0,"pct":35},"branches":{"total":4,"covered":0,"skipped":0,"pct":0}}
,"/Users/Arief/Desktop/378x492/frontend/src/hooks/useCollaboration.ts": {"lines":{"total":105,"covered":3,"skipped":0,"pct":2.85},"functions":{"total":28,"covered":0,"skipped":0,"pct":0},"statements":{"total":116,"covered":3,"skipped":0,"pct":2.58},"branches":{"total":51,"covered":0,"skipped":0,"pct":0}}
,"/Users/Arief/Desktop/378x492/frontend/src/hooks/useContextAwareAI.ts": {"lines":{"total":6,"covered":0,"skipped":0,"pct":0},"functions":{"total":2,"covered":0,"skipped":0,"pct":0},"statements":{"total":6,"covered":0,"skipped":0,"pct":0},"branches":{"total":2,"covered":0,"skipped":0,"pct":0}}
,"/Users/Arief/Desktop/378x492/frontend/src/hooks/useDashboard.ts": {"lines":{"total":8,"covered":0,"skipped":0,"pct":0},"functions":{"total":3,"covered":0,"skipped":0,"pct":0},"statements":{"total":10,"covered":0,"skipped":0,"pct":0},"branches":{"total":2,"covered":0,"skipped":0,"pct":0}}
,"/Users/Arief/Desktop/378x492/frontend/src/hooks/useDashboardMetrics.ts": {"lines":{"total":7,"covered":0,"skipped":0,"pct":0},"functions":{"total":4,"covered":0,"skipped":0,"pct":0},"statements":{"total":8,"covered":0,"skipped":0,"pct":0},"branches":{"total":0,"covered":0,"skipped":0,"pct":100}}
,"/Users/Arief/Desktop/378x492/frontend/src/hooks/useEvidence.ts": {"lines":{"total":15,"covered":5,"skipped":0,"pct":33.33},"functions":{"total":8,"covered":0,"skipped":0,"pct":0},"statements":{"total":17,"covered":7,"skipped":0,"pct":41.17},"branches":{"total":2,"covered":0,"skipped":0,"pct":0}}
,"/Users/Arief/Desktop/378x492/frontend/src/hooks/useFormValidation.ts": {"lines":{"total":45,"covered":0,"skipped":0,"pct":0},"functions":{"total":8,"covered":0,"skipped":0,"pct":0},"statements":{"total":47,"covered":0,"skipped":0,"pct":0},"branches":{"total":29,"covered":0,"skipped":0,"pct":0}}
,"/Users/Arief/Desktop/378x492/frontend/src/hooks/useGraphData.ts": {"lines":{"total":18,"covered":0,"skipped":0,"pct":0},"functions":{"total":9,"covered":0,"skipped":0,"pct":0},"statements":{"total":22,"covered":0,"skipped":0,"pct":0},"branches":{"total":5,"covered":0,"skipped":0,"pct":0}}
,"/Users/Arief/Desktop/378x492/frontend/src/hooks/useHttpClient.tsx": {"lines":{"total":72,"covered":0,"skipped":0,"pct":0},"functions":{"total":18,"covered":0,"skipped":0,"pct":0},"statements":{"total":79,"covered":0,"skipped":0,"pct":0},"branches":{"total":33,"covered":0,"skipped":0,"pct":0}}
,"/Users/Arief/Desktop/378x492/frontend/src/hooks/useKeyboardNavigation.tsx": {"lines":{"total":41,"covered":0,"skipped":0,"pct":0},"functions":{"total":4,"covered":0,"skipped":0,"pct":0},"statements":{"total":43,"covered":0,"skipped":0,"pct":0},"branches":{"total":15,"covered":0,"skipped":0,"pct":0}}
,"/Users/Arief/Desktop/378x492/frontend/src/hooks/useMemoryCleanup.ts": {"lines":{"total":26,"covered":0,"skipped":0,"pct":0},"functions":{"total":8,"covered":0,"skipped":0,"pct":0},"statements":{"total":27,"covered":0,"skipped":0,"pct":0},"branches":{"total":6,"covered":0,"skipped":0,"pct":0}}
,"/Users/Arief/Desktop/378x492/frontend/src/hooks/useNetworkStatus.ts": {"lines":{"total":3,"covered":3,"skipped":0,"pct":100},"functions":{"total":1,"covered":0,"skipped":0,"pct":0},"statements":{"total":5,"covered":4,"skipped":0,"pct":80},"branches":{"total":0,"covered":0,"skipped":0,"pct":100}}
,"/Users/Arief/Desktop/378x492/frontend/src/hooks/useOfflineQueue.ts": {"lines":{"total":3,"covered":0,"skipped":0,"pct":0},"functions":{"total":1,"covered":0,"skipped":0,"pct":0},"statements":{"total":5,"covered":0,"skipped":0,"pct":0},"branches":{"total":0,"covered":0,"skipped":0,"pct":100}}
,"/Users/Arief/Desktop/378x492/frontend/src/hooks/usePerformanceMonitor.ts": {"lines":{"total":117,"covered":10,"skipped":0,"pct":8.54},"functions":{"total":25,"covered":2,"skipped":0,"pct":8},"statements":{"total":122,"covered":13,"skipped":0,"pct":10.65},"branches":{"total":33,"covered":0,"skipped":0,"pct":0}}
,"/Users/Arief/Desktop/378x492/frontend/src/hooks/usePersistedState.ts": {"lines":{"total":28,"covered":0,"skipped":0,"pct":0},"functions":{"total":8,"covered":0,"skipped":0,"pct":0},"statements":{"total":29,"covered":0,"skipped":0,"pct":0},"branches":{"total":5,"covered":0,"skipped":0,"pct":0}}
,"/Users/Arief/Desktop/378x492/frontend/src/hooks/useResizeObserver.ts": {"lines":{"total":13,"covered":2,"skipped":0,"pct":15.38},"functions":{"total":5,"covered":0,"skipped":0,"pct":0},"statements":{"total":15,"covered":3,"skipped":0,"pct":20},"branches":{"total":1,"covered":0,"skipped":0,"pct":0}}
,"/Users/Arief/Desktop/378x492/frontend/src/hooks/useRoleBasedLayout.ts": {"lines":{"total":7,"covered":0,"skipped":0,"pct":0},"functions":{"total":1,"covered":0,"skipped":0,"pct":0},"statements":{"total":7,"covered":0,"skipped":0,"pct":0},"branches":{"total":1,"covered":0,"skipped":0,"pct":0}}
,"/Users/Arief/Desktop/378x492/frontend/src/hooks/useSanitizedHTML.tsx": {"lines":{"total":14,"covered":7,"skipped":0,"pct":50},"functions":{"total":4,"covered":0,"skipped":0,"pct":0},"statements":{"total":15,"covered":8,"skipped":0,"pct":53.33},"branches":{"total":10,"covered":0,"skipped":0,"pct":0}}
,"/Users/Arief/Desktop/378x492/frontend/src/hooks/useSettings.ts": {"lines":{"total":20,"covered":0,"skipped":0,"pct":0},"functions":{"total":8,"covered":0,"skipped":0,"pct":0},"statements":{"total":22,"covered":0,"skipped":0,"pct":0},"branches":{"total":2,"covered":0,"skipped":0,"pct":0}}
,"/Users/Arief/Desktop/378x492/frontend/src/hooks/useTouchGestures.ts": {"lines":{"total":46,"covered":0,"skipped":0,"pct":0},"functions":{"total":6,"covered":0,"skipped":0,"pct":0},"statements":{"total":49,"covered":0,"skipped":0,"pct":0},"branches":{"total":17,"covered":0,"skipped":0,"pct":0}}
,"/Users/Arief/Desktop/378x492/frontend/src/hooks/useWebSocket.ts": {"lines":{"total":60,"covered":2,"skipped":0,"pct":3.33},"functions":{"total":12,"covered":0,"skipped":0,"pct":0},"statements":{"total":60,"covered":2,"skipped":0,"pct":3.33},"branches":{"total":13,"covered":0,"skipped":0,"pct":0}}
,"/Users/Arief/Desktop/378x492/frontend/src/hooks/useWebSocketClient.tsx": {"lines":{"total":98,"covered":0,"skipped":0,"pct":0},"functions":{"total":17,"covered":0,"skipped":0,"pct":0},"statements":{"total":98,"covered":0,"skipped":0,"pct":0},"branches":{"total":25,"covered":0,"skipped":0,"pct":0}}
,"/Users/Arief/Desktop/378x492/frontend/src/hooks/useWebSocketQueue.ts": {"lines":{"total":46,"covered":6,"skipped":0,"pct":13.04},"functions":{"total":13,"covered":0,"skipped":0,"pct":0},"statements":{"total":50,"covered":6,"skipped":0,"pct":12},"branches":{"total":43,"covered":0,"skipped":0,"pct":0}}
,"/Users/Arief/Desktop/378x492/frontend/src/i18n/config.ts": {"lines":{"total":6,"covered":0,"skipped":0,"pct":0},"functions":{"total":0,"covered":0,"skipped":0,"pct":100},"statements":{"total":6,"covered":0,"skipped":0,"pct":0},"branches":{"total":0,"covered":0,"skipped":0,"pct":100}}
,"/Users/Arief/Desktop/378x492/frontend/src/lib/AIFraudDetection.ts": {"lines":{"total":204,"covered":0,"skipped":0,"pct":0},"functions":{"total":44,"covered":0,"skipped":0,"pct":0},"statements":{"total":232,"covered":0,"skipped":0,"pct":0},"branches":{"total":66,"covered":0,"skipped":0,"pct":0}}
[...]
,"/Users/Arief/Desktop/378x492/frontend/src/providers/AuthProvider.tsx": {"lines":{"total":92,"covered":0,"skipped":0,"pct":0},"functions":{"total":7,"covered":0,"skipped":0,"pct":0},"statements":{"total":94,"covered":0,"skipped":0,"pct":0},"branches":{"total":46,"covered":0,"skipped":0,"pct":0}}
,"/Users/Arief/Desktop/378x492/frontend/src/providers/AuthenticationProvider.tsx": {"lines":{"total":68,"covered":0,"skipped":0,"pct":0},"functions":{"total":7,"covered":0,"skipped":0,"pct":0},"statements":{"total":70,"covered":0,"skipped":0,"pct":0},"branches":{"total":20,"covered":0,"skipped":0,"pct":0}}
,"/Users/Arief/Desktop/378x492/frontend/src/providers/LocaleProvider.tsx": {"lines":{"total":65,"covered":0,"skipped":0,"pct":0},"functions":{"total":22,"covered":0,"skipped":0,"pct":0},"statements":{"total":80,"covered":0,"skipped":0,"pct":0},"branches":{"total":34,"covered":0,"skipped":0,"pct":0}}
,"/Users/Arief/Desktop/378x492/frontend/src/providers/NetworkStatusProvider.tsx": {"lines":{"total":13,"covered":0,"skipped":0,"pct":0},"functions":{"total":5,"covered":0,"skipped":0,"pct":0},"statements":{"total":16,"covered":0,"skipped":0,"pct":0},"branches":{"total":0,"covered":0,"skipped":0,"pct":100}}
,"/Users/Arief/Desktop/378x492/frontend/src/providers/OfflineQueueContext.tsx": {"lines":{"total":54,"covered":0,"skipped":0,"pct":0},"functions":{"total":15,"covered":0,"skipped":0,"pct":0},"statements":{"total":60,"covered":0,"skipped":0,"pct":0},"branches":{"total":9,"covered":0,"skipped":0,"pct":0}}
,"/Users/Arief/Desktop/378x492/frontend/src/providers/ToastProvider.tsx": {"lines":{"total":21,"covered":0,"skipped":0,"pct":0},"functions":{"total":10,"covered":0,"skipped":0,"pct":0},"statements":{"total":26,"covered":0,"skipped":0,"pct":0},"branches":{"total":19,"covered":0,"skipped":0,"pct":0}}
,"/Users/Arief/Desktop/378x492/frontend/src/providers/WebSocketProvider.tsx": {"lines":{"total":72,"covered":6,"skipped":0,"pct":8.33},"functions":{"total":15,"covered":0,"skipped":0,"pct":0},"statements":{"total":77,"covered":8,"skipped":0,"pct":10.38},"branches":{"total":20,"covered":0,"skipped":0,"pct":0}}
,"/Users/Arief/Desktop/378x492/frontend/src/services/CaseSyncEngine.ts": {"lines":{"total":138,"covered":0,"skipped":0,"pct":0},"functions":{"total":46,"covered":0,"skipped":0,"pct":0},"statements":{"total":143,"covered":0,"skipped":0,"pct":0},"branches":{"total":31,"covered":0,"skipped":0,"pct":0}}
,"/Users/Arief/Desktop/378x492/frontend/src/services/EvidenceScorer.ts": {"lines":{"total":157,"covered":0,"skipped":0,"pct":0},"functions":{"total":26,"covered":0,"skipped":0,"pct":0},"statements":{"total":171,"covered":0,"skipped":0,"pct":0},"branches":{"total":63,"covered":0,"skipped":0,"pct":0}}
,"/Users/Arief/Desktop/378x492/frontend/src/services/ai.ts": {"lines":{"total":20,"covered":2,"skipped":0,"pct":10},"functions":{"total":6,"covered":0,"skipped":0,"pct":0},"statements":{"total":26,"covered":2,"skipped":0,"pct":7.69},"branches":{"total":9,"covered":0,"skipped":0,"pct":0}}
,"/Users/Arief/Desktop/378x492/frontend/src/services/alerts.ts": {"lines":{"total":8,"covered":2,"skipped":0,"pct":25},"functions":{"total":3,"covered":0,"skipped":0,"pct":0},"statements":{"total":10,"covered":2,"skipped":0,"pct":20},"branches":{"total":2,"covered":0,"skipped":0,"pct":0}}
,"/Users/Arief/Desktop/378x492/frontend/src/services/approvalService.ts": {"lines":{"total":63,"covered":7,"skipped":0,"pct":11.11},"functions":{"total":14,"covered":1,"skipped":0,"pct":7.14},"statements":{"total":68,"covered":7,"skipped":0,"pct":10.29},"branches":{"total":28,"covered":0,"skipped":0,"pct":0}}
,"/Users/Arief/Desktop/378x492/frontend/src/services/auth.ts": {"lines":{"total":19,"covered":2,"skipped":0,"pct":10.52},"functions":{"total":8,"covered":0,"skipped":0,"pct":0},"statements":{"total":19,"covered":2,"skipped":0,"pct":10.52},"branches":{"total":1,"covered":0,"skipped":0,"pct":0}}
,"/Users/Arief/Desktop/378x492/frontend/src/services/cases.ts": {"lines":{"total":16,"covered":2,"skipped":0,"pct":12.5},"functions":{"total":11,"covered":0,"skipped":0,"pct":0},"statements":{"total":16,"covered":2,"skipped":0,"pct":12.5},"branches":{"total":8,"covered":0,"skipped":0,"pct":0}}
,"/Users/Arief/Desktop/378x492/frontend/src/services/client.ts": {"lines":{"total":59,"covered":10,"skipped":0,"pct":16.94},"functions":{"total":9,"covered":0,"skipped":0,"pct":0},"statements":{"total":66,"covered":14,"skipped":0,"pct":21.21},"branches":{"total":44,"covered":0,"skipped":0,"pct":0}}
,"/Users/Arief/Desktop/378x492/frontend/src/services/compliance.ts": {"lines":{"total":66,"covered":2,"skipped":0,"pct":3.03},"functions":{"total":19,"covered":1,"skipped":0,"pct":5.26},"statements":{"total":71,"covered":2,"skipped":0,"pct":2.81},"branches":{"total":27,"covered":0,"skipped":0,"pct":0}}
,"/Users/Arief/Desktop/378x492/frontend/src/services/complianceMonitoring.ts": {"lines":{"total":65,"covered":0,"skipped":0,"pct":0},"functions":{"total":20,"covered":0,"skipped":0,"pct":0},"statements":{"total":69,"covered":0,"skipped":0,"pct":0},"branches":{"total":23,"covered":0,"skipped":0,"pct":0}}
,"/Users/Arief/Desktop/378x492/frontend/src/services/costOptimization.ts": {"lines":{"total":7,"covered":2,"skipped":0,"pct":28.57},"functions":{"total":3,"covered":0,"skipped":0,"pct":0},"statements":{"total":7,"covered":2,"skipped":0,"pct":28.57},"branches":{"total":1,"covered":0,"skipped":0,"pct":0}}
,"/Users/Arief/Desktop/378x492/frontend/src/services/diagnosticsService.ts": {"lines":{"total":54,"covered":0,"skipped":0,"pct":0},"functions":{"total":11,"covered":0,"skipped":0,"pct":0},"statements":{"total":55,"covered":0,"skipped":0,"pct":0},"branches":{"total":38,"covered":0,"skipped":0,"pct":0}}
,"/Users/Arief/Desktop/378x492/frontend/src/services/draftPreviewService.ts": {"lines":{"total":36,"covered":0,"skipped":0,"pct":0},"functions":{"total":14,"covered":0,"skipped":0,"pct":0},"statements":{"total":41,"covered":0,"skipped":0,"pct":0},"branches":{"total":6,"covered":0,"skipped":0,"pct":0}}
,"/Users/Arief/Desktop/378x492/frontend/src/services/errorReporting.ts": {"lines":{"total":33,"covered":11,"skipped":0,"pct":33.33},"functions":{"total":12,"covered":3,"skipped":0,"pct":25},"statements":{"total":33,"covered":11,"skipped":0,"pct":33.33},"branches":{"total":28,"covered":1,"skipped":0,"pct":3.57}}
,"/Users/Arief/Desktop/378x492/frontend/src/services/evidence.ts": {"lines":{"total":56,"covered":2,"skipped":0,"pct":3.57},"functions":{"total":12,"covered":0,"skipped":0,"pct":0},"statements":{"total":63,"covered":2,"skipped":0,"pct":3.17},"branches":{"total":37,"covered":0,"skipped":0,"pct":0}}
,"/Users/Arief/Desktop/378x492/frontend/src/services/fileProcessing.ts": {"lines":{"total":108,"covered":0,"skipped":0,"pct":0},"functions":{"total":14,"covered":0,"skipped":0,"pct":0},"statements":{"total":117,"covered":0,"skipped":0,"pct":0},"branches":{"total":58,"covered":0,"skipped":0,"pct":0}}
,"/Users/Arief/Desktop/378x492/frontend/src/services/graph.ts": {"lines":{"total":18,"covered":2,"skipped":0,"pct":11.11},"functions":{"total":9,"covered":0,"skipped":0,"pct":0},"statements":{"total":19,"covered":2,"skipped":0,"pct":10.52},"branches":{"total":22,"covered":0,"skipped":0,"pct":0}}
,"/Users/Arief/Desktop/378x492/frontend/src/services/i18n.ts": {"lines":{"total":3,"covered":0,"skipped":0,"pct":0},"functions":{"total":1,"covered":0,"skipped":0,"pct":0},"statements":{"total":4,"covered":0,"skipped":0,"pct":0},"branches":{"total":0,"covered":0,"skipped":0,"pct":100}}
,"/Users/Arief/Desktop/378x492/frontend/src/services/integrations.ts": {"lines":{"total":7,"covered":1,"skipped":0,"pct":14.28},"functions":{"total":6,"covered":0,"skipped":0,"pct":0},"statements":{"total":7,"covered":1,"skipped":0,"pct":14.28},"branches":{"total":0,"covered":0,"skipped":0,"pct":100}}
,"/Users/Arief/Desktop/378x492/frontend/src/services/intelligenceService.ts": {"lines":{"total":54,"covered":6,"skipped":0,"pct":11.11},"functions":{"total":20,"covered":0,"skipped":0,"pct":0},"statements":{"total":54,"covered":6,"skipped":0,"pct":11.11},"branches":{"total":4,"covered":0,"skipped":0,"pct":0}}
,"/Users/Arief/Desktop/378x492/frontend/src/services/monitoring.ts": {"lines":{"total":25,"covered":3,"skipped":0,"pct":12},"functions":{"total":7,"covered":0,"skipped":0,"pct":0},"statements":{"total":25,"covered":3,"skipped":0,"pct":12},"branches":{"total":12,"covered":0,"skipped":0,"pct":0}}
,"/Users/Arief/Desktop/378x492/frontend/src/services/notifications.ts": {"lines":{"total":3,"covered":2,"skipped":0,"pct":66.66},"functions":{"total":1,"covered":0,"skipped":0,"pct":0},"statements":{"total":3,"covered":2,"skipped":0,"pct":66.66},"branches":{"total":0,"covered":0,"skipped":0,"pct":100}}
,"/Users/Arief/Desktop/378x492/frontend/src/services/onboarding.ts": {"lines":{"total":12,"covered":3,"skipped":0,"pct":25},"functions":{"total":3,"covered":0,"skipped":0,"pct":0},"statements":{"total":15,"covered":3,"skipped":0,"pct":20},"branches":{"total":3,"covered":0,"skipped":0,"pct":0}}
,"/Users/Arief/Desktop/378x492/frontend/src/services/reconciliation.ts": {"lines":{"total":12,"covered":2,"skipped":0,"pct":16.66},"functions":{"total":9,"covered":0,"skipped":0,"pct":0},"statements":{"total":12,"covered":2,"skipped":0,"pct":16.66},"branches":{"total":3,"covered":0,"skipped":0,"pct":0}}
,"/Users/Arief/Desktop/378x492/frontend/src/services/reporting.ts": {"lines":{"total":27,"covered":4,"skipped":0,"pct":14.81},"functions":{"total":22,"covered":0,"skipped":0,"pct":0},"statements":{"total":27,"covered":4,"skipped":0,"pct":14.81},"branches":{"total":5,"covered":0,"skipped":0,"pct":0}}
,"/Users/Arief/Desktop/378x492/frontend/src/services/settings.ts": {"lines":{"total":9,"covered":2,"skipped":0,"pct":22.22},"functions":{"total":4,"covered":0,"skipped":0,"pct":0},"statements":{"total":9,"covered":2,"skipped":0,"pct":22.22},"branches":{"total":5,"covered":0,"skipped":0,"pct":0}}
,"/Users/Arief/Desktop/378x492/frontend/src/services/socket.ts": {"lines":{"total":42,"covered":0,"skipped":0,"pct":0},"functions":{"total":12,"covered":0,"skipped":0,"pct":0},"statements":{"total":45,"covered":0,"skipped":0,"pct":0},"branches":{"total":9,"covered":0,"skipped":0,"pct":0}}
,"/Users/Arief/Desktop/378x492/frontend/src/services/sync.ts": {"lines":{"total":11,"covered":3,"skipped":0,"pct":27.27},"functions":{"total":3,"covered":0,"skipped":0,"pct":0},"statements":{"total":11,"covered":3,"skipped":0,"pct":27.27},"branches":{"total":4,"covered":0,"skipped":0,"pct":0}}
,"/Users/Arief/Desktop/378x492/frontend/src/services/syncOrchestrator.ts": {"lines":{"total":13,"covered":0,"skipped":0,"pct":0},"functions":{"total":6,"covered":0,"skipped":0,"pct":0},"statements":{"total":14,"covered":0,"skipped":0,"pct":0},"branches":{"total":2,"covered":0,"skipped":0,"pct":0}}
,"/Users/Arief/Desktop/378x492/frontend/src/services/user.ts": {"lines":{"total":4,"covered":2,"skipped":0,"pct":50},"functions":{"total":2,"covered":0,"skipped":0,"pct":0},"statements":{"total":4,"covered":2,"skipped":0,"pct":50},"branches":{"total":0,"covered":0,"skipped":0,"pct":100}}
,"/Users/Arief/Desktop/378x492/frontend/src/services/edge/cacheManager.ts": {"lines":{"total":14,"covered":0,"skipped":0,"pct":0},"functions":{"total":4,"covered":0,"skipped":0,"pct":0},"statements":{"total":14,"covered":0,"skipped":0,"pct":0},"branches":{"total":1,"covered":0,"skipped":0,"pct":0}}
,"/Users/Arief/Desktop/378x492/frontend/src/services/edge/inferenceService.ts": {"lines":{"total":25,"covered":0,"skipped":0,"pct":0},"functions":{"total":7,"covered":0,"skipped":0,"pct":0},"statements":{"total":26,"covered":0,"skipped":0,"pct":0},"branches":{"total":9,"covered":0,"skipped":0,"pct":0}}
,"/Users/Arief/Desktop/378x492/frontend/src/store/authStore.ts": {"lines":{"total":30,"covered":4,"skipped":0,"pct":13.33},"functions":{"total":9,"covered":1,"skipped":0,"pct":11.11},"statements":{"total":32,"covered":4,"skipped":0,"pct":12.5},"branches":{"total":5,"covered":0,"skipped":0,"pct":0}}
,"/Users/Arief/Desktop/378x492/frontend/src/store/caseStore.ts": {"lines":{"total":21,"covered":4,"skipped":0,"pct":19.04},"functions":{"total":13,"covered":1,"skipped":0,"pct":7.69},"statements":{"total":26,"covered":4,"skipped":0,"pct":15.38},"branches":{"total":5,"covered":0,"skipped":0,"pct":0}}
,"/Users/Arief/Desktop/378x492/frontend/src/store/globalStore.ts": {"lines":{"total":46,"covered":0,"skipped":0,"pct":0},"functions":{"total":36,"covered":0,"skipped":0,"pct":0},"statements":{"total":65,"covered":0,"skipped":0,"pct":0},"branches":{"total":0,"covered":0,"skipped":0,"pct":100}}
,"/Users/Arief/Desktop/378x492/frontend/src/store/projectStore.ts": {"lines":{"total":8,"covered":4,"skipped":0,"pct":50},"functions":{"total":6,"covered":1,"skipped":0,"pct":16.66},"statements":{"total":9,"covered":4,"skipped":0,"pct":44.44},"branches":{"total":0,"covered":0,"skipped":0,"pct":100}}
,"/Users/Arief/Desktop/378x492/frontend/src/store/reconciliationStore.ts": {"lines":{"total":29,"covered":0,"skipped":0,"pct":0},"functions":{"total":9,"covered":0,"skipped":0,"pct":0},"statements":{"total":36,"covered":0,"skipped":0,"pct":0},"branches":{"total":13,"covered":0,"skipped":0,"pct":0}}
,"/Users/Arief/Desktop/378x492/frontend/src/store/useAuthStore.ts": {"lines":{"total":5,"covered":2,"skipped":0,"pct":40},"functions":{"total":5,"covered":1,"skipped":0,"pct":20},"statements":{"total":7,"covered":3,"skipped":0,"pct":42.85},"branches":{"total":2,"covered":0,"skipped":0,"pct":0}}
,"/Users/Arief/Desktop/378x492/frontend/src/store/useIngestionStore.ts": {"lines":{"total":15,"covered":0,"skipped":0,"pct":0},"functions":{"total":11,"covered":0,"skipped":0,"pct":0},"statements":{"total":17,"covered":0,"skipped":0,"pct":0},"branches":{"total":3,"covered":0,"skipped":0,"pct":0}}
,"/Users/Arief/Desktop/378x492/frontend/src/store/useUIStore.ts": {"lines":{"total":8,"covered":0,"skipped":0,"pct":0},"functions":{"total":9,"covered":0,"skipped":0,"pct":0},"statements":{"total":12,"covered":0,"skipped":0,"pct":0},"branches":{"total":1,"covered":0,"skipped":0,"pct":0}}
,"/Users/Arief/Desktop/378x492/frontend/src/types/locale.ts": {"lines":{"total":1,"covered":0,"skipped":0,"pct":0},"functions":{"total":0,"covered":0,"skipped":0,"pct":100},"statements":{"total":1,"covered":0,"skipped":0,"pct":0},"branches":{"total":0,"covered":0,"skipped":0,"pct":100}}
,"/Users/Arief/Desktop/378x492/frontend/src/utils/accessibility.ts": {"lines":{"total":4,"covered":0,"skipped":0,"pct":0},"functions":{"total":2,"covered":0,"skipped":0,"pct":0},"statements":{"total":4,"covered":0,"skipped":0,"pct":0},"branches":{"total":0,"covered":0,"skipped":0,"pct":100}}
,"/Users/Arief/Desktop/378x492/frontend/src/utils/antiDebug.ts": {"lines":{"total":14,"covered":0,"skipped":0,"pct":0},"functions":{"total":2,"covered":0,"skipped":0,"pct":0},"statements":{"total":14,"covered":0,"skipped":0,"pct":0},"branches":{"total":3,"covered":0,"skipped":0,"pct":0}}
,"/Users/Arief/Desktop/378x492/frontend/src/utils/csrfProtection.ts": {"lines":{"total":33,"covered":7,"skipped":0,"pct":21.21},"functions":{"total":8,"covered":0,"skipped":0,"pct":0},"statements":{"total":38,"covered":10,"skipped":0,"pct":26.31},"branches":{"total":8,"covered":0,"skipped":0,"pct":0}}
,"/Users/Arief/Desktop/378x492/frontend/src/utils/electron.ts": {"lines":{"total":21,"covered":5,"skipped":0,"pct":23.8},"functions":{"total":4,"covered":0,"skipped":0,"pct":0},"statements":{"total":27,"covered":9,"skipped":0,"pct":33.33},"branches":{"total":11,"covered":0,"skipped":0,"pct":0}}
,"/Users/Arief/Desktop/378x492/frontend/src/utils/electronStore.ts": {"lines":{"total":41,"covered":0,"skipped":0,"pct":0},"functions":{"total":20,"covered":0,"skipped":0,"pct":0},"statements":{"total":44,"covered":0,"skipped":0,"pct":0},"branches":{"total":12,"covered":0,"skipped":0,"pct":0}}
,"/Users/Arief/Desktop/378x492/frontend/src/utils/errorHandler.ts": {"lines":{"total":25,"covered":4,"skipped":0,"pct":16},"functions":{"total":6,"covered":0,"skipped":0,"pct":0},"statements":{"total":27,"covered":5,"skipped":0,"pct":18.51},"branches":{"total":19,"covered":0,"skipped":0,"pct":0}}
,"/Users/Arief/Desktop/378x492/frontend/src/utils/fileUtils.tsx": {"lines":{"total":33,"covered":8,"skipped":0,"pct":24.24},"functions":{"total":6,"covered":0,"skipped":0,"pct":0},"statements":{"total":39,"covered":14,"skipped":0,"pct":35.89},"branches":{"total":33,"covered":0,"skipped":0,"pct":0}}
,"/Users/Arief/Desktop/378x492/frontend/src/utils/formatters.ts": {"lines":{"total":69,"covered":11,"skipped":0,"pct":15.94},"functions":{"total":11,"covered":0,"skipped":0,"pct":0},"statements":{"total":88,"covered":22,"skipped":0,"pct":25},"branches":{"total":33,"covered":0,"skipped":0,"pct":0}}
,"/Users/Arief/Desktop/378x492/frontend/src/utils/formatting.ts": {"lines":{"total":60,"covered":12,"skipped":0,"pct":20},"functions":{"total":13,"covered":0,"skipped":0,"pct":0},"statements":{"total":61,"covered":12,"skipped":0,"pct":19.67},"branches":{"total":22,"covered":0,"skipped":0,"pct":0}}
,"/Users/Arief/Desktop/378x492/frontend/src/utils/logger.ts": {"lines":{"total":6,"covered":0,"skipped":0,"pct":0},"functions":{"total":4,"covered":0,"skipped":0,"pct":0},"statements":{"total":6,"covered":0,"skipped":0,"pct":0},"branches":{"total":0,"covered":0,"skipped":0,"pct":100}}
,"/Users/Arief/Desktop/378x492/frontend/src/utils/performanceMonitor.ts": {"lines":{"total":64,"covered":24,"skipped":0,"pct":37.5},"functions":{"total":17,"covered":3,"skipped":0,"pct":17.64},"statements":{"total":64,"covered":24,"skipped":0,"pct":37.5},"branches":{"total":21,"covered":3,"skipped":0,"pct":14.28}}
,"/Users/Arief/Desktop/378x492/frontend/src/utils/secureLogger.ts": {"lines":{"total":109,"covered":46,"skipped":0,"pct":42.2},"functions":{"total":24,"covered":10,"skipped":0,"pct":41.66},"statements":{"total":110,"covered":46,"skipped":0,"pct":41.81},"branches":{"total":56,"covered":16,"skipped":0,"pct":28.57}}
,"/Users/Arief/Desktop/378x492/frontend/src/utils/secureRandom.ts": {"lines":{"total":12,"covered":1,"skipped":0,"pct":8.33},"functions":{"total":5,"covered":0,"skipped":0,"pct":0},"statements":{"total":14,"covered":1,"skipped":0,"pct":7.14},"branches":{"total":1,"covered":0,"skipped":0,"pct":0}}
,"/Users/Arief/Desktop/378x492/frontend/src/utils/secureTokenStorage.ts": {"lines":{"total":61,"covered":0,"skipped":0,"pct":0},"functions":{"total":12,"covered":0,"skipped":0,"pct":0},"statements":{"total":63,"covered":0,"skipped":0,"pct":0},"branches":{"total":30,"covered":0,"skipped":0,"pct":0}}
,"/Users/Arief/Desktop/378x492/frontend/src/utils/simulation.ts": {"lines":{"total":2,"covered":0,"skipped":0,"pct":0},"functions":{"total":2,"covered":0,"skipped":0,"pct":0},"statements":{"total":4,"covered":0,"skipped":0,"pct":0},"branches":{"total":0,"covered":0,"skipped":0,"pct":100}}
,"/Users/Arief/Desktop/378x492/frontend/src/utils/validation.ts": {"lines":{"total":65,"covered":23,"skipped":0,"pct":35.38},"functions":{"total":18,"covered":0,"skipped":0,"pct":0},"statements":{"total":66,"covered":23,"skipped":0,"pct":34.84},"branches":{"total":5,"covered":0,"skipped":0,"pct":0}}
,"/Users/Arief/Desktop/378x492/frontend/src/utils/verifyIntegrity.ts": {"lines":{"total":20,"covered":0,"skipped":0,"pct":0},"functions":{"total":2,"covered":0,"skipped":0,"pct":0},"statements":{"total":20,"covered":0,"skipped":0,"pct":0},"branches":{"total":4,"covered":0,"skipped":0,"pct":0}}
,"/Users/Arief/Desktop/378x492/frontend/src/utils/webVitals.ts": {"lines":{"total":12,"covered":0,"skipped":0,"pct":0},"functions":{"total":5,"covered":0,"skipped":0,"pct":0},"statements":{"total":13,"covered":0,"skipped":0,"pct":0},"branches":{"total":0,"covered":0,"skipped":0,"pct":100}}
}
