TN:
SF:src/App.tsx
FN:8,(anonymous_10)
FN:8,(anonymous_11)
FN:9,(anonymous_12)
FN:9,(anonymous_13)
FN:10,(anonymous_14)
FN:10,(anonymous_15)
FN:11,(anonymous_16)
FN:11,(anonymous_17)
FN:12,(anonymous_18)
FN:12,(anonymous_19)
FN:13,(anonymous_20)
FN:13,(anonymous_21)
FN:14,(anonymous_22)
FN:14,(anonymous_23)
FN:15,(anonymous_24)
FN:15,(anonymous_25)
FN:16,(anonymous_26)
FN:16,(anonymous_27)
FN:17,(anonymous_28)
FN:17,(anonymous_29)
FN:18,(anonymous_30)
FN:18,(anonymous_31)
FN:19,(anonymous_32)
FN:19,(anonymous_33)
FN:20,(anonymous_34)
FN:20,(anonymous_35)
FN:21,(anonymous_36)
FN:21,(anonymous_37)
FN:22,(anonymous_38)
FN:22,(anonymous_39)
FN:23,(anonymous_40)
FN:23,(anonymous_41)
FN:24,(anonymous_42)
FN:24,(anonymous_43)
FN:25,(anonymous_44)
FN:25,(anonymous_45)
FN:26,(anonymous_46)
FN:26,(anonymous_47)
FN:27,(anonymous_48)
FN:27,(anonymous_49)
FN:28,(anonymous_50)
FN:28,(anonymous_51)
FN:29,(anonymous_52)
FN:29,(anonymous_53)
FN:30,(anonymous_54)
FN:30,(anonymous_55)
FN:31,(anonymous_56)
FN:31,(anonymous_57)
FN:32,(anonymous_58)
FN:32,(anonymous_59)
FN:33,(anonymous_60)
FN:33,(anonymous_61)
FN:34,(anonymous_62)
FN:34,(anonymous_63)
FN:35,(anonymous_64)
FN:35,(anonymous_65)
FN:36,(anonymous_66)
FN:36,(anonymous_67)
FN:39,(anonymous_68)
FN:39,(anonymous_69)
FN:40,(anonymous_70)
FN:40,(anonymous_71)
FN:41,(anonymous_72)
FN:41,(anonymous_73)
FN:42,(anonymous_74)
FN:42,(anonymous_75)
FN:43,(anonymous_76)
FN:43,(anonymous_77)
FN:44,(anonymous_78)
FN:44,(anonymous_79)
FN:74,(anonymous_80)
FN:79,(anonymous_81)
FN:83,(anonymous_82)
FN:107,(anonymous_83)
FN:117,(anonymous_84)
FN:155,(anonymous_85)
FN:161,(anonymous_86)
FN:174,(anonymous_87)
FN:185,(anonymous_88)
FN:199,(anonymous_89)
FN:210,(anonymous_90)
FNF:81
FNH:0
FNDA:0,(anonymous_10)
FNDA:0,(anonymous_11)
FNDA:0,(anonymous_12)
FNDA:0,(anonymous_13)
FNDA:0,(anonymous_14)
FNDA:0,(anonymous_15)
FNDA:0,(anonymous_16)
FNDA:0,(anonymous_17)
FNDA:0,(anonymous_18)
FNDA:0,(anonymous_19)
FNDA:0,(anonymous_20)
FNDA:0,(anonymous_21)
FNDA:0,(anonymous_22)
FNDA:0,(anonymous_23)
FNDA:0,(anonymous_24)
FNDA:0,(anonymous_25)
FNDA:0,(anonymous_26)
FNDA:0,(anonymous_27)
FNDA:0,(anonymous_28)
FNDA:0,(anonymous_29)
FNDA:0,(anonymous_30)
FNDA:0,(anonymous_31)
FNDA:0,(anonymous_32)
FNDA:0,(anonymous_33)
FNDA:0,(anonymous_34)
FNDA:0,(anonymous_35)
FNDA:0,(anonymous_36)
FNDA:0,(anonymous_37)
FNDA:0,(anonymous_38)
FNDA:0,(anonymous_39)
FNDA:0,(anonymous_40)
FNDA:0,(anonymous_41)
FNDA:0,(anonymous_42)
FNDA:0,(anonymous_43)
FNDA:0,(anonymous_44)
FNDA:0,(anonymous_45)
FNDA:0,(anonymous_46)
FNDA:0,(anonymous_47)
FNDA:0,(anonymous_48)
FNDA:0,(anonymous_49)
FNDA:0,(anonymous_50)
FNDA:0,(anonymous_51)
FNDA:0,(anonymous_52)
FNDA:0,(anonymous_53)
FNDA:0,(anonymous_54)
FNDA:0,(anonymous_55)
FNDA:0,(anonymous_56)
FNDA:0,(anonymous_57)
FNDA:0,(anonymous_58)
FNDA:0,(anonymous_59)
FNDA:0,(anonymous_60)
FNDA:0,(anonymous_61)
FNDA:0,(anonymous_62)
FNDA:0,(anonymous_63)
FNDA:0,(anonymous_64)
FNDA:0,(anonymous_65)
FNDA:0,(anonymous_66)
FNDA:0,(anonymous_67)
FNDA:0,(anonymous_68)
FNDA:0,(anonymous_69)
FNDA:0,(anonymous_70)
FNDA:0,(anonymous_71)
FNDA:0,(anonymous_72)
FNDA:0,(anonymous_73)
FNDA:0,(anonymous_74)
FNDA:0,(anonymous_75)
FNDA:0,(anonymous_76)
FNDA:0,(anonymous_77)
FNDA:0,(anonymous_78)
FNDA:0,(anonymous_79)
FNDA:0,(anonymous_80)
FNDA:0,(anonymous_81)
FNDA:0,(anonymous_82)
FNDA:0,(anonymous_83)
FNDA:0,(anonymous_84)
FNDA:0,(anonymous_85)
FNDA:0,(anonymous_86)
FNDA:0,(anonymous_87)
FNDA:0,(anonymous_88)
FNDA:0,(anonymous_89)
FNDA:0,(anonymous_90)
DA:1,3
DA:2,3
DA:3,3
DA:4,0
DA:5,0
DA:8,0
DA:9,0
DA:10,0
DA:11,0
DA:12,0
DA:13,0
DA:14,0
DA:15,0
DA:16,0
DA:17,0
DA:18,0
DA:19,0
DA:20,0
DA:21,0
DA:22,0
DA:23,0
DA:24,0
DA:25,0
DA:26,0
DA:27,0
DA:28,0
DA:29,0
DA:30,0
DA:31,0
DA:32,0
DA:33,0
DA:34,0
DA:35,0
DA:36,0
DA:39,0
DA:40,0
DA:41,0
DA:42,0
DA:43,0
DA:44,0
DA:48,0
DA:49,0
DA:51,0
DA:52,0
DA:53,0
DA:54,0
DA:55,0
DA:56,0
DA:59,0
DA:62,0
DA:63,0
DA:75,0
DA:76,0
DA:80,0
DA:84,0
DA:87,0
DA:93,0
DA:94,0
DA:108,0
DA:109,0
DA:110,0
DA:113,0
DA:117,0
DA:118,0
DA:155,0
DA:161,0
DA:171,0
DA:172,0
DA:174,0
DA:175,0
DA:176,0
DA:178,0
DA:179,0
DA:182,0
DA:185,0
DA:186,0
DA:188,0
DA:189,0
DA:192,0
DA:193,0
DA:196,0
DA:199,0
DA:200,0
DA:201,0
DA:210,0
DA:211,0
DA:283,0
LF:87
LH:3
BRDA:62,0,0,0
BRDA:93,1,0,0
BRDA:108,2,0,0
BRDA:109,3,0,0
BRDA:109,3,1,0
BRDA:136,4,0,0
BRDA:136,4,1,0
BRDA:178,5,0,0
BRDA:178,6,0,0
BRDA:178,6,1,0
BRDA:188,7,0,0
BRDA:192,8,0,0
BRDA:202,9,0,0
BRDA:202,9,1,0
BRF:14
BRH:0
end_of_record
TN:
SF:src/config.ts
FN:19,(anonymous_0)
FN:48,(anonymous_1)
FNF:2
FNH:2
FNDA:115,(anonymous_0)
FNDA:23,(anonymous_1)
DA:9,23
DA:19,23
DA:21,115
DA:22,115
DA:23,0
DA:24,0
DA:25,0
DA:32,115
DA:33,115
DA:34,0
DA:41,115
DA:48,23
DA:49,23
DA:51,23
DA:52,23
DA:53,23
DA:55,23
DA:56,23
DA:57,0
DA:62,23
DA:63,0
DA:65,0
DA:70,23
DA:72,23
DA:73,23
DA:74,23
LF:26
LH:19
BRDA:24,0,0,0
BRDA:24,1,0,0
BRDA:24,1,1,0
BRDA:24,1,2,0
BRDA:33,2,0,0
BRDA:33,3,0,115
BRDA:33,3,1,115
BRDA:33,3,2,115
BRDA:41,4,0,115
BRDA:41,4,1,115
BRDA:41,4,2,0
BRDA:53,5,0,23
BRDA:53,6,0,23
BRDA:53,6,1,23
BRDA:56,7,0,0
BRDA:56,8,0,23
BRDA:56,8,1,23
BRDA:62,9,0,0
BRF:18
BRH:10
end_of_record
TN:
SF:src/components/ApprovalQueue.tsx
FN:15,(anonymous_9)
FN:25,(anonymous_10)
FN:32,(anonymous_11)
FN:37,(anonymous_12)
FN:46,(anonymous_13)
FN:96,(anonymous_14)
FN:127,(anonymous_15)
FN:135,(anonymous_16)
FNF:8
FNH:0
FNDA:0,(anonymous_9)
FNDA:0,(anonymous_10)
FNDA:0,(anonymous_11)
FNDA:0,(anonymous_12)
FNDA:0,(anonymous_13)
FNDA:0,(anonymous_14)
FNDA:0,(anonymous_15)
FNDA:0,(anonymous_16)
DA:1,3
DA:2,3
DA:3,3
DA:4,3
DA:5,3
DA:6,3
DA:7,3
DA:15,3
DA:16,0
DA:22,0
DA:25,3
DA:30,0
DA:32,0
DA:33,0
DA:34,0
DA:37,0
DA:38,0
DA:39,0
DA:40,0
DA:42,0
DA:46,0
DA:47,0
DA:48,0
DA:49,0
DA:51,0
DA:56,0
DA:57,0
DA:77,0
DA:97,0
DA:127,0
DA:135,0
DA:153,3
LF:32
LH:10
BRDA:22,0,0,0
BRDA:22,0,1,0
BRDA:26,1,0,0
BRDA:27,2,0,0
BRDA:28,3,0,0
BRDA:56,4,0,0
BRDA:59,5,0,0
BRDA:59,5,1,0
BRDA:80,6,0,0
BRDA:80,6,1,0
BRDA:115,7,0,0
BRDA:115,7,1,0
BRF:12
BRH:0
end_of_record
TN:
SF:src/components/CaseProgressBar.tsx
FN:18,(anonymous_1)
FN:58,(anonymous_2)
FN:71,(anonymous_3)
FN:84,(anonymous_4)
FN:120,(anonymous_5)
FNF:5
FNH:0
FNDA:0,(anonymous_1)
FNDA:0,(anonymous_2)
FNDA:0,(anonymous_3)
FNDA:0,(anonymous_4)
FNDA:0,(anonymous_5)
DA:1,0
DA:2,0
DA:18,0
DA:25,0
DA:58,0
DA:59,0
DA:61,0
DA:63,0
DA:65,0
DA:67,0
DA:71,0
DA:72,0
DA:74,0
DA:76,0
DA:78,0
DA:80,0
DA:84,0
DA:86,0
DA:121,0
DA:183,0
LF:20
LH:0
BRDA:19,0,0,0
BRDA:21,1,0,0
BRDA:22,2,0,0
BRDA:29,3,0,0
BRDA:29,3,1,0
BRDA:35,4,0,0
BRDA:35,4,1,0
BRDA:35,5,0,0
BRDA:35,5,1,0
BRDA:41,6,0,0
BRDA:41,6,1,0
BRDA:41,7,0,0
BRDA:41,7,1,0
BRDA:47,8,0,0
BRDA:47,8,1,0
BRDA:47,9,0,0
BRDA:47,9,1,0
BRDA:53,10,0,0
BRDA:53,10,1,0
BRDA:53,11,0,0
BRDA:53,11,1,0
BRDA:59,12,0,0
BRDA:59,12,1,0
BRDA:59,12,2,0
BRDA:59,12,3,0
BRDA:72,13,0,0
BRDA:72,13,1,0
BRDA:72,13,2,0
BRDA:72,13,3,0
BRDA:84,14,0,0
BRDA:84,14,1,0
BRDA:88,15,0,0
BRDA:88,15,1,0
BRDA:99,16,0,0
BRDA:99,16,1,0
BRDA:128,17,0,0
BRDA:128,17,1,0
BRDA:129,18,0,0
BRDA:129,18,1,0
BRDA:134,19,0,0
BRDA:134,19,1,0
BRDA:140,20,0,0
BRDA:140,20,1,0
BRF:43
BRH:0
end_of_record
TN:
SF:src/components/CollaborativeEditor.tsx
FN:45,(anonymous_9)
FN:60,(anonymous_10)
FN:70,(anonymous_11)
FN:74,(anonymous_12)
FN:104,(anonymous_13)
FN:112,(anonymous_14)
FN:152,(anonymous_15)
FN:157,(anonymous_16)
FN:181,(anonymous_17)
FN:190,(anonymous_18)
FN:196,(anonymous_19)
FN:202,(anonymous_20)
FN:214,(anonymous_21)
FN:304,(anonymous_22)
FN:305,(anonymous_23)
FN:326,(anonymous_24)
FN:333,(anonymous_25)
FN:351,(anonymous_26)
FN:354,(anonymous_27)
FN:365,(anonymous_28)
FN:366,(anonymous_29)
FN:372,(anonymous_30)
FN:376,(anonymous_31)
FN:378,(anonymous_32)
FN:385,(anonymous_33)
FN:394,(anonymous_34)
FN:441,(anonymous_35)
FN:498,(anonymous_36)
FNF:28
FNH:0
FNDA:0,(anonymous_9)
FNDA:0,(anonymous_10)
FNDA:0,(anonymous_11)
FNDA:0,(anonymous_12)
FNDA:0,(anonymous_13)
FNDA:0,(anonymous_14)
FNDA:0,(anonymous_15)
FNDA:0,(anonymous_16)
FNDA:0,(anonymous_17)
FNDA:0,(anonymous_18)
FNDA:0,(anonymous_19)
FNDA:0,(anonymous_20)
FNDA:0,(anonymous_21)
FNDA:0,(anonymous_22)
FNDA:0,(anonymous_23)
FNDA:0,(anonymous_24)
FNDA:0,(anonymous_25)
FNDA:0,(anonymous_26)
FNDA:0,(anonymous_27)
FNDA:0,(anonymous_28)
FNDA:0,(anonymous_29)
FNDA:0,(anonymous_30)
FNDA:0,(anonymous_31)
FNDA:0,(anonymous_32)
FNDA:0,(anonymous_33)
FNDA:0,(anonymous_34)
FNDA:0,(anonymous_35)
FNDA:0,(anonymous_36)
DA:1,0
DA:2,0
DA:3,0
DA:4,0
DA:5,0
DA:6,0
DA:13,0
DA:45,0
DA:46,0
DA:47,0
DA:48,0
DA:49,0
DA:50,0
DA:51,0
DA:52,0
DA:54,0
DA:55,0
DA:56,0
DA:57,0
DA:60,0
DA:61,0
DA:62,0
DA:65,0
DA:70,0
DA:71,0
DA:73,0
DA:74,0
DA:75,0
DA:77,0
DA:79,0
DA:80,0
DA:81,0
DA:85,0
DA:86,0
DA:87,0
DA:88,0
DA:92,0
DA:93,0
DA:95,0
DA:98,0
DA:99,0
DA:101,0
DA:104,0
DA:107,0
DA:112,0
DA:113,0
DA:115,0
DA:116,0
DA:120,0
DA:121,0
DA:122,0
DA:123,0
DA:125,0
DA:129,0
DA:130,0
DA:134,0
DA:138,0
DA:141,0
DA:144,0
DA:152,0
DA:153,0
DA:154,0
DA:155,0
DA:157,0
DA:159,0
DA:160,0
DA:163,0
DA:164,0
DA:168,0
DA:174,0
DA:181,0
DA:182,0
DA:183,0
DA:184,0
DA:186,0
DA:190,0
DA:192,0
DA:193,0
DA:196,0
DA:197,0
DA:198,0
DA:202,0
DA:203,0
DA:204,0
DA:208,0
DA:209,0
DA:214,0
DA:215,0
DA:218,0
DA:219,0
DA:221,0
DA:222,0
DA:224,0
DA:230,0
DA:233,0
DA:235,0
DA:241,0
DA:244,0
DA:245,0
DA:246,0
DA:249,0
DA:250,0
DA:251,0
DA:254,0
DA:260,0
DA:261,0
DA:262,0
DA:265,0
DA:268,0
DA:274,0
DA:275,0
DA:276,0
DA:280,0
DA:282,0
DA:288,0
DA:294,0
DA:295,0
DA:300,0
DA:304,0
DA:305,0
DA:306,0
DA:307,0
DA:309,0
DA:310,0
DA:311,0
DA:315,0
DA:316,0
DA:317,0
DA:318,0
DA:321,0
DA:326,0
DA:327,0
DA:330,0
DA:333,0
DA:335,0
DA:338,0
DA:351,0
DA:352,0
DA:354,0
DA:355,0
DA:356,0
DA:358,0
DA:359,0
DA:365,0
DA:366,0
DA:367,0
DA:368,0
DA:372,0
DA:376,0
DA:377,0
DA:378,0
DA:379,0
DA:381,0
DA:385,0
DA:386,0
DA:387,0
DA:388,0
DA:389,0
DA:390,0
DA:394,0
DA:395,0
DA:396,0
DA:397,0
DA:398,0
DA:399,0
DA:403,0
DA:441,0
DA:499,0
DA:527,0
LF:169
LH:0
BRDA:61,0,0,0
BRDA:61,0,1,0
BRDA:61,1,0,0
BRDA:61,1,1,0
BRDA:77,2,0,0
BRDA:77,2,1,0
BRDA:77,2,2,0
BRDA:80,3,0,0
BRDA:80,3,1,0
BRDA:86,4,0,0
BRDA:86,4,1,0
BRDA:98,5,0,0
BRDA:113,6,0,0
BRDA:113,6,1,0
BRDA:113,6,2,0
BRDA:113,6,3,0
BRDA:113,6,4,0
BRDA:113,6,5,0
BRDA:113,6,6,0
BRDA:115,7,0,0
BRDA:120,8,0,0
BRDA:120,9,0,0
BRDA:120,9,1,0
BRDA:121,10,0,0
BRDA:121,10,1,0
BRDA:122,11,0,0
BRDA:122,11,1,0
BRDA:129,12,0,0
BRDA:163,13,0,0
BRDA:221,14,0,0
BRDA:221,14,1,0
BRDA:222,15,0,0
BRDA:233,16,0,0
BRDA:244,17,0,0
BRDA:244,17,1,0
BRDA:251,18,0,0
BRDA:251,19,0,0
BRDA:251,19,1,0
BRDA:265,20,0,0
BRDA:265,21,0,0
BRDA:265,21,1,0
BRDA:280,22,0,0
BRDA:307,23,0,0
BRDA:307,23,1,0
BRDA:310,24,0,0
BRDA:310,24,1,0
BRDA:316,25,0,0
BRDA:316,25,1,0
BRDA:327,26,0,0
BRDA:355,27,0,0
BRDA:358,28,0,0
BRDA:367,29,0,0
BRDA:377,30,0,0
BRDA:377,31,0,0
BRDA:377,31,1,0
BRDA:386,32,0,0
BRDA:386,32,1,0
BRDA:386,32,2,0
BRDA:386,32,3,0
BRDA:395,33,0,0
BRDA:395,33,1,0
BRDA:395,33,2,0
BRDA:395,33,3,0
BRDA:420,34,0,0
BRDA:420,34,1,0
BRDA:464,35,0,0
BRDA:464,35,1,0
BRDA:495,36,0,0
BRDA:495,36,1,0
BRDA:499,37,0,0
BRDA:499,37,1,0
BRDA:503,38,0,0
BRDA:503,38,1,0
BRDA:508,39,0,0
BRDA:508,39,1,0
BRF:75
BRH:0
end_of_record
TN:
SF:src/components/DigitalDossierGenerator.tsx
FN:20,(anonymous_9)
FN:71,(anonymous_10)
FN:72,(anonymous_11)
FN:79,(anonymous_12)
FN:91,(anonymous_13)
FN:92,(anonymous_14)
FN:102,(anonymous_15)
FN:121,(anonymous_16)
FN:135,(anonymous_17)
FN:163,(anonymous_18)
FN:172,(anonymous_19)
FN:250,(anonymous_20)
FNF:12
FNH:0
FNDA:0,(anonymous_9)
FNDA:0,(anonymous_10)
FNDA:0,(anonymous_11)
FNDA:0,(anonymous_12)
FNDA:0,(anonymous_13)
FNDA:0,(anonymous_14)
FNDA:0,(anonymous_15)
FNDA:0,(anonymous_16)
FNDA:0,(anonymous_17)
FNDA:0,(anonymous_18)
FNDA:0,(anonymous_19)
FNDA:0,(anonymous_20)
DA:1,0
DA:2,0
DA:3,0
DA:4,0
DA:5,0
DA:20,0
DA:24,0
DA:25,0
DA:26,0
DA:71,0
DA:72,0
DA:73,0
DA:79,0
DA:80,0
DA:81,0
DA:83,0
DA:84,0
DA:86,0
DA:87,0
DA:88,0
DA:89,0
DA:91,0
DA:92,0
DA:94,0
DA:95,0
DA:96,0
DA:97,0
DA:98,0
DA:99,0
DA:100,0
DA:101,0
DA:102,0
DA:103,0
DA:105,0
DA:109,0
DA:110,0
DA:112,0
DA:117,0
DA:121,0
DA:122,0
DA:124,0
DA:125,0
DA:126,0
DA:127,0
DA:128,0
DA:129,0
DA:130,0
DA:131,0
DA:132,0
DA:135,0
DA:137,0
DA:164,0
DA:172,0
DA:250,0
DA:273,0
LF:55
LH:0
BRDA:22,0,0,0
BRDA:73,1,0,0
BRDA:73,1,1,0
BRDA:80,2,0,0
BRDA:96,3,0,0
BRDA:96,3,1,0
BRDA:101,4,0,0
BRDA:101,4,1,0
BRDA:113,5,0,0
BRDA:113,5,1,0
BRDA:122,6,0,0
BRDA:128,7,0,0
BRDA:128,7,1,0
BRDA:146,8,0,0
BRDA:146,8,1,0
BRDA:151,9,0,0
BRDA:151,9,1,0
BRDA:187,10,0,0
BRDA:187,10,1,0
BRDA:198,11,0,0
BRDA:198,11,1,0
BRDA:204,12,0,0
BRDA:204,12,1,0
BRDA:205,13,0,0
BRDA:205,13,1,0
BRDA:211,14,0,0
BRDA:211,14,1,0
BRDA:211,14,2,0
BRDA:215,15,0,0
BRDA:215,15,1,0
BRF:30
BRH:0
end_of_record
TN:
SF:src/components/ErrorBoundary.tsx
FN:16,(anonymous_0)
FN:107,(anonymous_1)
FN:108,(anonymous_2)
FN:23,(anonymous_3)
FN:27,(anonymous_4)
FN:37,(anonymous_5)
FN:55,(anonymous_6)
FN:90,(anonymous_7)
FN:102,(anonymous_8)
FN:115,(anonymous_9)
FN:171,(anonymous_10)
FN:181,(anonymous_11)
FNF:12
FNH:8
FNDA:6,(anonymous_0)
FNDA:0,(anonymous_1)
FNDA:0,(anonymous_2)
FNDA:4,(anonymous_3)
FNDA:2,(anonymous_4)
FNDA:4,(anonymous_5)
FNDA:2,(anonymous_6)
FNDA:2,(anonymous_7)
FNDA:4,(anonymous_8)
FNDA:9,(anonymous_9)
FNDA:0,(anonymous_10)
FNDA:0,(anonymous_11)
DA:1,1
DA:3,1
DA:17,5
DA:24,4
DA:28,2
DA:31,2
DA:34,2
DA:38,4
DA:40,4
DA:41,0
DA:42,4
DA:43,0
DA:44,4
DA:45,0
DA:46,4
DA:47,0
DA:48,4
DA:49,0
DA:51,4
DA:56,2
DA:70,2
DA:71,0
DA:82,2
DA:91,2
DA:99,2
DA:103,4
DA:104,4
DA:107,5
DA:108,0
DA:116,9
DA:117,4
DA:118,2
DA:121,2
DA:122,2
DA:124,2
DA:171,0
DA:181,0
DA:201,5
DA:205,1
LF:39
LH:30
BRDA:40,0,0,0
BRDA:40,0,1,4
BRDA:40,1,0,4
BRDA:40,1,1,4
BRDA:42,2,0,0
BRDA:42,2,1,4
BRDA:42,3,0,4
BRDA:42,3,1,4
BRDA:44,4,0,0
BRDA:44,4,1,4
BRDA:44,5,0,4
BRDA:44,5,1,4
BRDA:46,6,0,0
BRDA:46,6,1,4
BRDA:48,7,0,0
BRDA:48,7,1,4
BRDA:48,8,0,4
BRDA:48,8,1,4
BRDA:63,9,0,2
BRDA:63,9,1,2
BRDA:70,10,0,0
BRDA:99,11,0,2
BRDA:99,11,1,0
BRDA:116,12,0,4
BRDA:117,13,0,2
BRDA:121,14,0,2
BRDA:121,14,1,0
BRDA:138,15,0,0
BRDA:138,15,1,2
BRDA:144,16,0,2
BRDA:144,16,1,2
BRDA:158,17,0,2
BRDA:158,17,1,0
BRDA:158,17,2,0
BRF:34
BRH:23
end_of_record
TN:
SF:src/components/ErrorMessage.tsx
FN:22,(anonymous_1)
FN:31,(anonymous_2)
FN:116,(anonymous_3)
FN:121,(anonymous_4)
FN:124,(anonymous_5)
FN:136,(anonymous_6)
FNF:6
FNH:1
FNDA:18,(anonymous_1)
FNDA:0,(anonymous_2)
FNDA:0,(anonymous_3)
FNDA:0,(anonymous_4)
FNDA:0,(anonymous_5)
FNDA:0,(anonymous_6)
DA:7,2
DA:8,2
DA:22,2
DA:23,18
DA:26,0
DA:31,0
DA:32,0
DA:35,0
DA:44,0
DA:51,0
DA:58,0
DA:67,0
DA:69,0
DA:113,2
DA:116,2
DA:121,0
DA:122,0
DA:123,0
DA:124,0
DA:128,0
DA:136,2
DA:137,0
DA:139,0
LF:23
LH:7
BRDA:22,0,0,18
BRDA:23,1,0,18
BRDA:26,2,0,0
BRDA:26,2,1,0
BRDA:32,3,0,0
BRDA:32,3,1,0
BRDA:32,3,2,0
BRDA:32,3,3,0
BRDA:32,3,4,0
BRDA:32,3,5,0
BRDA:32,3,6,0
BRDA:86,4,0,0
BRDA:86,4,1,0
BRDA:92,5,0,0
BRDA:92,5,1,0
BRDA:99,6,0,0
BRDA:99,6,1,0
BRDA:119,7,0,0
BRDA:122,8,0,0
BRDA:122,9,0,0
BRDA:122,9,1,0
BRDA:137,10,0,0
BRF:22
BRH:2
end_of_record
TN:
SF:src/components/FriendlyWelcome.tsx
FN:5,(anonymous_1)
FNF:1
FNH:0
FNDA:0,(anonymous_1)
DA:1,0
DA:5,0
DA:6,0
DA:14,0
LF:4
LH:0
BRDA:8,0,0,0
BRDA:8,0,1,0
BRF:2
BRH:0
end_of_record
TN:
SF:src/components/InvestigationNotebook.tsx
FN:20,(anonymous_9)
FN:30,(anonymous_10)
FN:31,(anonymous_11)
FN:36,(anonymous_12)
FN:53,(anonymous_13)
FN:77,(anonymous_14)
FN:87,(anonymous_15)
FN:97,(anonymous_16)
FN:103,(anonymous_17)
FN:114,(anonymous_18)
FN:117,(anonymous_19)
FN:143,(anonymous_20)
FN:162,(anonymous_21)
FN:168,(anonymous_22)
FN:169,(anonymous_23)
FN:191,(anonymous_24)
FN:219,(anonymous_25)
FN:231,(anonymous_26)
FN:240,(anonymous_27)
FN:254,(anonymous_28)
FN:272,(anonymous_29)
FN:288,(anonymous_30)
FNF:22
FNH:0
FNDA:0,(anonymous_9)
FNDA:0,(anonymous_10)
FNDA:0,(anonymous_11)
FNDA:0,(anonymous_12)
FNDA:0,(anonymous_13)
FNDA:0,(anonymous_14)
FNDA:0,(anonymous_15)
FNDA:0,(anonymous_16)
FNDA:0,(anonymous_17)
FNDA:0,(anonymous_18)
FNDA:0,(anonymous_19)
FNDA:0,(anonymous_20)
FNDA:0,(anonymous_21)
FNDA:0,(anonymous_22)
FNDA:0,(anonymous_23)
FNDA:0,(anonymous_24)
FNDA:0,(anonymous_25)
FNDA:0,(anonymous_26)
FNDA:0,(anonymous_27)
FNDA:0,(anonymous_28)
FNDA:0,(anonymous_29)
FNDA:0,(anonymous_30)
DA:1,0
DA:2,0
DA:3,0
DA:4,0
DA:5,0
DA:20,0
DA:24,0
DA:25,0
DA:26,0
DA:27,0
DA:28,0
DA:30,0
DA:31,0
DA:32,0
DA:33,0
DA:34,0
DA:35,0
DA:36,0
DA:40,0
DA:42,0
DA:44,0
DA:48,0
DA:49,0
DA:53,0
DA:54,0
DA:56,0
DA:62,0
DA:63,0
DA:64,0
DA:69,0
DA:70,0
DA:71,0
DA:73,0
DA:77,0
DA:78,0
DA:80,0
DA:81,0
DA:87,0
DA:88,0
DA:90,0
DA:91,0
DA:93,0
DA:97,0
DA:98,0
DA:100,0
DA:101,0
DA:103,0
DA:104,0
DA:105,0
DA:106,0
DA:107,0
DA:110,0
DA:114,0
DA:115,0
DA:117,0
DA:120,0
DA:143,0
DA:163,0
DA:168,0
DA:170,0
DA:171,0
DA:172,0
DA:192,0
DA:219,0
DA:231,0
DA:240,0
DA:255,0
DA:272,0
DA:289,0
DA:290,0
DA:323,0
LF:71
LH:0
BRDA:22,0,0,0
BRDA:32,1,0,0
BRDA:36,2,0,0
BRDA:36,2,1,0
BRDA:38,3,0,0
BRDA:38,3,1,0
BRDA:48,4,0,0
BRDA:54,5,0,0
BRDA:66,6,0,0
BRDA:66,6,1,0
BRDA:78,7,0,0
BRDA:88,8,0,0
BRDA:88,8,1,0
BRDA:98,9,0,0
BRDA:105,10,0,0
BRDA:115,11,0,0
BRDA:115,11,1,0
BRDA:115,11,2,0
BRDA:150,12,0,0
BRDA:150,12,1,0
BRDA:155,13,0,0
BRDA:155,13,1,0
BRDA:159,14,0,0
BRDA:159,14,1,0
BRDA:166,15,0,0
BRDA:166,15,1,0
BRDA:170,16,0,0
BRDA:170,17,0,0
BRDA:170,17,1,0
BRDA:183,18,0,0
BRDA:183,18,1,0
BRDA:189,19,0,0
BRDA:189,19,1,0
BRDA:210,20,0,0
BRDA:210,20,1,0
BRDA:215,21,0,0
BRDA:215,21,1,0
BRDA:234,22,0,0
BRDA:234,22,1,0
BRDA:252,23,0,0
BRDA:252,23,1,0
BRDA:269,24,0,0
BRDA:269,24,1,0
BRDA:279,25,0,0
BRDA:279,25,1,0
BRDA:285,26,0,0
BRDA:285,26,1,0
BRF:47
BRH:0
end_of_record
TN:
SF:src/components/LoadingState.tsx
FN:12,(anonymous_1)
FN:20,(anonymous_2)
FN:42,(anonymous_3)
FNF:3
FNH:3
FNDA:18,(anonymous_1)
FNDA:47,(anonymous_2)
FNDA:10,(anonymous_3)
DA:1,4
DA:2,4
DA:12,4
DA:20,18
DA:21,47
DA:22,41
DA:23,3
DA:24,6
DA:25,3
DA:26,29
DA:31,18
DA:37,18
DA:39,18
DA:40,3
DA:43,10
DA:54,15
DA:55,1
DA:69,14
DA:70,1
DA:71,1
DA:87,13
DA:88,2
DA:106,11
DA:122,4
LF:24
LH:24
BRDA:13,0,0,11
BRDA:15,1,0,16
BRDA:16,2,0,14
BRDA:17,3,0,17
BRDA:21,4,0,6
BRDA:22,5,0,3
BRDA:22,5,1,6
BRDA:22,5,2,3
BRDA:22,5,3,29
BRDA:39,6,0,3
BRDA:54,7,0,1
BRDA:69,8,0,1
BRDA:70,9,0,1
BRDA:70,9,1,0
BRDA:70,10,0,0
BRDA:70,10,1,0
BRDA:77,11,0,1
BRDA:77,11,1,1
BRDA:87,12,0,2
BRDA:95,13,0,2
BRDA:95,13,1,2
BRDA:112,14,0,11
BRDA:112,14,1,11
BRF:23
BRH:20
end_of_record
TN:
SF:src/components/MemoryMonitor.tsx
FN:9,(anonymous_1)
FN:15,(anonymous_2)
FN:22,(anonymous_3)
FN:43,(anonymous_4)
FNF:4
FNH:0
FNDA:0,(anonymous_1)
FNDA:0,(anonymous_2)
FNDA:0,(anonymous_3)
FNDA:0,(anonymous_4)
DA:1,0
DA:2,0
DA:3,0
DA:9,0
DA:10,0
DA:15,0
DA:16,0
DA:17,0
DA:18,0
DA:19,0
DA:22,0
DA:23,0
DA:25,0
DA:27,0
DA:28,0
DA:29,0
DA:32,0
DA:34,0
DA:43,0
DA:123,0
LF:20
LH:0
BRDA:9,0,0,0
BRDA:16,1,0,0
BRDA:23,2,0,0
BRDA:27,3,0,0
BRDA:28,4,0,0
BRDA:59,5,0,0
BRDA:59,5,1,0
BRDA:90,6,0,0
BRDA:90,6,1,0
BRDA:91,7,0,0
BRDA:91,7,1,0
BRDA:102,8,0,0
BRDA:102,8,1,0
BRDA:103,9,0,0
BRDA:103,9,1,0
BRDA:113,10,0,0
BRDA:113,10,1,0
BRF:17
BRH:0
end_of_record
TN:
SF:src/components/NotificationContainer.tsx
FN:5,(anonymous_1)
FN:12,(anonymous_2)
FN:19,(anonymous_3)
FN:29,(anonymous_4)
FNF:4
FNH:0
FNDA:0,(anonymous_1)
FNDA:0,(anonymous_2)
FNDA:0,(anonymous_3)
FNDA:0,(anonymous_4)
DA:1,0
DA:2,0
DA:3,0
DA:5,0
DA:6,0
DA:8,0
DA:10,0
DA:13,0
DA:19,0
DA:29,0
DA:30,0
DA:31,0
DA:32,0
DA:33,0
DA:34,0
DA:35,0
LF:16
LH:0
BRDA:8,0,0,0
BRDA:30,1,0,0
BRDA:30,1,1,0
BRDA:30,1,2,0
BRDA:30,1,3,0
BRDA:30,1,4,0
BRF:6
BRH:0
end_of_record
TN:
SF:src/components/OfflineIndicator.tsx
FN:7,(anonymous_1)
FNF:1
FNH:0
FNDA:0,(anonymous_1)
DA:1,0
DA:2,0
DA:3,0
DA:4,0
DA:5,0
DA:7,0
DA:8,0
DA:9,0
DA:11,0
DA:13,0
DA:44,0
LF:11
LH:0
BRDA:11,0,0,0
BRDA:11,1,0,0
BRDA:11,1,1,0
BRDA:19,2,0,0
BRDA:19,2,1,0
BRDA:22,3,0,0
BRDA:22,3,1,0
BRDA:26,4,0,0
BRDA:26,4,1,0
BRDA:30,5,0,0
BRDA:30,5,1,0
BRDA:30,5,2,0
BRDA:32,6,0,0
BRDA:32,6,1,0
BRF:14
BRH:0
end_of_record
TN:
SF:src/components/OnboardingWizard.tsx
FN:6,(anonymous_1)
FNF:1
FNH:0
FNDA:0,(anonymous_1)
DA:1,0
DA:2,0
DA:3,0
DA:4,0
DA:6,0
DA:7,0
DA:16,0
LF:7
LH:0
BRF:0
BRH:0
end_of_record
TN:
SF:src/components/PageErrorBoundary.tsx
FN:24,(anonymous_0)
FN:41,(anonymous_1)
FN:46,(anonymous_2)
FN:30,(anonymous_3)
FN:34,(anonymous_4)
FN:50,(anonymous_5)
FNF:6
FNH:4
FNDA:90,(anonymous_0)
FNDA:0,(anonymous_1)
FNDA:0,(anonymous_2)
FNDA:84,(anonymous_3)
FNDA:42,(anonymous_4)
FNDA:168,(anonymous_5)
DA:2,6
DA:3,6
DA:4,6
DA:5,6
DA:6,6
DA:25,84
DA:31,84
DA:35,42
DA:38,42
DA:41,84
DA:42,0
DA:43,0
DA:46,84
DA:47,0
DA:51,168
DA:52,84
DA:53,0
DA:56,84
DA:99,84
DA:103,6
LF:20
LH:16
BRDA:38,0,0,42
BRDA:38,0,1,0
BRDA:51,1,0,84
BRDA:52,2,0,0
BRDA:71,3,0,84
BRDA:71,3,1,84
BRDA:71,3,2,0
BRF:7
BRH:4
end_of_record
TN:
SF:src/components/RelationshipGraph.tsx
FN:5,(anonymous_9)
FN:5,(anonymous_10)
FN:39,(anonymous_11)
FN:55,(anonymous_12)
FN:57,(anonymous_13)
FN:61,(anonymous_14)
FN:64,(anonymous_15)
FN:72,(anonymous_16)
FN:77,(anonymous_17)
FN:83,(anonymous_18)
FN:89,(anonymous_19)
FN:106,(anonymous_20)
FN:111,(anonymous_21)
FN:117,(anonymous_22)
FN:139,(anonymous_23)
FN:153,(anonymous_24)
FN:165,(anonymous_25)
FN:174,(anonymous_26)
FN:180,(anonymous_27)
FN:186,(anonymous_28)
FN:193,(anonymous_29)
FN:205,(anonymous_30)
FN:210,(anonymous_31)
FN:224,(anonymous_32)
FN:248,(anonymous_33)
FN:267,(anonymous_34)
FN:284,(anonymous_35)
FN:288,(anonymous_36)
FN:314,(anonymous_37)
FN:336,(anonymous_38)
FN:342,(anonymous_39)
FN:347,(anonymous_40)
FN:423,(anonymous_41)
FN:424,(anonymous_42)
FN:462,(anonymous_43)
FN:466,(anonymous_44)
FN:495,(anonymous_45)
FNF:37
FNH:0
FNDA:0,(anonymous_9)
FNDA:0,(anonymous_10)
FNDA:0,(anonymous_11)
FNDA:0,(anonymous_12)
FNDA:0,(anonymous_13)
FNDA:0,(anonymous_14)
FNDA:0,(anonymous_15)
FNDA:0,(anonymous_16)
FNDA:0,(anonymous_17)
FNDA:0,(anonymous_18)
FNDA:0,(anonymous_19)
FNDA:0,(anonymous_20)
FNDA:0,(anonymous_21)
FNDA:0,(anonymous_22)
FNDA:0,(anonymous_23)
FNDA:0,(anonymous_24)
FNDA:0,(anonymous_25)
FNDA:0,(anonymous_26)
FNDA:0,(anonymous_27)
FNDA:0,(anonymous_28)
FNDA:0,(anonymous_29)
FNDA:0,(anonymous_30)
FNDA:0,(anonymous_31)
FNDA:0,(anonymous_32)
FNDA:0,(anonymous_33)
FNDA:0,(anonymous_34)
FNDA:0,(anonymous_35)
FNDA:0,(anonymous_36)
FNDA:0,(anonymous_37)
FNDA:0,(anonymous_38)
FNDA:0,(anonymous_39)
FNDA:0,(anonymous_40)
FNDA:0,(anonymous_41)
FNDA:0,(anonymous_42)
FNDA:0,(anonymous_43)
FNDA:0,(anonymous_44)
FNDA:0,(anonymous_45)
DA:1,0
DA:2,0
DA:3,0
DA:4,0
DA:5,0
DA:6,0
DA:17,0
DA:18,0
DA:39,0
DA:40,0
DA:41,0
DA:42,0
DA:43,0
DA:44,0
DA:45,0
DA:46,0
DA:47,0
DA:49,0
DA:50,0
DA:51,0
DA:53,0
DA:55,0
DA:56,0
DA:57,0
DA:61,0
DA:62,0
DA:64,0
DA:65,0
DA:66,0
DA:67,0
DA:71,0
DA:72,0
DA:77,0
DA:78,0
DA:79,0
DA:80,0
DA:81,0
DA:83,0
DA:89,0
DA:95,0
DA:96,0
DA:99,0
DA:101,0
DA:106,0
DA:107,0
DA:108,0
DA:109,0
DA:110,0
DA:111,0
DA:117,0
DA:123,0
DA:124,0
DA:125,0
DA:128,0
DA:129,0
DA:133,0
DA:135,0
DA:139,0
DA:140,0
DA:141,0
DA:142,0
DA:143,0
DA:144,0
DA:146,0
DA:149,0
DA:153,0
DA:154,0
DA:155,0
DA:156,0
DA:157,0
DA:158,0
DA:161,0
DA:165,0
DA:166,0
DA:167,0
DA:168,0
DA:170,0
DA:174,0
DA:175,0
DA:176,0
DA:180,0
DA:181,0
DA:182,0
DA:186,0
DA:187,0
DA:188,0
DA:189,0
DA:193,0
DA:194,0
DA:195,0
DA:196,0
DA:197,0
DA:201,0
DA:202,0
DA:205,0
DA:206,0
DA:208,0
DA:209,0
DA:210,0
DA:213,0
DA:216,0
DA:217,0
DA:220,0
DA:221,0
DA:223,0
DA:224,0
DA:225,0
DA:227,0
DA:229,0
DA:230,0
DA:232,0
DA:233,0
DA:235,0
DA:238,0
DA:239,0
DA:240,0
DA:241,0
DA:243,0
DA:244,0
DA:248,0
DA:249,0
DA:250,0
DA:251,0
DA:254,0
DA:255,0
DA:256,0
DA:257,0
DA:258,0
DA:259,0
DA:260,0
DA:262,0
DA:267,0
DA:268,0
DA:271,0
DA:284,0
DA:288,0
DA:314,0
DA:337,0
DA:338,0
DA:339,0
DA:340,0
DA:342,0
DA:347,0
DA:424,0
DA:425,0
DA:427,0
DA:463,0
DA:466,0
DA:496,0
DA:515,0
LF:150
LH:0
BRDA:62,0,0,0
BRDA:81,1,0,0
BRDA:83,2,0,0
BRDA:83,2,1,0
BRDA:85,3,0,0
BRDA:85,3,1,0
BRDA:86,4,0,0
BRDA:86,4,1,0
BRDA:89,5,0,0
BRDA:89,5,1,0
BRDA:89,5,2,0
BRDA:96,6,0,0
BRDA:96,6,1,0
BRDA:101,7,0,0
BRDA:106,8,0,0
BRDA:110,9,0,0
BRDA:111,10,0,0
BRDA:111,10,1,0
BRDA:113,11,0,0
BRDA:113,11,1,0
BRDA:114,12,0,0
BRDA:114,12,1,0
BRDA:117,13,0,0
BRDA:117,13,1,0
BRDA:117,13,2,0
BRDA:124,14,0,0
BRDA:124,14,1,0
BRDA:128,15,0,0
BRDA:135,16,0,0
BRDA:142,17,0,0
BRDA:143,18,0,0
BRDA:143,18,1,0
BRDA:146,19,0,0
BRDA:156,20,0,0
BRDA:157,21,0,0
BRDA:157,21,1,0
BRDA:158,22,0,0
BRDA:158,22,1,0
BRDA:168,23,0,0
BRDA:168,24,0,0
BRDA:168,24,1,0
BRDA:175,25,0,0
BRDA:181,26,0,0
BRDA:187,27,0,0
BRDA:195,28,0,0
BRDA:202,29,0,0
BRDA:202,30,0,0
BRDA:202,30,1,0
BRDA:206,31,0,0
BRDA:209,32,0,0
BRDA:209,32,1,0
BRDA:213,33,0,0
BRDA:213,33,1,0
BRDA:213,33,2,0
BRDA:213,33,3,0
BRDA:213,33,4,0
BRDA:213,33,5,0
BRDA:213,33,6,0
BRDA:213,33,7,0
BRDA:223,34,0,0
BRDA:225,35,0,0
BRDA:238,36,0,0
BRDA:240,37,0,0
BRDA:244,38,0,0
BRDA:244,39,0,0
BRDA:244,39,1,0
BRDA:248,40,0,0
BRDA:251,41,0,0
BRDA:251,41,1,0
BRDA:285,42,0,0
BRDA:285,42,1,0
BRDA:337,43,0,0
BRDA:338,44,0,0
BRDA:339,45,0,0
BRDA:356,46,0,0
BRDA:356,46,1,0
BRDA:370,47,0,0
BRDA:370,47,1,0
BRDA:370,47,2,0
BRDA:374,48,0,0
BRDA:374,48,1,0
BRDA:374,48,2,0
BRDA:379,49,0,0
BRDA:379,49,1,0
BRDA:385,50,0,0
BRDA:385,50,1,0
BRDA:417,51,0,0
BRDA:417,51,1,0
BRDA:425,52,0,0
BRDA:439,53,0,0
BRDA:439,53,1,0
BRDA:444,54,0,0
BRDA:444,54,1,0
BRDA:455,55,0,0
BRDA:455,55,1,0
BRDA:485,56,0,0
BRDA:485,56,1,0
BRF:97
BRH:0
end_of_record
TN:
SF:src/components/RoleSelection.tsx
FN:7,(anonymous_10)
FN:12,(anonymous_11)
FN:15,(anonymous_12)
FN:18,(anonymous_13)
FN:19,(anonymous_14)
FN:20,(anonymous_15)
FN:31,(anonymous_16)
FN:34,(anonymous_17)
FNF:8
FNH:0
FNDA:0,(anonymous_10)
FNDA:0,(anonymous_11)
FNDA:0,(anonymous_12)
FNDA:0,(anonymous_13)
FNDA:0,(anonymous_14)
FNDA:0,(anonymous_15)
FNDA:0,(anonymous_16)
FNDA:0,(anonymous_17)
DA:1,0
DA:2,0
DA:3,0
DA:7,0
DA:8,0
DA:9,0
DA:10,0
DA:12,0
DA:13,0
DA:14,0
DA:16,0
DA:18,0
DA:19,0
DA:20,0
DA:21,0
DA:25,0
DA:32,0
DA:34,0
DA:47,0
LF:19
LH:0
BRDA:16,0,0,0
BRDA:16,1,0,0
BRDA:16,1,1,0
BRDA:28,2,0,0
BRDA:28,2,1,0
BRDA:29,3,0,0
BRDA:29,3,1,0
BRDA:35,4,0,0
BRDA:35,4,1,0
BRF:9
BRH:0
end_of_record
TN:
SF:src/components/RoleSelector.tsx
FN:58,(anonymous_1)
FN:71,(anonymous_2)
FN:78,(anonymous_3)
FN:86,(anonymous_4)
FN:88,(anonymous_5)
FN:90,(anonymous_6)
FN:92,(anonymous_7)
FN:95,(anonymous_8)
FN:102,(anonymous_9)
FN:102,(anonymous_10)
FN:124,(anonymous_11)
FN:125,(anonymous_12)
FN:153,(anonymous_13)
FN:166,(anonymous_14)
FNF:14
FNH:0
FNDA:0,(anonymous_1)
FNDA:0,(anonymous_2)
FNDA:0,(anonymous_3)
FNDA:0,(anonymous_4)
FNDA:0,(anonymous_5)
FNDA:0,(anonymous_6)
FNDA:0,(anonymous_7)
FNDA:0,(anonymous_8)
FNDA:0,(anonymous_9)
FNDA:0,(anonymous_10)
FNDA:0,(anonymous_11)
FNDA:0,(anonymous_12)
FNDA:0,(anonymous_13)
FNDA:0,(anonymous_14)
DA:2,0
DA:20,0
DA:58,0
DA:63,0
DA:71,0
DA:79,0
DA:86,0
DA:88,0
DA:90,0
DA:92,0
DA:95,0
DA:102,0
DA:103,0
DA:124,0
DA:125,0
DA:127,0
DA:133,0
DA:141,0
DA:153,0
DA:154,0
DA:162,0
DA:166,0
DA:167,0
DA:169,0
DA:190,0
LF:25
LH:0
BRDA:61,0,0,0
BRDA:86,1,0,0
BRDA:86,1,1,0
BRDA:124,2,0,0
BRDA:145,3,0,0
BRDA:145,3,1,0
BRDA:147,4,0,0
BRDA:147,4,1,0
BRF:8
BRH:0
end_of_record
TN:
SF:src/components/TemporalPlayback.tsx
FN:11,(anonymous_9)
FN:29,(anonymous_10)
FN:32,(anonymous_11)
FN:33,(anonymous_12)
FN:45,(anonymous_13)
FN:48,(anonymous_14)
FN:52,(anonymous_15)
FN:58,(anonymous_16)
FN:60,(anonymous_17)
FN:66,(anonymous_18)
FN:87,(anonymous_19)
FN:101,(anonymous_20)
FN:136,(anonymous_21)
FN:154,(anonymous_22)
FN:175,(anonymous_23)
FN:183,(anonymous_24)
FNF:16
FNH:0
FNDA:0,(anonymous_9)
FNDA:0,(anonymous_10)
FNDA:0,(anonymous_11)
FNDA:0,(anonymous_12)
FNDA:0,(anonymous_13)
FNDA:0,(anonymous_14)
FNDA:0,(anonymous_15)
FNDA:0,(anonymous_16)
FNDA:0,(anonymous_17)
FNDA:0,(anonymous_18)
FNDA:0,(anonymous_19)
FNDA:0,(anonymous_20)
FNDA:0,(anonymous_21)
FNDA:0,(anonymous_22)
FNDA:0,(anonymous_23)
FNDA:0,(anonymous_24)
DA:1,0
DA:2,0
DA:3,0
DA:11,0
DA:15,0
DA:16,0
DA:17,0
DA:18,0
DA:21,0
DA:29,0
DA:31,0
DA:32,0
DA:33,0
DA:34,0
DA:35,0
DA:36,0
DA:37,0
DA:39,0
DA:40,0
DA:41,0
DA:45,0
DA:48,0
DA:49,0
DA:52,0
DA:53,0
DA:54,0
DA:55,0
DA:58,0
DA:59,0
DA:60,0
DA:61,0
DA:62,0
DA:66,0
DA:67,0
DA:68,0
DA:69,0
DA:72,0
DA:74,0
DA:87,0
DA:102,0
DA:136,0
DA:154,0
DA:175,0
DA:183,0
DA:189,0
LF:45
LH:0
BRDA:13,0,0,0
BRDA:31,1,0,0
BRDA:35,2,0,0
BRDA:61,3,0,0
BRDA:61,3,1,0
BRDA:148,4,0,0
BRDA:148,4,1,0
BRDA:150,5,0,0
BRDA:150,5,1,0
BRDA:183,6,0,0
BRDA:183,6,1,0
BRF:11
BRH:0
end_of_record
TN:
SF:src/components/VirtualizedEvidenceList.tsx
FN:11,VirtualizedEvidenceList
FN:15,(anonymous_10)
FN:17,(anonymous_11)
FN:18,(anonymous_12)
FN:20,(anonymous_13)
FN:24,(anonymous_14)
FN:28,(anonymous_15)
FN:31,(anonymous_16)
FN:43,(anonymous_17)
FN:55,(anonymous_18)
FNF:10
FNH:0
FNDA:0,VirtualizedEvidenceList
FNDA:0,(anonymous_10)
FNDA:0,(anonymous_11)
FNDA:0,(anonymous_12)
FNDA:0,(anonymous_13)
FNDA:0,(anonymous_14)
FNDA:0,(anonymous_15)
FNDA:0,(anonymous_16)
FNDA:0,(anonymous_17)
FNDA:0,(anonymous_18)
DA:1,0
DA:11,0
DA:12,0
DA:13,0
DA:15,0
DA:16,0
DA:17,0
DA:19,0
DA:20,0
DA:21,0
DA:26,0
DA:28,0
DA:31,0
DA:33,0
DA:34,0
DA:35,0
DA:44,0
DA:53,0
DA:56,0
LF:19
LH:0
BRDA:11,0,0,0
BRDA:11,1,0,0
BRDA:19,2,0,0
BRDA:33,3,0,0
BRDA:33,4,0,0
BRDA:33,4,1,0
BRF:6
BRH:0
end_of_record
TN:
SF:src/components/WebSocketSync.tsx
FN:7,(anonymous_0)
FN:11,(anonymous_1)
FN:12,(anonymous_2)
FNF:3
FNH:0
FNDA:0,(anonymous_0)
FNDA:0,(anonymous_1)
FNDA:0,(anonymous_2)
DA:2,0
DA:3,0
DA:4,0
DA:5,0
DA:7,0
DA:8,0
DA:9,0
DA:11,0
DA:12,0
DA:14,0
DA:15,0
DA:16,0
DA:17,0
DA:18,0
DA:23,0
DA:24,0
DA:25,0
DA:28,0
DA:29,0
DA:30,0
DA:35,0
DA:36,0
DA:40,0
DA:43,0
LF:24
LH:0
BRDA:14,0,0,0
BRDA:16,1,0,0
BRDA:16,2,0,0
BRDA:16,2,1,0
BRDA:23,3,0,0
BRDA:25,4,0,0
BRDA:25,5,0,0
BRDA:25,5,1,0
BRDA:28,6,0,0
BRDA:28,6,1,0
BRDA:35,7,0,0
BRF:11
BRH:0
end_of_record
TN:
SF:src/components/accessibility/AccessibilityChecker.tsx
FN:10,(anonymous_10)
FN:14,(anonymous_11)
FN:17,(anonymous_12)
FN:24,(anonymous_13)
FN:30,(anonymous_14)
FN:46,(anonymous_15)
FN:53,(anonymous_16)
FNF:7
FNH:2
FNDA:3,(anonymous_10)
FNDA:3,(anonymous_11)
FNDA:0,(anonymous_12)
FNDA:0,(anonymous_13)
FNDA:0,(anonymous_14)
FNDA:0,(anonymous_15)
FNDA:0,(anonymous_16)
DA:1,1
DA:2,1
DA:3,1
DA:10,1
DA:14,3
DA:15,3
DA:17,0
DA:18,0
DA:19,0
DA:20,0
DA:22,0
DA:23,0
DA:24,0
DA:30,0
DA:34,0
DA:37,0
DA:44,0
DA:46,0
DA:49,3
DA:53,1
DA:54,0
DA:55,0
DA:56,0
DA:63,0
DA:64,0
LF:25
LH:8
BRDA:12,0,0,3
BRDA:15,1,0,3
BRDA:22,2,0,0
BRDA:22,2,1,0
BRDA:38,3,0,0
BRDA:38,3,1,0
BRDA:55,4,0,0
BRDA:55,4,1,0
BRF:8
BRH:2
end_of_record
TN:
SF:src/components/accessibility/AccessibilitySettings.tsx
FN:10,(anonymous_1)
FN:49,(anonymous_2)
FN:75,(anonymous_3)
FN:95,(anonymous_4)
FN:98,(anonymous_5)
FNF:5
FNH:0
FNDA:0,(anonymous_1)
FNDA:0,(anonymous_2)
FNDA:0,(anonymous_3)
FNDA:0,(anonymous_4)
FNDA:0,(anonymous_5)
DA:1,0
DA:2,0
DA:3,0
DA:4,0
DA:10,0
DA:18,0
DA:20,0
DA:49,0
DA:75,0
DA:96,0
DA:98,0
LF:11
LH:0
BRDA:100,0,0,0
BRDA:100,0,1,0
BRDA:125,1,0,0
BRDA:125,1,1,0
BRF:4
BRH:0
end_of_record
TN:
SF:src/components/accessibility/VoiceControl.tsx
FN:5,(anonymous_9)
FN:11,(anonymous_10)
FN:20,(anonymous_11)
FN:40,(anonymous_12)
FN:50,(anonymous_13)
FNF:5
FNH:0
FNDA:0,(anonymous_9)
FNDA:0,(anonymous_10)
FNDA:0,(anonymous_11)
FNDA:0,(anonymous_12)
FNDA:0,(anonymous_13)
DA:1,0
DA:2,0
DA:3,0
DA:5,0
DA:6,0
DA:7,0
DA:8,0
DA:9,0
DA:11,0
DA:12,0
DA:13,0
DA:15,0
DA:16,0
DA:20,0
DA:21,0
DA:23,0
DA:24,0
DA:25,0
DA:26,0
DA:27,0
DA:28,0
DA:29,0
DA:30,0
DA:31,0
DA:32,0
DA:33,0
DA:34,0
DA:36,0
DA:40,0
DA:41,0
DA:42,0
DA:43,0
DA:45,0
DA:48,0
DA:50,0
DA:51,0
DA:52,0
DA:53,0
DA:54,0
DA:55,0
DA:62,0
DA:107,0
LF:42
LH:0
BRDA:12,0,0,0
BRDA:12,0,1,0
BRDA:15,1,0,0
BRDA:23,2,0,0
BRDA:23,2,1,0
BRDA:23,3,0,0
BRDA:23,3,1,0
BRDA:26,4,0,0
BRDA:26,4,1,0
BRDA:26,5,0,0
BRDA:26,5,1,0
BRDA:29,6,0,0
BRDA:29,6,1,0
BRDA:32,7,0,0
BRDA:32,7,1,0
BRDA:41,8,0,0
BRDA:41,8,1,0
BRDA:64,9,0,0
BRDA:64,9,1,0
BRDA:72,10,0,0
BRDA:72,10,1,0
BRDA:76,11,0,0
BRDA:76,11,1,0
BRDA:97,12,0,0
BRDA:97,12,1,0
BRDA:100,13,0,0
BRDA:100,13,1,0
BRF:27
BRH:0
end_of_record
TN:
SF:src/components/adjudication/AdjudicationLayout.tsx
FN:9,(anonymous_1)
FNF:1
FNH:0
FNDA:0,(anonymous_1)
DA:1,2
DA:9,2
DA:10,0
DA:39,2
LF:4
LH:3
BRDA:15,0,0,0
BRDA:15,0,1,0
BRDA:23,1,0,0
BRDA:23,1,1,0
BRDA:25,2,0,0
BRDA:25,2,1,0
BRF:6
BRH:0
end_of_record
TN:
SF:src/components/adjudication/AlertDetail.tsx
FN:14,(anonymous_1)
FN:40,(anonymous_2)
FN:54,(anonymous_3)
FN:55,(anonymous_4)
FN:56,(anonymous_5)
FNF:5
FNH:0
FNDA:0,(anonymous_1)
FNDA:0,(anonymous_2)
FNDA:0,(anonymous_3)
FNDA:0,(anonymous_4)
FNDA:0,(anonymous_5)
DA:1,2
DA:3,2
DA:4,0
DA:14,0
DA:21,0
DA:40,0
DA:54,0
DA:55,0
DA:56,0
DA:64,0
LF:10
LH:2
BRDA:33,0,0,0
BRDA:33,0,1,0
BRDA:34,1,0,0
BRDA:34,1,1,0
BRDA:40,2,0,0
BRDA:40,2,1,0
BRF:6
BRH:0
end_of_record
TN:
SF:src/components/adjudication/AlertList.tsx
FN:14,(anonymous_1)
FN:46,(anonymous_2)
FN:47,(anonymous_3)
FNF:3
FNH:0
FNDA:0,(anonymous_1)
FNDA:0,(anonymous_2)
FNDA:0,(anonymous_3)
DA:1,2
DA:3,2
DA:4,2
DA:5,2
DA:14,2
DA:15,0
DA:46,0
DA:48,0
DA:63,2
LF:9
LH:6
BRDA:35,0,0,0
BRDA:35,0,1,0
BRDA:37,1,0,0
BRDA:37,1,1,0
BRF:4
BRH:0
end_of_record
TN:
SF:src/components/adjudication/AlertListItem.tsx
FN:12,(anonymous_1)
FN:15,(anonymous_2)
FN:24,(anonymous_3)
FN:36,(anonymous_4)
FNF:4
FNH:0
FNDA:0,(anonymous_1)
FNDA:0,(anonymous_2)
FNDA:0,(anonymous_3)
FNDA:0,(anonymous_4)
DA:1,2
DA:3,2
DA:4,2
DA:12,2
DA:13,0
DA:15,0
DA:16,0
DA:17,0
DA:18,0
DA:19,0
DA:20,0
DA:24,0
DA:25,0
DA:26,0
DA:27,0
DA:31,0
DA:36,0
DA:81,2
LF:18
LH:5
BRDA:16,0,0,0
BRDA:16,0,1,0
BRDA:16,0,2,0
BRDA:16,0,3,0
BRDA:25,1,0,0
BRDA:25,2,0,0
BRDA:25,2,1,0
BRDA:40,3,0,0
BRDA:40,3,1,0
BRDA:65,4,0,0
BRDA:65,4,1,0
BRF:11
BRH:0
end_of_record
TN:
SF:src/components/adjudication/ContextTabs.tsx
FN:13,(anonymous_1)
FN:27,(anonymous_2)
FN:30,(anonymous_3)
FNF:3
FNH:0
FNDA:0,(anonymous_1)
FNDA:0,(anonymous_2)
FNDA:0,(anonymous_3)
DA:1,2
DA:3,2
DA:4,2
DA:5,2
DA:6,2
DA:7,0
DA:13,0
DA:14,0
DA:16,0
DA:23,0
DA:28,0
DA:30,0
DA:55,0
LF:13
LH:5
BRDA:33,0,0,0
BRDA:33,0,1,0
BRDA:46,1,0,0
BRDA:46,1,1,0
BRDA:47,2,0,0
BRDA:47,2,1,0
BRDA:48,3,0,0
BRDA:48,3,1,0
BRDA:49,4,0,0
BRDA:49,4,1,0
BRF:10
BRH:0
end_of_record
TN:
SF:src/components/adjudication/DecisionPanel.tsx
FN:13,(anonymous_1)
FNF:1
FNH:0
FNDA:0,(anonymous_1)
DA:1,0
DA:2,0
DA:3,0
DA:13,0
DA:20,0
DA:78,0
LF:6
LH:0
BRDA:17,0,0,0
BRDA:18,1,0,0
BRDA:26,2,0,0
BRDA:26,2,1,0
BRDA:32,3,0,0
BRDA:32,3,1,0
BRDA:43,4,0,0
BRDA:43,4,1,0
BRDA:49,5,0,0
BRDA:49,5,1,0
BRDA:60,6,0,0
BRDA:60,6,1,0
BRDA:66,7,0,0
BRDA:66,7,1,0
BRF:14
BRH:0
end_of_record
TN:
SF:src/components/adjudication/tabs/AIReasoningTab.tsx
FN:9,(anonymous_1)
FN:36,(anonymous_2)
FNF:2
FNH:0
FNDA:0,(anonymous_1)
FNDA:0,(anonymous_2)
DA:1,2
DA:3,2
DA:9,2
DA:11,0
DA:21,0
DA:37,0
DA:64,2
LF:7
LH:4
BRDA:11,0,0,0
BRDA:11,0,1,0
BRDA:38,1,0,0
BRDA:38,1,1,0
BRDA:38,2,0,0
BRDA:38,2,1,0
BRDA:50,3,0,0
BRDA:50,3,1,0
BRDA:50,4,0,0
BRDA:50,4,1,0
BRF:10
BRH:0
end_of_record
TN:
SF:src/components/adjudication/tabs/ContextTab.tsx
FN:10,(anonymous_1)
FNF:1
FNH:0
FNDA:0,(anonymous_1)
DA:1,2
DA:3,2
DA:4,2
DA:10,2
DA:11,0
DA:13,0
DA:62,2
LF:7
LH:5
BRF:0
BRH:0
end_of_record
TN:
SF:src/components/adjudication/tabs/GraphTab.tsx
FN:9,(anonymous_10)
FN:10,(anonymous_11)
FN:36,(anonymous_12)
FNF:3
FNH:0
FNDA:0,(anonymous_10)
FNDA:0,(anonymous_11)
FNDA:0,(anonymous_12)
DA:1,2
DA:3,2
DA:9,0
DA:10,0
DA:11,0
DA:26,0
DA:37,0
DA:38,0
DA:46,0
LF:9
LH:2
BRDA:38,0,0,0
BRDA:38,0,1,0
BRF:2
BRH:0
end_of_record
TN:
SF:src/components/adjudication/tabs/HistoryTab.tsx
FN:9,(anonymous_1)
FN:21,(anonymous_2)
FNF:2
FNH:0
FNDA:0,(anonymous_1)
FNDA:0,(anonymous_2)
DA:1,2
DA:3,2
DA:9,2
DA:11,0
DA:16,0
DA:22,0
DA:49,2
LF:7
LH:4
BRDA:23,0,0,0
BRDA:23,0,1,0
BRDA:38,1,0,0
BRDA:38,1,1,0
BRF:4
BRH:0
end_of_record
TN:
SF:src/components/advanced/ai/AiPerformanceMonitor.tsx
FN:19,(anonymous_9)
FN:60,(anonymous_10)
FN:69,(anonymous_11)
FN:78,(anonymous_12)
FN:79,(anonymous_13)
FN:80,(anonymous_14)
FN:81,(anonymous_15)
FN:82,(anonymous_16)
FN:158,(anonymous_17)
FN:163,(anonymous_18)
FN:180,(anonymous_19)
FN:193,(anonymous_20)
FNF:12
FNH:0
FNDA:0,(anonymous_9)
FNDA:0,(anonymous_10)
FNDA:0,(anonymous_11)
FNDA:0,(anonymous_12)
FNDA:0,(anonymous_13)
FNDA:0,(anonymous_14)
FNDA:0,(anonymous_15)
FNDA:0,(anonymous_16)
FNDA:0,(anonymous_17)
FNDA:0,(anonymous_18)
FNDA:0,(anonymous_19)
FNDA:0,(anonymous_20)
DA:1,0
DA:2,0
DA:3,0
DA:4,0
DA:5,0
DA:19,0
DA:20,0
DA:55,0
DA:56,0
DA:60,0
DA:61,0
DA:62,0
DA:63,0
DA:64,0
DA:65,0
DA:69,0
DA:70,0
DA:71,0
DA:72,0
DA:73,0
DA:74,0
DA:78,0
DA:79,0
DA:80,0
DA:81,0
DA:82,0
DA:84,0
DA:159,0
DA:163,0
DA:181,0
DA:193,0
DA:297,0
LF:32
LH:0
BRDA:61,0,0,0
BRDA:61,0,1,0
BRDA:61,0,2,0
BRDA:61,0,3,0
BRDA:70,1,0,0
BRDA:70,1,1,0
BRDA:70,1,2,0
BRDA:70,1,3,0
BRDA:81,2,0,0
BRDA:81,2,1,0
BRDA:82,3,0,0
BRDA:82,3,1,0
BRDA:161,4,0,0
BRDA:161,4,1,0
BRDA:193,5,0,0
BRDA:193,5,1,0
BRDA:195,6,0,0
BRDA:195,6,1,0
BRDA:220,7,0,0
BRDA:220,7,1,0
BRDA:282,8,0,0
BRDA:282,8,1,0
BRF:22
BRH:0
end_of_record
TN:
SF:src/components/advanced/ai/MultimodalAnalyzer.tsx
FN:11,(anonymous_9)
FN:17,(anonymous_10)
FN:19,(anonymous_11)
FN:22,(anonymous_12)
FN:28,(anonymous_13)
FN:57,(anonymous_14)
FN:92,(anonymous_15)
FN:102,(anonymous_16)
FN:131,(anonymous_17)
FN:171,(anonymous_18)
FNF:10
FNH:0
FNDA:0,(anonymous_9)
FNDA:0,(anonymous_10)
FNDA:0,(anonymous_11)
FNDA:0,(anonymous_12)
FNDA:0,(anonymous_13)
FNDA:0,(anonymous_14)
FNDA:0,(anonymous_15)
FNDA:0,(anonymous_16)
FNDA:0,(anonymous_17)
FNDA:0,(anonymous_18)
DA:1,0
DA:2,0
DA:3,0
DA:4,0
DA:5,0
DA:6,0
DA:7,0
DA:8,0
DA:9,0
DA:11,0
DA:12,0
DA:13,0
DA:14,0
DA:15,0
DA:17,0
DA:18,0
DA:19,0
DA:22,0
DA:23,0
DA:25,0
DA:26,0
DA:28,0
DA:47,0
DA:49,0
DA:51,0
DA:57,0
DA:58,0
DA:59,0
DA:60,0
DA:63,0
DA:92,0
DA:103,0
DA:132,0
DA:172,0
DA:210,0
LF:35
LH:0
BRDA:18,0,0,0
BRDA:18,0,1,0
BRDA:23,1,0,0
BRDA:34,2,0,0
BRDA:34,2,1,0
BRDA:58,3,0,0
BRDA:59,4,0,0
BRDA:99,5,0,0
BRDA:99,5,1,0
BRDA:119,6,0,0
BRDA:119,6,1,0
BRDA:128,7,0,0
BRDA:128,7,1,0
BRDA:195,8,0,0
BRDA:195,8,1,0
BRDA:195,8,2,0
BRF:16
BRH:0
end_of_record
TN:
SF:src/components/advanced/ai/RagSearchInterface.tsx
FN:17,(anonymous_9)
FN:22,(anonymous_10)
FN:59,(anonymous_11)
FN:73,(anonymous_12)
FN:74,(anonymous_13)
FN:92,(anonymous_14)
FNF:6
FNH:0
FNDA:0,(anonymous_9)
FNDA:0,(anonymous_10)
FNDA:0,(anonymous_11)
FNDA:0,(anonymous_12)
FNDA:0,(anonymous_13)
FNDA:0,(anonymous_14)
DA:1,0
DA:2,0
DA:3,0
DA:4,0
DA:5,0
DA:6,0
DA:7,0
DA:17,0
DA:18,0
DA:19,0
DA:20,0
DA:22,0
DA:23,0
DA:25,0
DA:26,0
DA:28,0
DA:51,0
DA:53,0
DA:55,0
DA:59,0
DA:61,0
DA:64,0
DA:73,0
DA:74,0
DA:93,0
DA:138,0
LF:26
LH:0
BRDA:23,0,0,0
BRDA:74,1,0,0
BRDA:74,1,1,0
BRDA:79,2,0,0
BRDA:79,2,1,0
BRDA:81,3,0,0
BRDA:81,3,1,0
BRDA:89,4,0,0
BRDA:89,4,1,0
BRDA:123,5,0,0
BRDA:123,5,1,0
BRDA:123,5,2,0
BRF:12
BRH:0
end_of_record
TN:
SF:src/components/advanced/ai/RedTeamDashboard.tsx
FN:20,(anonymous_9)
FN:64,(anonymous_10)
FN:74,(anonymous_11)
FN:84,(anonymous_12)
FN:85,(anonymous_13)
FN:85,(anonymous_14)
FN:96,(anonymous_15)
FN:97,(anonymous_16)
FN:97,(anonymous_17)
FN:113,(anonymous_18)
FN:114,(anonymous_19)
FN:114,(anonymous_20)
FN:125,(anonymous_21)
FN:126,(anonymous_22)
FN:155,(anonymous_23)
FN:200,(anonymous_24)
FN:213,(anonymous_25)
FNF:17
FNH:0
FNDA:0,(anonymous_9)
FNDA:0,(anonymous_10)
FNDA:0,(anonymous_11)
FNDA:0,(anonymous_12)
FNDA:0,(anonymous_13)
FNDA:0,(anonymous_14)
FNDA:0,(anonymous_15)
FNDA:0,(anonymous_16)
FNDA:0,(anonymous_17)
FNDA:0,(anonymous_18)
FNDA:0,(anonymous_19)
FNDA:0,(anonymous_20)
FNDA:0,(anonymous_21)
FNDA:0,(anonymous_22)
FNDA:0,(anonymous_23)
FNDA:0,(anonymous_24)
FNDA:0,(anonymous_25)
DA:1,0
DA:2,0
DA:3,0
DA:4,0
DA:20,0
DA:21,0
DA:23,0
DA:64,0
DA:65,0
DA:66,0
DA:67,0
DA:68,0
DA:69,0
DA:70,0
DA:74,0
DA:75,0
DA:76,0
DA:77,0
DA:78,0
DA:79,0
DA:80,0
DA:84,0
DA:85,0
DA:86,0
DA:92,0
DA:93,0
DA:96,0
DA:97,0
DA:98,0
DA:107,0
DA:113,0
DA:114,0
DA:125,0
DA:126,0
DA:127,0
DA:128,0
DA:133,0
DA:156,0
DA:201,0
DA:213,0
DA:251,0
LF:41
LH:0
BRDA:65,0,0,0
BRDA:65,0,1,0
BRDA:65,0,2,0
BRDA:65,0,3,0
BRDA:65,0,4,0
BRDA:75,1,0,0
BRDA:75,1,1,0
BRDA:75,1,2,0
BRDA:75,1,3,0
BRDA:75,1,4,0
BRDA:86,2,0,0
BRDA:86,2,1,0
BRDA:92,3,0,0
BRDA:98,4,0,0
BRDA:98,4,1,0
BRDA:127,5,0,0
BRDA:172,6,0,0
BRDA:172,6,1,0
BRDA:173,7,0,0
BRDA:173,7,1,0
BRDA:174,8,0,0
BRDA:174,8,1,0
BRDA:188,9,0,0
BRDA:188,9,1,0
BRDA:196,10,0,0
BRDA:196,10,1,0
BRDA:216,11,0,0
BRDA:216,11,1,0
BRDA:219,12,0,0
BRDA:219,12,1,0
BRDA:227,13,0,0
BRDA:227,13,1,0
BRDA:237,14,0,0
BRDA:237,14,1,0
BRF:34
BRH:0
end_of_record
TN:
SF:src/components/ai/AIAssistant.tsx
FN:25,(anonymous_9)
FN:44,(anonymous_10)
FN:72,(anonymous_11)
FN:88,(anonymous_12)
FN:93,(anonymous_13)
FN:108,(anonymous_14)
FN:122,(anonymous_15)
FN:155,(anonymous_16)
FN:194,(anonymous_17)
FN:210,(anonymous_18)
FN:240,(anonymous_19)
FN:270,(anonymous_20)
FN:279,(anonymous_21)
FN:325,(anonymous_22)
FNF:14
FNH:0
FNDA:0,(anonymous_9)
FNDA:0,(anonymous_10)
FNDA:0,(anonymous_11)
FNDA:0,(anonymous_12)
FNDA:0,(anonymous_13)
FNDA:0,(anonymous_14)
FNDA:0,(anonymous_15)
FNDA:0,(anonymous_16)
FNDA:0,(anonymous_17)
FNDA:0,(anonymous_18)
FNDA:0,(anonymous_19)
FNDA:0,(anonymous_20)
FNDA:0,(anonymous_21)
FNDA:0,(anonymous_22)
DA:1,1
DA:2,1
DA:3,1
DA:4,1
DA:7,1
DA:9,1
DA:11,1
DA:12,1
DA:13,1
DA:14,1
DA:25,1
DA:26,0
DA:27,0
DA:29,0
DA:31,0
DA:32,0
DA:33,0
DA:34,0
DA:42,0
DA:44,0
DA:45,0
DA:47,0
DA:48,0
DA:57,0
DA:58,0
DA:61,0
DA:64,0
DA:72,0
DA:75,0
DA:80,0
DA:88,0
DA:93,0
DA:94,0
DA:95,0
DA:97,0
DA:98,0
DA:99,0
DA:102,0
DA:108,0
DA:111,0
DA:120,0
DA:121,0
DA:122,0
DA:123,0
DA:126,0
DA:130,0
DA:132,0
DA:142,0
DA:144,0
DA:146,0
DA:155,0
DA:158,0
DA:159,0
DA:161,0
DA:162,0
DA:164,0
DA:168,0
DA:181,0
DA:191,0
DA:194,0
DA:202,0
DA:206,0
DA:210,0
DA:241,0
DA:271,0
DA:279,0
DA:325,0
LF:67
LH:11
BRDA:45,0,0,0
BRDA:49,1,0,0
BRDA:49,1,1,0
BRDA:54,2,0,0
BRDA:54,2,1,0
BRDA:57,3,0,0
BRDA:67,4,0,0
BRDA:67,4,1,0
BRDA:77,5,0,0
BRDA:77,5,1,0
BRDA:83,6,0,0
BRDA:83,6,1,0
BRDA:94,7,0,0
BRDA:95,8,0,0
BRDA:95,9,0,0
BRDA:95,9,1,0
BRDA:112,10,0,0
BRDA:112,10,1,0
BRDA:126,11,0,0
BRDA:134,12,0,0
BRDA:134,12,1,0
BRDA:158,13,0,0
BRDA:158,14,0,0
BRDA:158,14,1,0
BRDA:161,15,0,0
BRDA:161,16,0,0
BRDA:161,16,1,0
BRDA:164,17,0,0
BRDA:164,17,1,0
BRDA:170,18,0,0
BRDA:170,18,1,0
BRDA:170,18,2,0
BRDA:171,19,0,0
BRDA:171,19,1,0
BRDA:173,20,0,0
BRDA:173,20,1,0
BRDA:174,21,0,0
BRDA:174,21,1,0
BRDA:174,21,2,0
BRDA:177,22,0,0
BRDA:177,22,1,0
BRDA:178,23,0,0
BRDA:178,23,1,0
BRDA:178,23,2,0
BRDA:183,24,0,0
BRDA:183,24,1,0
BRDA:192,25,0,0
BRDA:192,25,1,0
BRDA:214,26,0,0
BRDA:214,26,1,0
BRDA:217,27,0,0
BRDA:217,27,1,0
BRDA:219,28,0,0
BRDA:219,28,1,0
BRDA:223,29,0,0
BRDA:223,29,1,0
BRDA:243,30,0,0
BRDA:243,30,1,0
BRDA:247,31,0,0
BRDA:247,31,1,0
BRDA:249,32,0,0
BRDA:249,32,1,0
BRDA:254,33,0,0
BRDA:254,33,1,0
BRDA:258,34,0,0
BRDA:258,34,1,0
BRDA:268,35,0,0
BRDA:268,35,1,0
BRDA:268,35,2,0
BRDA:275,36,0,0
BRDA:275,36,1,0
BRDA:281,37,0,0
BRDA:281,37,1,0
BRDA:282,38,0,0
BRDA:282,38,1,0
BRDA:283,39,0,0
BRDA:283,39,1,0
BRDA:284,40,0,0
BRDA:284,40,1,0
BRDA:285,41,0,0
BRDA:285,41,1,0
BRDA:292,42,0,0
BRDA:292,42,1,0
BRDA:303,43,0,0
BRDA:303,43,1,0
BRDA:307,44,0,0
BRDA:307,44,1,0
BRF:87
BRH:0
end_of_record
TN:
SF:src/components/ai/AIIntelligenceDashboard.tsx
FN:44,(anonymous_9)
FN:52,(anonymous_10)
FN:56,(anonymous_11)
FN:60,(anonymous_12)
FN:118,(anonymous_13)
FN:227,(anonymous_14)
FN:230,(anonymous_15)
FN:317,(anonymous_16)
FN:368,(anonymous_17)
FN:447,(anonymous_18)
FNF:10
FNH:0
FNDA:0,(anonymous_9)
FNDA:0,(anonymous_10)
FNDA:0,(anonymous_11)
FNDA:0,(anonymous_12)
FNDA:0,(anonymous_13)
FNDA:0,(anonymous_14)
FNDA:0,(anonymous_15)
FNDA:0,(anonymous_16)
FNDA:0,(anonymous_17)
FNDA:0,(anonymous_18)
DA:2,0
DA:3,0
DA:4,0
DA:5,0
DA:44,0
DA:45,0
DA:46,0
DA:47,0
DA:48,0
DA:49,0
DA:50,0
DA:52,0
DA:53,0
DA:54,0
DA:55,0
DA:56,0
DA:60,0
DA:61,0
DA:63,0
DA:72,0
DA:91,0
DA:108,0
DA:109,0
DA:110,0
DA:112,0
DA:114,0
DA:118,0
DA:119,0
DA:122,0
DA:123,0
DA:131,0
DA:228,0
DA:230,0
DA:318,0
DA:369,0
DA:448,0
DA:467,0
LF:37
LH:0
BRDA:54,0,0,0
BRDA:122,1,0,0
BRDA:148,2,0,0
BRDA:148,2,1,0
BRDA:150,3,0,0
BRDA:150,3,1,0
BRDA:157,4,0,0
BRDA:157,4,1,0
BRDA:162,5,0,0
BRDA:162,5,1,0
BRDA:176,6,0,0
BRDA:176,6,1,0
BRDA:231,7,0,0
BRDA:231,7,1,0
BRDA:241,8,0,0
BRDA:241,8,1,0
BRDA:309,9,0,0
BRDA:309,9,1,0
BRDA:347,10,0,0
BRDA:347,10,1,0
BRDA:388,11,0,0
BRDA:388,11,1,0
BRF:22
BRH:0
end_of_record
TN:
SF:src/components/ai/AdvancedComplianceDashboard.tsx
FN:30,(anonymous_9)
FN:39,(anonymous_10)
FN:43,(anonymous_11)
FN:175,(anonymous_12)
FN:183,(anonymous_13)
FN:193,(anonymous_14)
FN:202,(anonymous_15)
FN:212,(anonymous_16)
FN:222,(anonymous_17)
FN:296,(anonymous_18)
FN:308,(anonymous_19)
FN:344,(anonymous_20)
FN:347,(anonymous_21)
FN:391,(anonymous_22)
FN:391,(anonymous_23)
FN:413,(anonymous_24)
FN:414,(anonymous_25)
FN:415,(anonymous_26)
FN:417,(anonymous_27)
FN:460,(anonymous_28)
FN:500,(anonymous_29)
FN:511,(anonymous_30)
FN:539,(anonymous_31)
FN:548,(anonymous_32)
FN:568,(anonymous_33)
FN:593,(anonymous_34)
FN:604,(anonymous_35)
FN:631,(anonymous_36)
FN:674,(anonymous_37)
FN:708,(anonymous_38)
FN:729,(anonymous_39)
FN:742,(anonymous_40)
FN:753,(anonymous_41)
FNF:33
FNH:0
FNDA:0,(anonymous_9)
FNDA:0,(anonymous_10)
FNDA:0,(anonymous_11)
FNDA:0,(anonymous_12)
FNDA:0,(anonymous_13)
FNDA:0,(anonymous_14)
FNDA:0,(anonymous_15)
FNDA:0,(anonymous_16)
FNDA:0,(anonymous_17)
FNDA:0,(anonymous_18)
FNDA:0,(anonymous_19)
FNDA:0,(anonymous_20)
FNDA:0,(anonymous_21)
FNDA:0,(anonymous_22)
FNDA:0,(anonymous_23)
FNDA:0,(anonymous_24)
FNDA:0,(anonymous_25)
FNDA:0,(anonymous_26)
FNDA:0,(anonymous_27)
FNDA:0,(anonymous_28)
FNDA:0,(anonymous_29)
FNDA:0,(anonymous_30)
FNDA:0,(anonymous_31)
FNDA:0,(anonymous_32)
FNDA:0,(anonymous_33)
FNDA:0,(anonymous_34)
FNDA:0,(anonymous_35)
FNDA:0,(anonymous_36)
FNDA:0,(anonymous_37)
FNDA:0,(anonymous_38)
FNDA:0,(anonymous_39)
FNDA:0,(anonymous_40)
FNDA:0,(anonymous_41)
DA:2,0
DA:3,0
DA:4,0
DA:5,0
DA:6,0
DA:30,0
DA:31,0
DA:32,0
DA:33,0
DA:34,0
DA:35,0
DA:36,0
DA:37,0
DA:39,0
DA:40,0
DA:43,0
DA:44,0
DA:45,0
DA:47,0
DA:98,0
DA:129,0
DA:145,0
DA:162,0
DA:163,0
DA:164,0
DA:165,0
DA:166,0
DA:169,0
DA:171,0
DA:175,0
DA:176,0
DA:177,0
DA:179,0
DA:183,0
DA:184,0
DA:185,0
DA:186,0
DA:187,0
DA:189,0
DA:193,0
DA:194,0
DA:195,0
DA:196,0
DA:198,0
DA:202,0
DA:203,0
DA:204,0
DA:205,0
DA:206,0
DA:207,0
DA:208,0
DA:212,0
DA:213,0
DA:214,0
DA:215,0
DA:216,0
DA:217,0
DA:218,0
DA:222,0
DA:223,0
DA:231,0
DA:236,0
DA:237,0
DA:245,0
DA:296,0
DA:308,0
DA:345,0
DA:347,0
DA:391,0
DA:392,0
DA:414,0
DA:415,0
DA:417,0
DA:418,0
DA:419,0
DA:421,0
DA:461,0
DA:501,0
DA:512,0
DA:539,0
DA:549,0
DA:568,0
DA:594,0
DA:605,0
DA:632,0
DA:674,0
DA:709,0
DA:730,0
DA:743,0
DA:754,0
DA:787,0
LF:91
LH:0
BRDA:203,0,0,0
BRDA:203,0,1,0
BRDA:203,0,2,0
BRDA:203,0,3,0
BRDA:203,0,4,0
BRDA:213,1,0,0
BRDA:213,1,1,0
BRDA:213,1,2,0
BRDA:213,1,3,0
BRDA:213,1,4,0
BRDA:231,2,0,0
BRDA:231,2,1,0
BRDA:236,3,0,0
BRDA:264,4,0,0
BRDA:264,4,1,0
BRDA:269,5,0,0
BRDA:269,5,1,0
BRDA:274,6,0,0
BRDA:274,6,1,0
BRDA:348,7,0,0
BRDA:348,7,1,0
BRDA:358,8,0,0
BRDA:358,8,1,0
BRDA:369,9,0,0
BRDA:369,9,1,0
BRDA:378,10,0,0
BRDA:378,10,1,0
BRDA:419,11,0,0
BRDA:419,11,1,0
BRDA:426,12,0,0
BRDA:426,12,1,0
BRDA:427,13,0,0
BRDA:427,13,1,0
BRDA:449,14,0,0
BRDA:449,14,1,0
BRDA:485,15,0,0
BRDA:485,15,1,0
BRDA:491,16,0,0
BRDA:491,16,1,0
BRDA:496,17,0,0
BRDA:496,17,1,0
BRDA:507,18,0,0
BRDA:507,18,1,0
BRDA:527,19,0,0
BRDA:527,19,1,0
BRDA:568,20,0,0
BRDA:568,20,1,0
BRDA:589,21,0,0
BRDA:589,21,1,0
BRDA:600,22,0,0
BRDA:600,22,1,0
BRDA:617,23,0,0
BRDA:617,23,1,0
BRDA:672,24,0,0
BRDA:672,24,1,0
BRDA:680,25,0,0
BRDA:680,25,1,0
BRDA:680,25,2,0
BRDA:683,26,0,0
BRDA:683,26,1,0
BRDA:694,27,0,0
BRDA:694,27,1,0
BRDA:738,28,0,0
BRDA:738,28,1,0
BRDA:749,29,0,0
BRDA:749,29,1,0
BRDA:765,30,0,0
BRDA:765,30,1,0
BRF:68
BRH:0
end_of_record
TN:
SF:src/components/ai/CodeReviewDashboard.tsx
FN:74,(anonymous_9)
FN:84,(anonymous_10)
FN:91,(anonymous_11)
FN:104,(anonymous_12)
FN:119,(anonymous_13)
FN:158,(anonymous_14)
FN:162,(anonymous_15)
FN:301,(anonymous_16)
FN:314,(anonymous_17)
FN:324,(anonymous_18)
FN:336,(anonymous_19)
FN:445,(anonymous_20)
FN:448,(anonymous_21)
FN:489,(anonymous_22)
FN:507,(anonymous_23)
FN:544,(anonymous_24)
FN:552,(anonymous_25)
FN:564,(anonymous_26)
FN:580,(anonymous_27)
FN:700,(anonymous_28)
FN:732,(anonymous_29)
FN:760,(anonymous_30)
FNF:22
FNH:0
FNDA:0,(anonymous_9)
FNDA:0,(anonymous_10)
FNDA:0,(anonymous_11)
FNDA:0,(anonymous_12)
FNDA:0,(anonymous_13)
FNDA:0,(anonymous_14)
FNDA:0,(anonymous_15)
FNDA:0,(anonymous_16)
FNDA:0,(anonymous_17)
FNDA:0,(anonymous_18)
FNDA:0,(anonymous_19)
FNDA:0,(anonymous_20)
FNDA:0,(anonymous_21)
FNDA:0,(anonymous_22)
FNDA:0,(anonymous_23)
FNDA:0,(anonymous_24)
FNDA:0,(anonymous_25)
FNDA:0,(anonymous_26)
FNDA:0,(anonymous_27)
FNDA:0,(anonymous_28)
FNDA:0,(anonymous_29)
FNDA:0,(anonymous_30)
DA:2,0
DA:3,0
DA:4,0
DA:5,0
DA:6,0
DA:74,0
DA:75,0
DA:76,0
DA:77,0
DA:78,0
DA:79,0
DA:80,0
DA:81,0
DA:82,0
DA:84,0
DA:85,0
DA:91,0
DA:92,0
DA:93,0
DA:95,0
DA:104,0
DA:106,0
DA:119,0
DA:120,0
DA:122,0
DA:123,0
DA:124,0
DA:125,0
DA:127,0
DA:130,0
DA:147,0
DA:159,0
DA:160,0
DA:163,0
DA:164,0
DA:177,0
DA:180,0
DA:192,0
DA:195,0
DA:275,0
DA:294,0
DA:295,0
DA:297,0
DA:301,0
DA:302,0
DA:303,0
DA:305,0
DA:306,0
DA:308,0
DA:310,0
DA:314,0
DA:315,0
DA:316,0
DA:317,0
DA:318,0
DA:319,0
DA:320,0
DA:324,0
DA:325,0
DA:326,0
DA:327,0
DA:328,0
DA:329,0
DA:330,0
DA:331,0
DA:332,0
DA:336,0
DA:337,0
DA:340,0
DA:341,0
DA:342,0
DA:345,0
DA:346,0
DA:354,0
DA:446,0
DA:448,0
DA:490,0
DA:508,0
DA:544,0
DA:552,0
DA:564,0
DA:581,0
DA:701,0
DA:733,0
DA:761,0
DA:785,0
LF:86
LH:0
BRDA:122,0,0,0
BRDA:122,0,1,0
BRDA:124,1,0,0
BRDA:124,1,1,0
BRDA:127,2,0,0
BRDA:127,2,1,0
BRDA:141,3,0,0
BRDA:141,3,1,0
BRDA:141,4,0,0
BRDA:141,4,1,0
BRDA:141,5,0,0
BRDA:141,5,1,0
BRDA:142,6,0,0
BRDA:142,6,1,0
BRDA:142,7,0,0
BRDA:142,7,1,0
BRDA:142,8,0,0
BRDA:142,8,1,0
BRDA:143,9,0,0
BRDA:143,9,1,0
BRDA:143,10,0,0
BRDA:143,10,1,0
BRDA:153,11,0,0
BRDA:153,11,1,0
BRDA:154,12,0,0
BRDA:154,12,1,0
BRDA:154,13,0,0
BRDA:154,13,1,0
BRDA:159,14,0,0
BRDA:159,14,1,0
BRDA:163,15,0,0
BRDA:163,15,1,0
BRDA:174,16,0,0
BRDA:174,16,1,0
BRDA:315,17,0,0
BRDA:315,17,1,0
BRDA:315,17,2,0
BRDA:315,17,3,0
BRDA:315,17,4,0
BRDA:325,18,0,0
BRDA:325,18,1,0
BRDA:325,18,2,0
BRDA:325,18,3,0
BRDA:325,18,4,0
BRDA:325,18,5,0
BRDA:325,18,6,0
BRDA:336,19,0,0
BRDA:336,19,1,0
BRDA:337,20,0,0
BRDA:337,20,1,0
BRDA:337,20,2,0
BRDA:340,21,0,0
BRDA:340,21,1,0
BRDA:341,22,0,0
BRDA:341,22,1,0
BRDA:342,23,0,0
BRDA:342,23,1,0
BRDA:342,23,2,0
BRDA:345,24,0,0
BRDA:375,25,0,0
BRDA:375,25,1,0
BRDA:380,26,0,0
BRDA:380,26,1,0
BRDA:391,27,0,0
BRDA:391,27,1,0
BRDA:449,28,0,0
BRDA:449,28,1,0
BRDA:459,29,0,0
BRDA:459,29,1,0
BRDA:489,30,0,0
BRDA:489,30,1,0
BRDA:511,31,0,0
BRDA:511,31,1,0
BRDA:512,32,0,0
BRDA:512,32,1,0
BRDA:513,33,0,0
BRDA:513,33,1,0
BRDA:529,34,0,0
BRDA:529,34,1,0
BRDA:612,35,0,0
BRDA:612,35,1,0
BRDA:612,35,2,0
BRDA:616,36,0,0
BRDA:616,36,1,0
BRDA:617,37,0,0
BRDA:617,37,1,0
BRDA:632,38,0,0
BRDA:632,38,1,0
BRDA:700,39,0,0
BRDA:700,39,1,0
BRDA:718,40,0,0
BRDA:718,40,1,0
BRF:92
BRH:0
end_of_record
TN:
SF:src/components/ai/PredictiveMaintenanceDashboard.tsx
FN:35,(anonymous_9)
FN:45,(anonymous_10)
FN:49,(anonymous_11)
FN:131,(anonymous_12)
FN:145,(anonymous_13)
FN:156,(anonymous_14)
FN:162,(anonymous_15)
FN:274,(anonymous_16)
FN:277,(anonymous_17)
FN:419,(anonymous_18)
FN:456,(anonymous_19)
FN:465,(anonymous_20)
FN:498,(anonymous_21)
FN:505,(anonymous_22)
FN:512,(anonymous_23)
FN:519,(anonymous_24)
FN:532,(anonymous_25)
FN:568,(anonymous_26)
FN:579,(anonymous_27)
FN:606,(anonymous_28)
FNF:20
FNH:0
FNDA:0,(anonymous_9)
FNDA:0,(anonymous_10)
FNDA:0,(anonymous_11)
FNDA:0,(anonymous_12)
FNDA:0,(anonymous_13)
FNDA:0,(anonymous_14)
FNDA:0,(anonymous_15)
FNDA:0,(anonymous_16)
FNDA:0,(anonymous_17)
FNDA:0,(anonymous_18)
FNDA:0,(anonymous_19)
FNDA:0,(anonymous_20)
FNDA:0,(anonymous_21)
FNDA:0,(anonymous_22)
FNDA:0,(anonymous_23)
FNDA:0,(anonymous_24)
FNDA:0,(anonymous_25)
FNDA:0,(anonymous_26)
FNDA:0,(anonymous_27)
FNDA:0,(anonymous_28)
DA:2,0
DA:3,0
DA:4,0
DA:5,0
DA:6,0
DA:35,0
DA:36,0
DA:37,0
DA:38,0
DA:39,0
DA:40,0
DA:41,0
DA:42,0
DA:43,0
DA:45,0
DA:46,0
DA:49,0
DA:50,0
DA:51,0
DA:53,0
DA:65,0
DA:86,0
DA:105,0
DA:118,0
DA:119,0
DA:120,0
DA:121,0
DA:122,0
DA:125,0
DA:127,0
DA:131,0
DA:132,0
DA:133,0
DA:135,0
DA:138,0
DA:141,0
DA:145,0
DA:146,0
DA:148,0
DA:149,0
DA:150,0
DA:152,0
DA:156,0
DA:157,0
DA:158,0
DA:159,0
DA:162,0
DA:163,0
DA:164,0
DA:165,0
DA:168,0
DA:169,0
DA:177,0
DA:275,0
DA:277,0
DA:420,0
DA:457,0
DA:466,0
DA:498,0
DA:505,0
DA:512,0
DA:519,0
DA:533,0
DA:569,0
DA:580,0
DA:607,0
DA:668,0
LF:67
LH:0
BRDA:133,0,0,0
BRDA:133,0,1,0
BRDA:157,1,0,0
BRDA:158,2,0,0
BRDA:163,3,0,0
BRDA:164,4,0,0
BRDA:168,5,0,0
BRDA:196,6,0,0
BRDA:196,6,1,0
BRDA:201,7,0,0
BRDA:201,7,1,0
BRDA:206,8,0,0
BRDA:206,8,1,0
BRDA:228,9,0,0
BRDA:228,9,1,0
BRDA:228,10,0,0
BRDA:228,10,1,0
BRDA:233,11,0,0
BRDA:233,11,1,0
BRDA:278,12,0,0
BRDA:278,12,1,0
BRDA:288,13,0,0
BRDA:288,13,1,0
BRDA:299,14,0,0
BRDA:299,14,1,0
BRDA:308,15,0,0
BRDA:308,15,1,0
BRDA:327,16,0,0
BRDA:327,16,1,0
BRDA:405,17,0,0
BRDA:405,17,1,0
BRDA:480,18,0,0
BRDA:480,18,1,0
BRDA:542,19,0,0
BRDA:542,19,1,0
BRDA:592,20,0,0
BRDA:592,20,1,0
BRDA:616,21,0,0
BRDA:616,21,1,0
BRDA:622,22,0,0
BRDA:622,22,1,0
BRDA:642,23,0,0
BRDA:642,23,1,0
BRF:43
BRH:0
end_of_record
TN:
SF:src/components/auth/LoginForm.tsx
FN:11,(anonymous_10)
FN:21,(anonymous_11)
FN:75,(anonymous_12)
FN:97,(anonymous_13)
FN:131,(anonymous_14)
FN:142,(anonymous_15)
FNF:6
FNH:3
FNDA:20,(anonymous_10)
FNDA:0,(anonymous_11)
FNDA:4,(anonymous_12)
FNDA:3,(anonymous_13)
FNDA:0,(anonymous_14)
FNDA:0,(anonymous_15)
DA:1,2
DA:2,2
DA:3,2
DA:4,2
DA:5,2
DA:11,2
DA:12,20
DA:13,20
DA:14,20
DA:15,20
DA:17,20
DA:18,20
DA:19,20
DA:21,18
DA:22,0
DA:23,0
DA:24,0
DA:26,0
DA:28,0
DA:34,0
DA:35,0
DA:40,0
DA:42,0
DA:43,0
DA:45,0
DA:47,0
DA:50,0
DA:54,18
DA:75,4
DA:97,3
DA:131,0
DA:142,0
LF:32
LH:17
BRDA:31,0,0,0
BRDA:31,0,1,0
BRDA:34,1,0,0
BRDA:40,2,0,0
BRDA:40,2,1,0
BRDA:42,3,0,0
BRDA:42,3,1,0
BRDA:56,4,0,18
BRDA:56,4,1,18
BRDA:58,5,0,18
BRDA:58,5,1,0
BRDA:158,6,0,0
BRDA:158,6,1,18
BRF:13
BRH:4
end_of_record
TN:
SF:src/components/cases/CaseActions.tsx
FN:14,(anonymous_1)
FNF:1
FNH:0
FNDA:0,(anonymous_1)
DA:1,2
DA:2,2
DA:3,2
DA:14,2
DA:22,0
DA:65,2
LF:6
LH:5
BRDA:25,0,0,0
BRDA:25,0,1,0
BRDA:25,1,0,0
BRDA:25,1,1,0
BRDA:28,2,0,0
BRDA:28,2,1,0
BRDA:28,3,0,0
BRDA:28,3,1,0
BRDA:33,4,0,0
BRDA:33,4,1,0
BRDA:33,5,0,0
BRDA:33,5,1,0
BRDA:35,6,0,0
BRDA:35,6,1,0
BRF:14
BRH:0
end_of_record
TN:
SF:src/components/cases/CaseHeader.tsx
FN:14,(anonymous_1)
FN:41,(anonymous_2)
FN:47,(anonymous_3)
FN:54,(anonymous_4)
FN:61,(anonymous_5)
FNF:5
FNH:3
FNDA:6,(anonymous_1)
FNDA:1,(anonymous_2)
FNDA:0,(anonymous_3)
FNDA:1,(anonymous_4)
FNDA:0,(anonymous_5)
DA:1,3
DA:2,3
DA:3,3
DA:14,3
DA:22,6
DA:41,1
DA:47,0
DA:54,1
DA:61,0
DA:77,3
LF:10
LH:8
BRDA:48,0,0,5
BRDA:48,0,1,1
BRDA:55,1,0,1
BRDA:55,1,1,5
BRDA:62,2,0,0
BRDA:62,2,1,6
BRF:6
BRH:5
end_of_record
TN:
SF:src/components/cases/CaseKanban.tsx
FN:57,(anonymous_9)
FN:63,(anonymous_10)
FN:101,(anonymous_11)
FN:144,(anonymous_12)
FN:156,(anonymous_13)
FN:162,(anonymous_14)
FN:171,(anonymous_15)
FN:182,(anonymous_16)
FN:194,(anonymous_17)
FN:196,(anonymous_18)
FN:200,(anonymous_19)
FN:204,(anonymous_20)
FN:214,(anonymous_21)
FN:217,(anonymous_22)
FN:220,(anonymous_23)
FN:225,(anonymous_24)
FN:229,(anonymous_25)
FN:233,(anonymous_26)
FN:249,(anonymous_27)
FN:250,(anonymous_28)
FN:325,(anonymous_29)
FN:333,(anonymous_30)
FN:335,(anonymous_31)
FN:336,(anonymous_32)
FN:340,(anonymous_33)
FN:344,(anonymous_34)
FN:362,(anonymous_35)
FN:371,(anonymous_36)
FN:376,(anonymous_37)
FN:377,(anonymous_38)
FN:393,(anonymous_39)
FN:407,(anonymous_40)
FN:408,(anonymous_41)
FN:411,(anonymous_42)
FNF:34
FNH:0
FNDA:0,(anonymous_9)
FNDA:0,(anonymous_10)
FNDA:0,(anonymous_11)
FNDA:0,(anonymous_12)
FNDA:0,(anonymous_13)
FNDA:0,(anonymous_14)
FNDA:0,(anonymous_15)
FNDA:0,(anonymous_16)
FNDA:0,(anonymous_17)
FNDA:0,(anonymous_18)
FNDA:0,(anonymous_19)
FNDA:0,(anonymous_20)
FNDA:0,(anonymous_21)
FNDA:0,(anonymous_22)
FNDA:0,(anonymous_23)
FNDA:0,(anonymous_24)
FNDA:0,(anonymous_25)
FNDA:0,(anonymous_26)
FNDA:0,(anonymous_27)
FNDA:0,(anonymous_28)
FNDA:0,(anonymous_29)
FNDA:0,(anonymous_30)
FNDA:0,(anonymous_31)
FNDA:0,(anonymous_32)
FNDA:0,(anonymous_33)
FNDA:0,(anonymous_34)
FNDA:0,(anonymous_35)
FNDA:0,(anonymous_36)
FNDA:0,(anonymous_37)
FNDA:0,(anonymous_38)
FNDA:0,(anonymous_39)
FNDA:0,(anonymous_40)
FNDA:0,(anonymous_41)
FNDA:0,(anonymous_42)
DA:2,2
DA:4,2
DA:5,2
DA:6,2
DA:7,2
DA:8,2
DA:9,2
DA:57,2
DA:58,0
DA:59,0
DA:60,0
DA:63,2
DA:64,0
DA:65,0
DA:67,0
DA:73,0
DA:75,0
DA:102,0
DA:144,2
DA:145,0
DA:157,0
DA:162,0
DA:171,2
DA:172,0
DA:173,0
DA:174,0
DA:175,0
DA:176,0
DA:182,0
DA:194,0
DA:195,0
DA:196,0
DA:197,0
DA:200,0
DA:201,0
DA:204,0
DA:205,0
DA:208,0
DA:209,0
DA:214,0
DA:215,0
DA:217,0
DA:218,0
DA:219,0
DA:220,0
DA:221,0
DA:222,0
DA:225,0
DA:226,0
DA:229,0
DA:230,0
DA:233,0
DA:234,0
DA:237,0
DA:239,0
DA:240,0
DA:242,0
DA:245,0
DA:249,0
DA:250,0
DA:252,0
DA:254,0
DA:256,0
DA:258,0
DA:259,0
DA:260,0
DA:262,0
DA:265,0
DA:266,0
DA:268,0
DA:270,0
DA:271,0
DA:272,0
DA:274,0
DA:277,0
DA:278,0
DA:279,0
DA:281,0
DA:285,0
DA:286,0
DA:287,0
DA:288,0
DA:289,0
DA:290,0
DA:291,0
DA:294,0
DA:298,0
DA:299,0
DA:300,0
DA:301,0
DA:302,0
DA:303,0
DA:304,0
DA:307,0
DA:311,0
DA:312,0
DA:313,0
DA:315,0
DA:319,0
DA:320,0
DA:324,0
DA:325,0
DA:328,0
DA:333,0
DA:334,0
DA:335,0
DA:336,0
DA:340,0
DA:341,0
DA:344,0
DA:345,0
DA:346,0
DA:347,0
DA:349,0
DA:350,0
DA:352,0
DA:359,0
DA:360,0
DA:361,0
DA:362,0
DA:363,0
DA:365,0
DA:371,0
DA:372,0
DA:373,0
DA:374,0
DA:375,0
DA:376,0
DA:377,0
DA:380,0
DA:381,0
DA:383,0
DA:386,0
DA:387,0
DA:390,0
DA:393,0
DA:403,0
DA:406,0
DA:407,0
DA:408,0
DA:410,0
DA:411,0
DA:417,0
DA:421,0
DA:422,0
DA:433,0
DA:434,0
DA:435,0
DA:457,0
DA:458,0
DA:469,0
DA:512,2
LF:152
LH:12
BRDA:58,0,0,0
BRDA:59,1,0,0
BRDA:70,2,0,0
BRDA:70,2,1,0
BRDA:73,3,0,0
BRDA:73,3,1,0
BRDA:82,4,0,0
BRDA:82,4,1,0
BRDA:82,5,0,0
BRDA:82,5,1,0
BRDA:88,6,0,0
BRDA:88,6,1,0
BRDA:89,7,0,0
BRDA:89,7,1,0
BRDA:99,8,0,0
BRDA:99,8,1,0
BRDA:99,8,2,0
BRDA:125,9,0,0
BRDA:125,9,1,0
BRDA:128,10,0,0
BRDA:128,10,1,0
BRDA:133,11,0,0
BRDA:133,11,1,0
BRDA:134,12,0,0
BRDA:134,12,1,0
BRDA:161,13,0,0
BRDA:161,13,1,0
BRDA:185,14,0,0
BRDA:185,14,1,0
BRDA:185,15,0,0
BRDA:185,15,1,0
BRDA:186,16,0,0
BRDA:186,16,1,0
BRDA:187,17,0,0
BRDA:187,17,1,0
BRDA:188,18,0,0
BRDA:188,18,1,0
BRDA:190,19,0,0
BRDA:190,19,1,0
BRDA:195,20,0,0
BRDA:197,21,0,0
BRDA:197,21,1,0
BRDA:201,22,0,0
BRDA:201,22,1,0
BRDA:201,22,2,0
BRDA:205,23,0,0
BRDA:205,23,1,0
BRDA:215,24,0,0
BRDA:222,25,0,0
BRDA:222,25,1,0
BRDA:226,26,0,0
BRDA:226,26,1,0
BRDA:230,27,0,0
BRDA:230,27,1,0
BRDA:230,27,2,0
BRDA:234,28,0,0
BRDA:234,28,1,0
BRDA:240,29,0,0
BRDA:240,29,1,0
BRDA:252,30,0,0
BRDA:256,31,0,0
BRDA:258,32,0,0
BRDA:258,33,0,0
BRDA:258,33,1,0
BRDA:258,33,2,0
BRDA:268,34,0,0
BRDA:268,34,1,0
BRDA:268,34,2,0
BRDA:268,34,3,0
BRDA:268,34,4,0
BRDA:268,34,5,0
BRDA:268,34,6,0
BRDA:271,35,0,0
BRDA:278,36,0,0
BRDA:287,37,0,0
BRDA:290,38,0,0
BRDA:300,39,0,0
BRDA:303,40,0,0
BRDA:312,41,0,0
BRDA:334,42,0,0
BRDA:347,43,0,0
BRDA:347,43,1,0
BRDA:349,44,0,0
BRDA:349,45,0,0
BRDA:349,45,1,0
BRDA:349,45,2,0
BRDA:350,46,0,0
BRDA:350,47,0,0
BRDA:350,47,1,0
BRDA:360,48,0,0
BRDA:380,49,0,0
BRDA:380,49,1,0
BRDA:380,50,0,0
BRDA:380,50,1,0
BRDA:383,51,0,0
BRDA:383,51,1,0
BRDA:383,51,2,0
BRDA:386,52,0,0
BRDA:386,52,1,0
BRDA:387,53,0,0
BRDA:387,53,1,0
BRDA:410,54,0,0
BRDA:421,55,0,0
BRDA:433,56,0,0
BRDA:433,56,1,0
BRDA:433,56,2,0
BRDA:434,57,0,0
BRDA:457,58,0,0
BRDA:482,59,0,0
BRDA:482,59,1,0
BRDA:491,60,0,0
BRDA:491,60,1,0
BRDA:500,61,0,0
BRDA:500,61,1,0
BRDA:506,62,0,0
BRDA:506,62,1,0
BRF:116
BRH:0
end_of_record
TN:
SF:src/components/cases/CasePreviewDrawer.tsx
FN:14,(anonymous_10)
FN:29,(anonymous_11)
FNF:2
FNH:0
FNDA:0,(anonymous_10)
FNDA:0,(anonymous_11)
DA:1,2
DA:2,2
DA:3,2
DA:4,2
DA:5,2
DA:14,2
DA:16,0
DA:27,0
DA:29,0
DA:30,0
DA:32,0
DA:34,0
DA:38,0
DA:42,0
DA:239,2
LF:15
LH:7
BRDA:14,0,0,0
BRDA:16,1,0,0
BRDA:16,1,1,0
BRDA:30,2,0,0
BRDA:30,2,1,0
BRDA:38,3,0,0
BRDA:38,3,1,0
BRDA:44,4,0,0
BRDA:44,4,1,0
BRDA:49,5,0,0
BRDA:49,5,1,0
BRDA:143,6,0,0
BRDA:143,6,1,0
BRF:13
BRH:0
end_of_record
TN:
SF:src/components/cases/CaseTable.tsx
FN:13,(anonymous_1)
FN:23,(anonymous_2)
FN:33,(anonymous_3)
FN:39,(anonymous_4)
FN:41,(anonymous_5)
FN:54,(anonymous_6)
FN:68,(anonymous_7)
FN:79,(anonymous_8)
FN:99,(anonymous_9)
FNF:9
FNH:8
FNDA:16,(anonymous_1)
FNDA:16,(anonymous_2)
FNDA:5,(anonymous_3)
FNDA:16,(anonymous_4)
FNDA:0,(anonymous_5)
FNDA:16,(anonymous_6)
FNDA:16,(anonymous_7)
FNDA:16,(anonymous_8)
FNDA:16,(anonymous_9)
DA:1,1
DA:2,1
DA:5,1
DA:13,1
DA:14,16
DA:15,8
DA:16,8
DA:17,0
DA:18,0
DA:19,0
DA:23,1
DA:24,16
DA:25,0
DA:26,8
DA:27,8
DA:28,0
DA:29,0
DA:33,1
DA:34,5
DA:40,16
DA:41,0
DA:55,16
DA:69,16
DA:80,16
DA:100,16
DA:107,5
DA:118,1
LF:27
LH:20
BRDA:14,0,0,8
BRDA:14,0,1,8
BRDA:14,0,2,0
BRDA:14,0,3,0
BRDA:14,0,4,0
BRDA:24,1,0,0
BRDA:24,1,1,8
BRDA:24,1,2,8
BRDA:24,1,3,0
BRDA:24,1,4,0
BRDA:84,2,0,8
BRDA:84,2,1,8
BRDA:85,3,0,0
BRDA:85,3,1,8
BRF:14
BRH:7
end_of_record
TN:
SF:src/components/cases/FacetedFilter.tsx
FN:21,(anonymous_9)
FN:24,(anonymous_10)
FN:28,(anonymous_11)
FN:37,(anonymous_12)
FN:41,(anonymous_13)
FN:45,(anonymous_14)
FN:49,(anonymous_15)
FN:53,(anonymous_16)
FN:57,(anonymous_17)
FN:59,(anonymous_18)
FN:76,(anonymous_19)
FN:87,(anonymous_20)
FN:93,(anonymous_21)
FN:99,(anonymous_22)
FN:117,(anonymous_23)
FN:133,(anonymous_24)
FN:135,(anonymous_25)
FNF:17
FNH:0
FNDA:0,(anonymous_9)
FNDA:0,(anonymous_10)
FNDA:0,(anonymous_11)
FNDA:0,(anonymous_12)
FNDA:0,(anonymous_13)
FNDA:0,(anonymous_14)
FNDA:0,(anonymous_15)
FNDA:0,(anonymous_16)
FNDA:0,(anonymous_17)
FNDA:0,(anonymous_18)
FNDA:0,(anonymous_19)
FNDA:0,(anonymous_20)
FNDA:0,(anonymous_21)
FNDA:0,(anonymous_22)
FNDA:0,(anonymous_23)
FNDA:0,(anonymous_24)
FNDA:0,(anonymous_25)
DA:1,0
DA:2,0
DA:3,0
DA:21,0
DA:22,0
DA:24,0
DA:25,0
DA:28,0
DA:29,0
DA:33,0
DA:34,0
DA:37,0
DA:38,0
DA:39,0
DA:41,0
DA:42,0
DA:45,0
DA:46,0
DA:49,0
DA:50,0
DA:53,0
DA:54,0
DA:57,0
DA:58,0
DA:59,0
DA:60,0
DA:61,0
DA:62,0
DA:63,0
DA:65,0
DA:66,0
DA:69,0
DA:77,0
DA:87,0
DA:94,0
DA:99,0
DA:117,0
DA:133,0
DA:136,0
DA:153,0
LF:40
LH:0
BRDA:38,0,0,0
BRDA:38,0,1,0
BRDA:39,1,0,0
BRDA:39,1,1,0
BRDA:60,2,0,0
BRDA:60,2,1,0
BRDA:60,3,0,0
BRDA:60,3,1,0
BRDA:61,4,0,0
BRDA:61,4,1,0
BRDA:61,5,0,0
BRDA:61,5,1,0
BRDA:62,6,0,0
BRDA:62,6,1,0
BRDA:63,7,0,0
BRDA:79,8,0,0
BRDA:79,8,1,0
BRDA:86,9,0,0
BRDA:86,9,1,0
BRDA:91,10,0,0
BRDA:91,10,1,0
BRDA:98,11,0,0
BRDA:98,11,1,0
BRDA:106,12,0,0
BRDA:106,12,1,0
BRDA:106,12,2,0
BRDA:106,12,3,0
BRDA:110,13,0,0
BRDA:110,13,1,0
BRDA:110,13,2,0
BRDA:114,14,0,0
BRDA:114,14,1,0
BRDA:114,14,2,0
BRDA:129,15,0,0
BRDA:129,15,1,0
BRDA:132,16,0,0
BRDA:132,16,1,0
BRDA:132,16,2,0
BRF:38
BRH:0
end_of_record
TN:
SF:src/components/cases/InvestigationWizard.tsx
FN:60,(anonymous_9)
FN:82,(anonymous_10)
FN:83,(anonymous_11)
FN:86,(anonymous_12)
FN:108,(anonymous_13)
FN:117,(anonymous_14)
FN:118,(anonymous_15)
FN:126,(anonymous_16)
FN:131,(anonymous_17)
FN:152,(anonymous_18)
FN:159,(anonymous_19)
FN:180,(anonymous_20)
FN:211,(anonymous_21)
FN:233,(anonymous_22)
FN:235,(anonymous_23)
FN:236,(anonymous_24)
FN:237,(anonymous_25)
FN:243,(anonymous_26)
FN:258,(anonymous_27)
FN:261,(anonymous_28)
FN:284,(anonymous_29)
FN:286,(anonymous_30)
FN:289,(anonymous_31)
FN:291,(anonymous_32)
FN:311,(anonymous_33)
FN:320,(anonymous_34)
FN:340,(anonymous_35)
FN:354,(anonymous_36)
FN:372,(anonymous_37)
FN:393,(anonymous_38)
FN:393,(anonymous_39)
FN:404,(anonymous_40)
FN:404,(anonymous_41)
FN:421,(anonymous_42)
FN:434,(anonymous_43)
FN:436,(anonymous_44)
FN:437,(anonymous_45)
FN:438,(anonymous_46)
FN:444,(anonymous_47)
FN:447,(anonymous_48)
FN:449,(anonymous_49)
FN:478,(anonymous_50)
FN:504,(anonymous_51)
FN:514,(anonymous_52)
FN:524,(anonymous_53)
FN:534,(anonymous_54)
FN:554,(anonymous_55)
FN:563,(anonymous_56)
FNF:48
FNH:0
FNDA:0,(anonymous_9)
FNDA:0,(anonymous_10)
FNDA:0,(anonymous_11)
FNDA:0,(anonymous_12)
FNDA:0,(anonymous_13)
FNDA:0,(anonymous_14)
FNDA:0,(anonymous_15)
FNDA:0,(anonymous_16)
FNDA:0,(anonymous_17)
FNDA:0,(anonymous_18)
FNDA:0,(anonymous_19)
FNDA:0,(anonymous_20)
FNDA:0,(anonymous_21)
FNDA:0,(anonymous_22)
FNDA:0,(anonymous_23)
FNDA:0,(anonymous_24)
FNDA:0,(anonymous_25)
FNDA:0,(anonymous_26)
FNDA:0,(anonymous_27)
FNDA:0,(anonymous_28)
FNDA:0,(anonymous_29)
FNDA:0,(anonymous_30)
FNDA:0,(anonymous_31)
FNDA:0,(anonymous_32)
FNDA:0,(anonymous_33)
FNDA:0,(anonymous_34)
FNDA:0,(anonymous_35)
FNDA:0,(anonymous_36)
FNDA:0,(anonymous_37)
FNDA:0,(anonymous_38)
FNDA:0,(anonymous_39)
FNDA:0,(anonymous_40)
FNDA:0,(anonymous_41)
FNDA:0,(anonymous_42)
FNDA:0,(anonymous_43)
FNDA:0,(anonymous_44)
FNDA:0,(anonymous_45)
FNDA:0,(anonymous_46)
FNDA:0,(anonymous_47)
FNDA:0,(anonymous_48)
FNDA:0,(anonymous_49)
FNDA:0,(anonymous_50)
FNDA:0,(anonymous_51)
FNDA:0,(anonymous_52)
FNDA:0,(anonymous_53)
FNDA:0,(anonymous_54)
FNDA:0,(anonymous_55)
FNDA:0,(anonymous_56)
DA:1,0
DA:2,0
DA:3,0
DA:5,0
DA:6,0
DA:8,0
DA:9,0
DA:35,0
DA:44,0
DA:53,0
DA:60,0
DA:61,0
DA:62,0
DA:63,0
DA:65,0
DA:82,0
DA:83,0
DA:86,0
DA:87,0
DA:88,0
DA:89,0
DA:90,0
DA:108,0
DA:109,0
DA:110,0
DA:111,0
DA:112,0
DA:113,0
DA:117,0
DA:118,0
DA:119,0
DA:120,0
DA:123,0
DA:126,0
DA:127,0
DA:128,0
DA:131,0
DA:132,0
DA:140,0
DA:148,0
DA:152,0
DA:153,0
DA:154,0
DA:155,0
DA:159,0
DA:160,0
DA:163,0
DA:181,0
DA:211,0
DA:233,0
DA:235,0
DA:236,0
DA:237,0
DA:243,0
DA:259,0
DA:262,0
DA:263,0
DA:264,0
DA:284,0
DA:287,0
DA:290,0
DA:291,0
DA:293,0
DA:311,0
DA:320,0
DA:340,0
DA:354,0
DA:372,0
DA:393,0
DA:404,0
DA:421,0
DA:434,0
DA:436,0
DA:437,0
DA:438,0
DA:445,0
DA:448,0
DA:449,0
DA:451,0
DA:478,0
DA:505,0
DA:515,0
DA:525,0
DA:535,0
DA:554,0
DA:563,0
DA:584,0
LF:87
LH:0
BRDA:109,0,0,0
BRDA:109,0,1,0
BRDA:109,0,2,0
BRDA:109,0,3,0
BRDA:119,1,0,0
BRDA:127,2,0,0
BRDA:154,3,0,0
BRDA:182,4,0,0
BRDA:182,4,1,0
BRDA:184,5,0,0
BRDA:184,5,1,0
BRDA:185,6,0,0
BRDA:185,6,1,0
BRDA:188,7,0,0
BRDA:188,7,1,0
BRDA:192,8,0,0
BRDA:192,8,1,0
BRDA:193,9,0,0
BRDA:193,9,1,0
BRDA:202,10,0,0
BRDA:202,10,1,0
BRDA:218,11,0,0
BRDA:218,11,1,0
BRDA:221,12,0,0
BRDA:221,12,1,0
BRDA:233,13,0,0
BRDA:233,13,1,0
BRDA:253,14,0,0
BRDA:253,14,1,0
BRDA:262,15,0,0
BRDA:268,16,0,0
BRDA:268,16,1,0
BRDA:270,17,0,0
BRDA:270,17,1,0
BRDA:282,18,0,0
BRDA:282,18,1,0
BRDA:286,19,0,0
BRDA:286,19,1,0
BRDA:290,20,0,0
BRDA:290,20,1,0
BRDA:295,21,0,0
BRDA:295,21,1,0
BRDA:312,22,0,0
BRDA:312,22,1,0
BRDA:321,23,0,0
BRDA:321,23,1,0
BRDA:414,24,0,0
BRDA:414,24,1,0
BRDA:434,25,0,0
BRDA:434,25,1,0
BRDA:448,26,0,0
BRDA:448,26,1,0
BRDA:454,27,0,0
BRDA:454,27,1,0
BRDA:467,28,0,0
BRDA:467,28,1,0
BRDA:474,29,0,0
BRDA:474,29,1,0
BRDA:478,30,0,0
BRDA:478,30,1,0
BRDA:498,31,0,0
BRDA:498,31,1,0
BRDA:500,32,0,0
BRDA:500,32,1,0
BRDA:510,33,0,0
BRDA:510,33,1,0
BRDA:520,34,0,0
BRDA:520,34,1,0
BRDA:530,35,0,0
BRDA:530,35,1,0
BRDA:554,36,0,0
BRDA:554,36,1,0
BRDA:561,37,0,0
BRDA:561,37,1,0
BRDA:563,38,0,0
BRDA:563,38,1,0
BRF:76
BRH:0
end_of_record
TN:
SF:src/components/cases/NewInvestigationWizard.tsx
FN:16,(anonymous_9)
FN:28,(anonymous_10)
FN:30,(anonymous_11)
FN:35,(anonymous_12)
FN:36,(anonymous_13)
FN:36,(anonymous_14)
FN:39,(anonymous_15)
FN:44,(anonymous_16)
FN:68,(anonymous_17)
FN:88,(anonymous_18)
FN:99,(anonymous_19)
FN:117,(anonymous_20)
FN:124,(anonymous_21)
FN:139,(anonymous_22)
FN:146,(anonymous_23)
FNF:15
FNH:0
FNDA:0,(anonymous_9)
FNDA:0,(anonymous_10)
FNDA:0,(anonymous_11)
FNDA:0,(anonymous_12)
FNDA:0,(anonymous_13)
FNDA:0,(anonymous_14)
FNDA:0,(anonymous_15)
FNDA:0,(anonymous_16)
FNDA:0,(anonymous_17)
FNDA:0,(anonymous_18)
FNDA:0,(anonymous_19)
FNDA:0,(anonymous_20)
FNDA:0,(anonymous_21)
FNDA:0,(anonymous_22)
FNDA:0,(anonymous_23)
DA:1,0
DA:2,0
DA:4,0
DA:16,0
DA:17,0
DA:18,0
DA:26,0
DA:28,0
DA:29,0
DA:30,0
DA:31,0
DA:35,0
DA:36,0
DA:39,0
DA:40,0
DA:41,0
DA:44,0
DA:45,0
DA:48,0
DA:69,0
DA:88,0
DA:99,0
DA:117,0
DA:124,0
DA:140,0
DA:146,0
DA:228,0
LF:27
LH:0
BRDA:29,0,0,0
BRDA:40,1,0,0
BRDA:40,1,1,0
BRDA:45,2,0,0
BRDA:71,3,0,0
BRDA:71,3,1,0
BRDA:80,4,0,0
BRDA:80,4,1,0
BRDA:142,5,0,0
BRDA:142,5,1,0
BRDA:156,6,0,0
BRDA:156,6,1,0
BRDA:167,7,0,0
BRDA:167,7,1,0
BRDA:178,8,0,0
BRDA:178,8,1,0
BRDA:191,9,0,0
BRDA:191,9,1,0
BRDA:219,10,0,0
BRDA:219,10,1,0
BRDA:220,11,0,0
BRDA:220,11,1,0
BRF:22
BRH:0
end_of_record
TN:
SF:src/components/cases/RichCaseCard.tsx
FN:17,(anonymous_1)
FN:31,(anonymous_2)
FN:40,(anonymous_3)
FN:52,(anonymous_4)
FN:70,(anonymous_5)
FN:71,(anonymous_6)
FN:109,(anonymous_7)
FNF:7
FNH:0
FNDA:0,(anonymous_1)
FNDA:0,(anonymous_2)
FNDA:0,(anonymous_3)
FNDA:0,(anonymous_4)
FNDA:0,(anonymous_5)
FNDA:0,(anonymous_6)
FNDA:0,(anonymous_7)
DA:1,0
DA:2,0
DA:3,0
DA:17,0
DA:28,0
DA:29,0
DA:31,0
DA:32,0
DA:33,0
DA:34,0
DA:35,0
DA:36,0
DA:40,0
DA:41,0
DA:42,0
DA:43,0
DA:44,0
DA:45,0
DA:49,0
DA:52,0
DA:70,0
DA:71,0
DA:110,0
DA:156,0
LF:24
LH:0
BRDA:25,0,0,0
BRDA:29,1,0,0
BRDA:29,1,1,0
BRDA:32,2,0,0
BRDA:32,2,1,0
BRDA:32,2,2,0
BRDA:32,2,3,0
BRDA:41,3,0,0
BRDA:41,3,1,0
BRDA:41,3,2,0
BRDA:41,3,3,0
BRDA:52,4,0,0
BRDA:52,4,1,0
BRDA:87,5,0,0
BRDA:87,5,1,0
BRDA:87,6,0,0
BRDA:87,6,1,0
BRDA:94,7,0,0
BRDA:94,7,1,0
BRDA:94,8,0,0
BRDA:94,8,1,0
BRDA:107,9,0,0
BRDA:107,9,1,0
BRDA:114,10,0,0
BRDA:114,10,1,0
BRDA:124,11,0,0
BRDA:124,11,1,0
BRDA:126,12,0,0
BRDA:126,12,1,0
BRDA:144,13,0,0
BRDA:144,13,1,0
BRDA:145,14,0,0
BRDA:145,14,1,0
BRDA:146,15,0,0
BRDA:146,15,1,0
BRF:35
BRH:0
end_of_record
TN:
SF:src/components/collaboration/CollaborativeEditor.tsx
FN:26,useCollaborativeEditor
FN:32,(anonymous_10)
FN:35,(anonymous_11)
FN:46,(anonymous_12)
FN:50,(anonymous_13)
FN:53,(anonymous_14)
FN:53,(anonymous_15)
FN:61,(anonymous_16)
FN:61,(anonymous_17)
FN:70,(anonymous_18)
FN:76,(anonymous_19)
FN:81,(anonymous_20)
FN:95,(anonymous_21)
FN:114,CollaborativeEditor
FN:133,(anonymous_23)
FN:140,(anonymous_24)
FN:144,(anonymous_25)
FN:150,(anonymous_26)
FN:203,(anonymous_27)
FNF:19
FNH:0
FNDA:0,useCollaborativeEditor
FNDA:0,(anonymous_10)
FNDA:0,(anonymous_11)
FNDA:0,(anonymous_12)
FNDA:0,(anonymous_13)
FNDA:0,(anonymous_14)
FNDA:0,(anonymous_15)
FNDA:0,(anonymous_16)
FNDA:0,(anonymous_17)
FNDA:0,(anonymous_18)
FNDA:0,(anonymous_19)
FNDA:0,(anonymous_20)
FNDA:0,(anonymous_21)
FNDA:0,CollaborativeEditor
FNDA:0,(anonymous_23)
FNDA:0,(anonymous_24)
FNDA:0,(anonymous_25)
FNDA:0,(anonymous_26)
FNDA:0,(anonymous_27)
DA:2,0
DA:3,0
DA:5,0
DA:6,0
DA:7,0
DA:26,0
DA:27,0
DA:28,0
DA:29,0
DA:30,0
DA:32,0
DA:33,0
DA:35,0
DA:36,0
DA:37,0
DA:38,0
DA:40,0
DA:46,0
DA:47,0
DA:48,0
DA:50,0
DA:51,0
DA:53,0
DA:54,0
DA:56,0
DA:57,0
DA:59,0
DA:61,0
DA:62,0
DA:66,0
DA:70,0
DA:71,0
DA:72,0
DA:73,0
DA:76,0
DA:77,0
DA:81,0
DA:82,0
DA:83,0
DA:84,0
DA:95,0
DA:96,0
DA:97,0
DA:105,0
DA:114,0
DA:127,0
DA:129,0
DA:130,0
DA:131,0
DA:133,0
DA:134,0
DA:135,0
DA:136,0
DA:137,0
DA:140,0
DA:141,0
DA:144,0
DA:145,0
DA:146,0
DA:147,0
DA:150,0
DA:151,0
DA:152,0
DA:155,0
DA:204,0
LF:65
LH:0
BRDA:26,0,0,0
BRDA:48,1,0,0
BRDA:48,1,1,0
BRDA:48,1,2,0
BRDA:48,1,3,0
BRDA:56,2,0,0
BRDA:62,3,0,0
BRDA:62,3,1,0
BRDA:83,4,0,0
BRDA:96,5,0,0
BRDA:116,6,0,0
BRDA:119,7,0,0
BRDA:162,8,0,0
BRDA:162,8,1,0
BRDA:171,9,0,0
BRDA:171,9,1,0
BRDA:172,10,0,0
BRDA:172,10,1,0
BRDA:177,11,0,0
BRDA:177,11,1,0
BRDA:181,12,0,0
BRDA:181,12,1,0
BRDA:186,13,0,0
BRDA:186,13,1,0
BRDA:191,14,0,0
BRDA:191,14,1,0
BRDA:200,15,0,0
BRDA:200,15,1,0
BRDA:232,16,0,0
BRDA:232,16,1,0
BRDA:235,17,0,0
BRDA:235,17,1,0
BRF:32
BRH:0
end_of_record
TN:
SF:src/components/collaboration/EvidenceBoard.tsx
FN:78,(anonymous_9)
FN:145,(anonymous_10)
FN:146,(anonymous_11)
FN:158,(anonymous_12)
FN:168,(anonymous_13)
FN:183,(anonymous_14)
FN:200,(anonymous_15)
FN:222,(anonymous_16)
FN:239,(anonymous_17)
FN:258,(anonymous_18)
FN:259,(anonymous_19)
FN:268,(anonymous_20)
FN:270,(anonymous_21)
FN:271,(anonymous_22)
FN:275,(anonymous_23)
FN:283,(anonymous_24)
FN:286,(anonymous_25)
FN:286,(anonymous_26)
FN:304,(anonymous_27)
FN:308,(anonymous_28)
FN:324,(anonymous_29)
FN:372,(anonymous_30)
FN:399,(anonymous_31)
FN:410,(anonymous_32)
FN:411,(anonymous_33)
FN:412,(anonymous_34)
FN:429,(anonymous_35)
FN:435,(anonymous_36)
FN:436,(anonymous_37)
FN:437,(anonymous_38)
FN:438,(anonymous_39)
FN:438,(anonymous_40)
FN:465,(anonymous_41)
FN:465,(anonymous_42)
FN:473,(anonymous_43)
FN:473,(anonymous_44)
FN:493,(anonymous_45)
FN:493,(anonymous_46)
FN:502,(anonymous_47)
FN:502,(anonymous_48)
FN:517,(anonymous_49)
FNF:41
FNH:0
FNDA:0,(anonymous_9)
FNDA:0,(anonymous_10)
FNDA:0,(anonymous_11)
FNDA:0,(anonymous_12)
FNDA:0,(anonymous_13)
FNDA:0,(anonymous_14)
FNDA:0,(anonymous_15)
FNDA:0,(anonymous_16)
FNDA:0,(anonymous_17)
FNDA:0,(anonymous_18)
FNDA:0,(anonymous_19)
FNDA:0,(anonymous_20)
FNDA:0,(anonymous_21)
FNDA:0,(anonymous_22)
FNDA:0,(anonymous_23)
FNDA:0,(anonymous_24)
FNDA:0,(anonymous_25)
FNDA:0,(anonymous_26)
FNDA:0,(anonymous_27)
FNDA:0,(anonymous_28)
FNDA:0,(anonymous_29)
FNDA:0,(anonymous_30)
FNDA:0,(anonymous_31)
FNDA:0,(anonymous_32)
FNDA:0,(anonymous_33)
FNDA:0,(anonymous_34)
FNDA:0,(anonymous_35)
FNDA:0,(anonymous_36)
FNDA:0,(anonymous_37)
FNDA:0,(anonymous_38)
FNDA:0,(anonymous_39)
FNDA:0,(anonymous_40)
FNDA:0,(anonymous_41)
FNDA:0,(anonymous_42)
FNDA:0,(anonymous_43)
FNDA:0,(anonymous_44)
FNDA:0,(anonymous_45)
FNDA:0,(anonymous_46)
FNDA:0,(anonymous_47)
FNDA:0,(anonymous_48)
FNDA:0,(anonymous_49)
DA:6,0
DA:7,0
DA:8,0
DA:9,0
DA:10,0
DA:11,0
DA:13,0
DA:14,0
DA:15,0
DA:16,0
DA:36,0
DA:78,0
DA:145,0
DA:146,0
DA:147,0
DA:155,0
DA:158,0
DA:159,0
DA:165,0
DA:168,0
DA:169,0
DA:175,0
DA:178,0
DA:183,0
DA:201,0
DA:222,0
DA:239,0
DA:247,0
DA:248,0
DA:249,0
DA:250,0
DA:251,0
DA:252,0
DA:253,0
DA:254,0
DA:255,0
DA:258,0
DA:259,0
DA:260,0
DA:262,0
DA:263,0
DA:268,0
DA:270,0
DA:271,0
DA:275,0
DA:276,0
DA:277,0
DA:278,0
DA:283,0
DA:286,0
DA:287,0
DA:288,0
DA:290,0
DA:291,0
DA:293,0
DA:296,0
DA:298,0
DA:300,0
DA:304,0
DA:305,0
DA:308,0
DA:309,0
DA:324,0
DA:325,0
DA:326,0
DA:327,0
DA:330,0
DA:372,0
DA:399,0
DA:411,0
DA:412,0
DA:413,0
DA:415,0
DA:430,0
DA:435,0
DA:436,0
DA:438,0
DA:439,0
DA:465,0
DA:473,0
DA:493,0
DA:502,0
DA:517,0
DA:527,0
LF:84
LH:0
BRDA:155,0,0,0
BRDA:155,0,1,0
BRDA:180,1,0,0
BRDA:180,1,1,0
BRDA:180,2,0,0
BRDA:180,2,1,0
BRDA:183,3,0,0
BRDA:183,4,0,0
BRDA:183,4,1,0
BRDA:205,5,0,0
BRDA:205,5,1,0
BRDA:247,6,0,0
BRDA:247,6,1,0
BRDA:248,7,0,0
BRDA:248,7,1,0
BRDA:260,8,0,0
BRDA:260,8,1,0
BRDA:262,9,0,0
BRDA:262,9,1,0
BRDA:263,10,0,0
BRDA:263,10,1,0
BRDA:276,11,0,0
BRDA:276,11,1,0
BRDA:277,12,0,0
BRDA:287,13,0,0
BRDA:290,14,0,0
BRDA:300,15,0,0
BRDA:300,15,1,0
BRDA:305,16,0,0
BRDA:305,16,1,0
BRDA:311,17,0,0
BRDA:311,17,1,0
BRDA:312,18,0,0
BRDA:312,18,1,0
BRDA:313,19,0,0
BRDA:313,19,1,0
BRDA:315,20,0,0
BRDA:315,20,1,0
BRDA:316,21,0,0
BRDA:316,21,1,0
BRDA:354,22,0,0
BRDA:354,22,1,0
BRDA:393,23,0,0
BRDA:393,23,1,0
BRDA:413,24,0,0
BRDA:413,25,0,0
BRDA:413,25,1,0
BRDA:439,26,0,0
BRDA:439,26,1,0
BRDA:445,27,0,0
BRDA:445,27,1,0
BRDA:464,28,0,0
BRDA:464,28,1,0
BRDA:472,29,0,0
BRDA:472,29,1,0
BRDA:492,30,0,0
BRDA:492,30,1,0
BRDA:501,31,0,0
BRDA:501,31,1,0
BRF:59
BRH:0
end_of_record
TN:
SF:src/components/collaboration/HypothesisBoard.tsx
FN:63,(anonymous_9)
FN:147,(anonymous_10)
FN:148,(anonymous_11)
FN:159,(anonymous_12)
FN:170,(anonymous_13)
FN:171,(anonymous_14)
FN:176,(anonymous_15)
FN:177,(anonymous_16)
FN:180,(anonymous_17)
FN:225,(anonymous_18)
FN:234,(anonymous_19)
FN:256,(anonymous_20)
FN:268,(anonymous_21)
FN:270,(anonymous_22)
FN:271,(anonymous_23)
FN:272,(anonymous_24)
FN:273,(anonymous_25)
FN:276,(anonymous_26)
FN:277,(anonymous_27)
FN:277,(anonymous_28)
FN:281,(anonymous_29)
FN:289,(anonymous_30)
FN:304,(anonymous_31)
FN:311,(anonymous_32)
FN:319,(anonymous_33)
FN:381,(anonymous_34)
FN:397,(anonymous_35)
FN:401,(anonymous_36)
FN:402,(anonymous_37)
FN:416,(anonymous_38)
FN:420,(anonymous_39)
FN:421,(anonymous_40)
FN:435,(anonymous_41)
FN:439,(anonymous_42)
FN:440,(anonymous_43)
FN:459,(anonymous_44)
FN:459,(anonymous_45)
FN:468,(anonymous_46)
FN:468,(anonymous_47)
FN:475,(anonymous_48)
FNF:40
FNH:0
FNDA:0,(anonymous_9)
FNDA:0,(anonymous_10)
FNDA:0,(anonymous_11)
FNDA:0,(anonymous_12)
FNDA:0,(anonymous_13)
FNDA:0,(anonymous_14)
FNDA:0,(anonymous_15)
FNDA:0,(anonymous_16)
FNDA:0,(anonymous_17)
FNDA:0,(anonymous_18)
FNDA:0,(anonymous_19)
FNDA:0,(anonymous_20)
FNDA:0,(anonymous_21)
FNDA:0,(anonymous_22)
FNDA:0,(anonymous_23)
FNDA:0,(anonymous_24)
FNDA:0,(anonymous_25)
FNDA:0,(anonymous_26)
FNDA:0,(anonymous_27)
FNDA:0,(anonymous_28)
FNDA:0,(anonymous_29)
FNDA:0,(anonymous_30)
FNDA:0,(anonymous_31)
FNDA:0,(anonymous_32)
FNDA:0,(anonymous_33)
FNDA:0,(anonymous_34)
FNDA:0,(anonymous_35)
FNDA:0,(anonymous_36)
FNDA:0,(anonymous_37)
FNDA:0,(anonymous_38)
FNDA:0,(anonymous_39)
FNDA:0,(anonymous_40)
FNDA:0,(anonymous_41)
FNDA:0,(anonymous_42)
FNDA:0,(anonymous_43)
FNDA:0,(anonymous_44)
FNDA:0,(anonymous_45)
FNDA:0,(anonymous_46)
FNDA:0,(anonymous_47)
FNDA:0,(anonymous_48)
DA:6,0
DA:7,0
DA:8,0
DA:9,0
DA:10,0
DA:11,0
DA:13,0
DA:14,0
DA:17,0
DA:31,0
DA:63,0
DA:147,0
DA:148,0
DA:149,0
DA:156,0
DA:159,0
DA:160,0
DA:167,0
DA:170,0
DA:171,0
DA:172,0
DA:176,0
DA:177,0
DA:179,0
DA:180,0
DA:225,0
DA:234,0
DA:256,0
DA:262,0
DA:263,0
DA:264,0
DA:265,0
DA:268,0
DA:270,0
DA:271,0
DA:272,0
DA:273,0
DA:276,0
DA:277,0
DA:278,0
DA:279,0
DA:281,0
DA:284,0
DA:286,0
DA:289,0
DA:290,0
DA:304,0
DA:305,0
DA:306,0
DA:307,0
DA:311,0
DA:312,0
DA:319,0
DA:320,0
DA:322,0
DA:325,0
DA:381,0
DA:398,0
DA:401,0
DA:402,0
DA:417,0
DA:420,0
DA:421,0
DA:436,0
DA:439,0
DA:440,0
DA:459,0
DA:468,0
DA:475,0
DA:485,0
LF:70
LH:0
BRDA:172,0,0,0
BRDA:172,0,1,0
BRDA:180,1,0,0
BRDA:180,2,0,0
BRDA:180,2,1,0
BRDA:246,3,0,0
BRDA:246,3,1,0
BRDA:262,4,0,0
BRDA:262,4,1,0
BRDA:278,5,0,0
BRDA:292,6,0,0
BRDA:292,6,1,0
BRDA:293,7,0,0
BRDA:293,7,1,0
BRDA:458,8,0,0
BRDA:458,8,1,0
BRDA:467,9,0,0
BRDA:467,9,1,0
BRF:18
BRH:0
end_of_record
TN:
SF:src/components/collaboration/MensReaAnalyzer.tsx
FN:66,(anonymous_9)
FN:136,(anonymous_10)
FN:137,(anonymous_11)
FN:148,(anonymous_12)
FN:163,(anonymous_13)
FN:208,(anonymous_14)
FN:223,(anonymous_15)
FN:229,(anonymous_16)
FN:237,(anonymous_17)
FN:239,(anonymous_18)
FN:245,(anonymous_19)
FN:248,(anonymous_20)
FN:249,(anonymous_21)
FN:249,(anonymous_22)
FN:253,(anonymous_23)
FN:254,(anonymous_24)
FN:254,(anonymous_25)
FN:258,(anonymous_26)
FN:259,(anonymous_27)
FN:259,(anonymous_28)
FN:263,(anonymous_29)
FN:264,(anonymous_30)
FN:264,(anonymous_31)
FN:268,(anonymous_32)
FN:332,(anonymous_33)
FN:336,(anonymous_34)
FN:345,(anonymous_35)
FN:357,(anonymous_36)
FN:373,(anonymous_37)
FN:374,(anonymous_38)
FN:385,(anonymous_39)
FN:385,(anonymous_40)
FNF:32
FNH:0
FNDA:0,(anonymous_9)
FNDA:0,(anonymous_10)
FNDA:0,(anonymous_11)
FNDA:0,(anonymous_12)
FNDA:0,(anonymous_13)
FNDA:0,(anonymous_14)
FNDA:0,(anonymous_15)
FNDA:0,(anonymous_16)
FNDA:0,(anonymous_17)
FNDA:0,(anonymous_18)
FNDA:0,(anonymous_19)
FNDA:0,(anonymous_20)
FNDA:0,(anonymous_21)
FNDA:0,(anonymous_22)
FNDA:0,(anonymous_23)
FNDA:0,(anonymous_24)
FNDA:0,(anonymous_25)
FNDA:0,(anonymous_26)
FNDA:0,(anonymous_27)
FNDA:0,(anonymous_28)
FNDA:0,(anonymous_29)
FNDA:0,(anonymous_30)
FNDA:0,(anonymous_31)
FNDA:0,(anonymous_32)
FNDA:0,(anonymous_33)
FNDA:0,(anonymous_34)
FNDA:0,(anonymous_35)
FNDA:0,(anonymous_36)
FNDA:0,(anonymous_37)
FNDA:0,(anonymous_38)
FNDA:0,(anonymous_39)
FNDA:0,(anonymous_40)
DA:6,0
DA:7,0
DA:8,0
DA:9,0
DA:11,0
DA:12,0
DA:13,0
DA:30,0
DA:66,0
DA:67,0
DA:120,0
DA:129,0
DA:136,0
DA:137,0
DA:138,0
DA:145,0
DA:148,0
DA:149,0
DA:154,0
DA:157,0
DA:164,0
DA:165,0
DA:209,0
DA:223,0
DA:229,0
DA:230,0
DA:231,0
DA:233,0
DA:234,0
DA:237,0
DA:238,0
DA:239,0
DA:240,0
DA:241,0
DA:245,0
DA:248,0
DA:249,0
DA:253,0
DA:254,0
DA:258,0
DA:259,0
DA:263,0
DA:264,0
DA:268,0
DA:269,0
DA:270,0
DA:273,0
DA:333,0
DA:336,0
DA:346,0
DA:358,0
DA:373,0
DA:374,0
DA:385,0
DA:386,0
DA:423,0
LF:56
LH:0
BRDA:145,0,0,0
BRDA:145,0,1,0
BRDA:164,1,0,0
BRDA:164,2,0,0
BRDA:164,2,1,0
BRDA:194,3,0,0
BRDA:194,3,1,0
BRDA:194,4,0,0
BRDA:194,4,1,0
BRDA:230,5,0,0
BRDA:230,5,1,0
BRDA:231,6,0,0
BRDA:231,6,1,0
BRDA:248,7,0,0
BRDA:248,7,1,0
BRDA:253,8,0,0
BRDA:253,8,1,0
BRDA:253,8,2,0
BRDA:254,9,0,0
BRDA:254,9,1,0
BRDA:258,10,0,0
BRDA:258,10,1,0
BRDA:297,11,0,0
BRDA:297,11,1,0
BRDA:297,12,0,0
BRDA:297,12,1,0
BRDA:346,13,0,0
BRDA:346,13,1,0
BRDA:348,14,0,0
BRDA:348,14,1,0
BRDA:362,15,0,0
BRDA:362,15,1,0
BRDA:363,16,0,0
BRDA:363,16,1,0
BRDA:374,17,0,0
BRDA:374,17,1,0
BRF:36
BRH:0
end_of_record
TN:
SF:src/components/common/EmptyState.tsx
FN:11,(anonymous_1)
FNF:1
FNH:0
FNDA:0,(anonymous_1)
DA:1,0
DA:2,0
DA:11,0
DA:17,0
DA:29,0
LF:5
LH:0
BRDA:12,0,0,0
BRDA:13,1,0,0
BRDA:20,2,0,0
BRDA:20,2,1,0
BRF:4
BRH:0
end_of_record
TN:
SF:src/components/common/ErrorBoundary.tsx
FN:21,(anonymous_0)
FN:63,(anonymous_1)
FN:30,(anonymous_2)
FN:35,(anonymous_3)
FN:71,(anonymous_4)
FN:130,(anonymous_5)
FNF:6
FNH:0
FNDA:0,(anonymous_0)
FNDA:0,(anonymous_1)
[...]
FNDA:0,(anonymous_19)
FNDA:0,(anonymous_20)
FNDA:0,(anonymous_21)
FNDA:0,(anonymous_22)
FNDA:0,(anonymous_23)
FNDA:0,(anonymous_24)
FNDA:0,(anonymous_25)
FNDA:0,(anonymous_26)
FNDA:0,(anonymous_27)
FNDA:0,(anonymous_28)
FNDA:0,(anonymous_29)
FNDA:0,(anonymous_30)
FNDA:0,(anonymous_31)
FNDA:0,(anonymous_32)
FNDA:0,(anonymous_33)
FNDA:0,(anonymous_34)
FNDA:0,(anonymous_35)
DA:1,0
DA:2,0
DA:59,0
DA:89,0
DA:92,0
DA:96,0
DA:99,0
DA:102,0
DA:105,0
DA:106,0
DA:114,0
DA:115,0
DA:123,0
DA:124,0
DA:132,0
DA:133,0
DA:141,0
DA:148,0
DA:152,0
DA:168,0
DA:169,0
DA:170,0
DA:171,0
DA:174,0
DA:175,0
DA:176,0
DA:177,0
DA:180,0
DA:181,0
DA:182,0
DA:183,0
DA:186,0
DA:187,0
DA:188,0
DA:189,0
DA:192,0
DA:193,0
DA:194,0
DA:195,0
DA:197,0
DA:201,0
DA:202,0
DA:203,0
DA:204,0
DA:205,0
DA:207,0
LF:46
LH:0
BRF:0
BRH:0
end_of_record
TN:
SF:src/store/projectStore.ts
FN:21,(anonymous_0)
FN:24,(anonymous_1)
FN:25,(anonymous_2)
FN:25,(anonymous_3)
FN:26,(anonymous_4)
FN:27,(anonymous_5)
FNF:6
FNH:1
FNDA:7,(anonymous_0)
FNDA:0,(anonymous_1)
FNDA:0,(anonymous_2)
FNDA:0,(anonymous_3)
FNDA:0,(anonymous_4)
FNDA:0,(anonymous_5)
DA:1,7
DA:2,7
DA:19,7
DA:21,7
DA:24,0
DA:25,0
DA:26,0
DA:27,0
LF:8
LH:4
BRF:0
BRH:0
end_of_record
TN:
SF:src/store/reconciliationStore.ts
FN:15,(anonymous_0)
FN:20,(anonymous_1)
FN:24,(anonymous_2)
FN:36,(anonymous_3)
FN:38,(anonymous_4)
FN:44,(anonymous_5)
FN:51,(anonymous_6)
FN:53,(anonymous_7)
FN:59,(anonymous_8)
FNF:9
FNH:0
FNDA:0,(anonymous_0)
FNDA:0,(anonymous_1)
FNDA:0,(anonymous_2)
FNDA:0,(anonymous_3)
FNDA:0,(anonymous_4)
FNDA:0,(anonymous_5)
FNDA:0,(anonymous_6)
FNDA:0,(anonymous_7)
FNDA:0,(anonymous_8)
DA:1,0
DA:3,0
DA:4,0
DA:15,0
DA:21,0
DA:22,0
DA:23,0
DA:24,0
DA:26,0
DA:27,0
DA:28,0
DA:30,0
DA:32,0
DA:37,0
DA:38,0
DA:39,0
DA:41,0
DA:42,0
DA:43,0
DA:44,0
DA:47,0
DA:52,0
DA:53,0
DA:54,0
DA:56,0
DA:57,0
DA:58,0
DA:59,0
DA:62,0
LF:29
LH:0
BRDA:24,0,0,0
BRDA:24,0,1,0
BRDA:26,1,0,0
BRDA:27,2,0,0
BRDA:32,3,0,0
BRDA:32,3,1,0
BRDA:39,4,0,0
BRDA:44,5,0,0
BRDA:44,5,1,0
BRDA:51,6,0,0
BRDA:54,7,0,0
BRDA:59,8,0,0
BRDA:59,8,1,0
BRF:13
BRH:0
end_of_record
TN:
SF:src/store/useAuthStore.ts
FN:13,(anonymous_0)
FN:17,(anonymous_1)
FN:18,(anonymous_2)
FN:19,(anonymous_3)
FN:20,(anonymous_4)
FNF:5
FNH:5
FNDA:1,(anonymous_0)
FNDA:3,(anonymous_1)
FNDA:1,(anonymous_2)
FNDA:1,(anonymous_3)
FNDA:1,(anonymous_4)
DA:1,1
DA:13,1
DA:17,3
DA:18,1
DA:20,1
LF:5
LH:5
BRDA:21,0,0,1
BRDA:21,0,1,0
BRF:2
BRH:1
end_of_record
TN:
SF:src/store/useIngestionStore.ts
FN:49,(anonymous_0)
FN:55,(anonymous_1)
FN:56,(anonymous_2)
FN:56,(anonymous_3)
FN:58,(anonymous_4)
FN:58,(anonymous_5)
FN:63,(anonymous_6)
FN:64,(anonymous_7)
FN:66,(anonymous_8)
FN:66,(anonymous_9)
FN:74,(anonymous_10)
FNF:11
FNH:0
FNDA:0,(anonymous_0)
FNDA:0,(anonymous_1)
FNDA:0,(anonymous_2)
FNDA:0,(anonymous_3)
FNDA:0,(anonymous_4)
FNDA:0,(anonymous_5)
FNDA:0,(anonymous_6)
FNDA:0,(anonymous_7)
FNDA:0,(anonymous_8)
FNDA:0,(anonymous_9)
FNDA:0,(anonymous_10)
DA:1,0
DA:49,0
DA:55,0
DA:56,0
DA:58,0
DA:59,0
DA:60,0
DA:63,0
DA:64,0
DA:66,0
DA:67,0
DA:68,0
DA:69,0
DA:71,0
DA:74,0
LF:15
LH:0
BRDA:59,0,0,0
BRDA:59,0,1,0
BRDA:68,1,0,0
BRF:3
BRH:0
end_of_record
TN:
SF:src/store/useUIStore.ts
FN:16,(anonymous_0)
FN:20,(anonymous_1)
FN:21,(anonymous_2)
FN:21,(anonymous_3)
FN:22,(anonymous_4)
FN:23,(anonymous_5)
FN:29,(anonymous_6)
FN:30,(anonymous_7)
FN:31,(anonymous_8)
FNF:9
FNH:0
FNDA:0,(anonymous_0)
FNDA:0,(anonymous_1)
FNDA:0,(anonymous_2)
FNDA:0,(anonymous_3)
FNDA:0,(anonymous_4)
FNDA:0,(anonymous_5)
FNDA:0,(anonymous_6)
FNDA:0,(anonymous_7)
FNDA:0,(anonymous_8)
DA:1,0
DA:2,0
DA:16,0
DA:20,0
DA:21,0
DA:23,0
DA:30,0
DA:31,0
LF:8
LH:0
BRDA:22,0,0,0
BRF:1
BRH:0
end_of_record
TN:
SF:src/types/locale.ts
FNF:0
FNH:0
DA:18,0
LF:1
LH:0
BRF:0
BRH:0
end_of_record
TN:
SF:src/utils/accessibility.ts
FN:21,checkAccessibility
FN:38,getAccessibilityViolations
FNF:2
FNH:0
FNDA:0,checkAccessibility
FNDA:0,getAccessibilityViolations
DA:21,0
DA:26,0
DA:38,0
DA:42,0
LF:4
LH:0
BRF:0
BRH:0
end_of_record
TN:
SF:src/utils/antiDebug.ts
FN:3,(anonymous_0)
FN:4,(anonymous_1)
FNF:2
FNH:0
FNDA:0,(anonymous_0)
FNDA:0,(anonymous_1)
DA:1,0
DA:3,0
DA:4,0
DA:8,0
DA:9,0
DA:11,0
DA:12,0
DA:13,0
DA:16,0
DA:17,0
DA:20,0
DA:26,0
DA:30,0
DA:33,0
LF:14
LH:0
BRDA:13,0,0,0
BRDA:21,1,0,0
BRDA:21,1,1,0
BRF:3
BRH:0
end_of_record
TN:
SF:src/utils/csrfProtection.ts
FN:9,(anonymous_0)
FN:30,(anonymous_1)
FN:56,(anonymous_2)
FN:62,(anonymous_3)
FN:68,(anonymous_4)
FN:85,(anonymous_5)
FN:86,(anonymous_6)
FN:87,(anonymous_7)
FNF:8
FNH:5
FNDA:25,(anonymous_0)
FNDA:7,(anonymous_1)
FNDA:0,(anonymous_2)
FNDA:43,(anonymous_3)
FNDA:43,(anonymous_4)
FNDA:0,(anonymous_5)
FNDA:0,(anonymous_6)
FNDA:43,(anonymous_7)
DA:1,24
DA:4,24
DA:5,24
DA:6,24
DA:10,25
DA:11,18
DA:14,7
DA:15,0
DA:19,7
DA:21,7
DA:22,7
DA:23,7
DA:25,7
DA:31,7
DA:32,7
DA:40,7
DA:41,3
DA:44,4
DA:45,4
DA:47,3
DA:51,3
DA:57,0
DA:58,0
DA:63,43
DA:64,43
DA:72,43
DA:73,18
DA:76,25
DA:77,25
DA:85,24
DA:86,24
DA:87,24
DA:88,43
LF:33
LH:30
BRDA:10,0,0,18
BRDA:14,1,0,0
BRDA:40,2,0,3
BRDA:45,3,0,4
BRDA:45,3,1,4
BRDA:48,4,0,3
BRDA:48,4,1,0
BRDA:72,5,0,18
BRF:8
BRH:6
end_of_record
TN:
SF:src/utils/electron.ts
FN:13,(anonymous_0)
FN:20,(anonymous_1)
FN:30,(anonymous_2)
FN:45,(anonymous_3)
FNF:4
FNH:4
FNDA:8,(anonymous_0)
FNDA:6,(anonymous_1)
FNDA:2,(anonymous_2)
FNDA:2,(anonymous_3)
DA:13,1
DA:14,8
DA:20,1
DA:21,6
DA:22,1
DA:24,5
DA:30,1
DA:31,2
DA:32,2
DA:33,2
DA:35,2
DA:36,1
DA:39,1
DA:45,1
DA:46,2
DA:47,2
DA:48,2
DA:50,2
DA:51,1
DA:54,1
DA:57,1
LF:21
LH:21
BRDA:14,0,0,8
BRDA:14,0,1,8
BRDA:21,1,0,1
BRDA:32,2,0,0
BRDA:35,3,0,1
BRDA:36,4,0,1
BRDA:36,4,1,0
BRDA:47,5,0,0
BRDA:50,6,0,1
BRDA:51,7,0,1
BRDA:51,7,1,0
BRF:11
BRH:7
end_of_record
TN:
SF:src/utils/electronStore.ts
FN:8,(anonymous_0)
FN:17,(anonymous_1)
FN:22,(anonymous_2)
FN:26,(anonymous_3)
FN:30,(anonymous_4)
FN:34,(anonymous_5)
FN:38,(anonymous_6)
FN:42,(anonymous_7)
FN:56,getStoreAPI
FN:68,(anonymous_9)
FN:77,(anonymous_10)
FN:85,(anonymous_11)
FN:93,(anonymous_12)
FN:101,(anonymous_13)
FN:109,(anonymous_14)
FN:117,(anonymous_15)
FN:125,(anonymous_16)
FN:128,(anonymous_17)
FN:135,(anonymous_18)
FN:137,(anonymous_19)
FNF:20
FNH:0
FNDA:0,(anonymous_0)
FNDA:0,(anonymous_1)
FNDA:0,(anonymous_2)
FNDA:0,(anonymous_3)
FNDA:0,(anonymous_4)
FNDA:0,(anonymous_5)
FNDA:0,(anonymous_6)
FNDA:0,(anonymous_7)
FNDA:0,getStoreAPI
FNDA:0,(anonymous_9)
FNDA:0,(anonymous_10)
FNDA:0,(anonymous_11)
FNDA:0,(anonymous_12)
FNDA:0,(anonymous_13)
FNDA:0,(anonymous_14)
FNDA:0,(anonymous_15)
FNDA:0,(anonymous_16)
FNDA:0,(anonymous_17)
FNDA:0,(anonymous_18)
FNDA:0,(anonymous_19)
DA:8,0
DA:9,0
DA:18,0
DA:19,0
DA:23,0
DA:27,0
DA:31,0
DA:35,0
DA:39,0
DA:43,0
DA:44,0
DA:45,0
DA:46,0
DA:47,0
DA:48,0
DA:51,0
DA:57,0
DA:58,0
DA:60,0
DA:64,0
DA:69,0
DA:70,0
DA:71,0
DA:78,0
DA:79,0
DA:86,0
DA:87,0
DA:94,0
DA:95,0
DA:102,0
DA:103,0
DA:110,0
DA:111,0
DA:118,0
DA:119,0
DA:126,0
DA:127,0
DA:128,0
DA:136,0
DA:137,0
DA:153,0
LF:41
LH:0
BRDA:9,0,0,0
BRDA:9,0,1,0
BRDA:19,1,0,0
BRDA:19,1,1,0
BRDA:46,2,0,0
BRDA:48,3,0,0
BRDA:48,3,1,0
BRDA:57,4,0,0
BRDA:57,5,0,0
BRDA:57,5,1,0
BRDA:71,6,0,0
BRDA:71,6,1,0
BRF:12
BRH:0
end_of_record
TN:
SF:src/utils/errorHandler.ts
FN:4,(anonymous_0)
FN:6,(anonymous_1)
FN:23,(anonymous_2)
FN:47,(anonymous_3)
FN:64,(anonymous_4)
FN:95,(anonymous_5)
FNF:6
FNH:4
FNDA:3,(anonymous_0)
FNDA:0,(anonymous_1)
FNDA:0,(anonymous_2)
FNDA:3,(anonymous_3)
FNDA:1,(anonymous_4)
FNDA:1,(anonymous_5)
DA:1,1
DA:2,1
DA:4,1
DA:6,3
DA:7,0
DA:12,0
DA:23,3
DA:24,0
DA:32,0
DA:46,3
DA:47,3
DA:49,3
DA:52,1
DA:56,2
DA:57,1
DA:58,1
DA:60,1
DA:64,1
DA:67,1
DA:68,1
DA:77,1
DA:78,0
DA:95,1
DA:96,1
DA:97,1
LF:25
LH:20
BRDA:8,0,0,0
BRDA:8,0,1,0
BRDA:14,1,0,0
BRDA:14,1,1,0
BRDA:49,2,0,1
BRDA:49,3,0,3
BRDA:49,3,1,2
BRDA:56,4,0,1
BRDA:56,5,0,2
BRDA:56,5,1,2
BRDA:57,6,0,1
BRDA:57,7,0,1
BRDA:57,7,1,1
BRDA:64,8,0,0
BRDA:64,8,1,1
BRDA:67,9,0,1
BRDA:67,10,0,1
BRDA:67,10,1,0
BRDA:77,11,0,0
BRF:19
BRH:12
end_of_record
TN:
SF:src/utils/fileUtils.tsx
FN:10,(anonymous_1)
FN:43,(anonymous_2)
FN:70,(anonymous_3)
FN:79,(anonymous_4)
FN:88,(anonymous_5)
FN:97,(anonymous_6)
FNF:6
FNH:6
FNDA:6,(anonymous_1)
FNDA:9,(anonymous_2)
FNDA:9,(anonymous_3)
FNDA:6,(anonymous_4)
FNDA:6,(anonymous_5)
FNDA:6,(anonymous_6)
DA:1,3
DA:2,3
DA:10,3
DA:11,6
DA:12,6
DA:15,6
DA:16,1
DA:20,5
DA:21,1
DA:25,4
DA:26,1
DA:30,3
DA:31,2
DA:35,1
DA:43,3
DA:44,9
DA:46,9
DA:47,1
DA:50,8
DA:51,1
DA:54,7
DA:55,1
DA:58,6
DA:59,2
DA:62,4
DA:70,3
DA:71,9
DA:79,3
DA:80,6
DA:88,3
DA:89,6
DA:97,3
DA:98,6
LF:33
LH:33
BRDA:10,0,0,6
BRDA:12,1,0,6
BRDA:12,1,1,0
BRDA:15,2,0,1
BRDA:15,3,0,6
BRDA:15,3,1,5
BRDA:20,4,0,1
BRDA:20,5,0,5
BRDA:20,5,1,4
BRDA:25,6,0,1
BRDA:25,7,0,4
BRDA:25,7,1,3
BRDA:30,8,0,2
BRDA:30,9,0,3
BRDA:30,9,1,3
BRDA:30,9,2,1
BRDA:30,9,3,1
BRDA:44,10,0,9
BRDA:44,10,1,0
BRDA:46,11,0,1
BRDA:46,12,0,9
BRDA:46,12,1,8
BRDA:50,13,0,1
BRDA:50,14,0,8
BRDA:50,14,1,7
BRDA:54,15,0,1
BRDA:54,16,0,7
BRDA:54,16,1,6
BRDA:58,17,0,2
BRDA:58,18,0,6
BRDA:58,18,1,6
BRDA:58,18,2,4
BRDA:58,18,3,4
BRF:33
BRH:31
end_of_record
TN:
SF:src/utils/formatters.ts
FN:11,(anonymous_0)
FN:32,(anonymous_1)
FN:43,(anonymous_2)
FN:62,(anonymous_3)
FN:72,(anonymous_4)
FN:95,(anonymous_5)
FN:127,(anonymous_6)
FN:137,(anonymous_7)
FN:154,(anonymous_8)
FN:174,(anonymous_9)
FN:193,(anonymous_10)
FNF:11
FNH:9
FNDA:5,(anonymous_0)
FNDA:1,(anonymous_1)
FNDA:1,(anonymous_2)
FNDA:2,(anonymous_3)
FNDA:2,(anonymous_4)
FNDA:1,(anonymous_5)
FNDA:2,(anonymous_6)
FNDA:2,(anonymous_7)
FNDA:1,(anonymous_8)
FNDA:0,(anonymous_9)
FNDA:0,(anonymous_10)
DA:11,2
DA:12,5
DA:14,4
DA:15,4
DA:16,4
DA:18,4
DA:19,7
DA:20,7
DA:23,4
DA:32,2
DA:33,1
DA:43,2
DA:48,1
DA:62,2
DA:63,2
DA:72,2
DA:76,2
DA:78,2
DA:79,1
DA:82,1
DA:95,2
DA:96,1
DA:97,1
DA:99,1
DA:100,0
DA:103,1
DA:104,1
DA:105,1
DA:106,1
DA:107,1
DA:108,1
DA:109,1
DA:110,1
DA:112,1
DA:113,1
DA:114,1
DA:115,0
DA:116,0
DA:117,0
DA:118,0
DA:127,2
DA:128,2
DA:129,1
DA:137,2
DA:138,2
DA:139,2
DA:140,2
DA:142,2
DA:143,1
DA:145,1
DA:154,2
DA:155,1
DA:157,1
DA:158,0
DA:161,1
DA:174,2
DA:175,0
DA:177,0
DA:178,0
DA:181,0
DA:182,0
DA:185,0
DA:193,2
DA:194,0
DA:196,0
DA:197,0
DA:198,0
DA:199,0
DA:202,0
LF:69
LH:51
BRDA:12,0,0,1
BRDA:18,1,0,11
BRDA:18,1,1,7
BRDA:23,2,0,0
BRDA:23,2,1,4
BRDA:32,3,0,1
BRDA:45,4,0,1
BRDA:46,5,0,1
BRDA:62,6,0,1
BRDA:74,7,0,2
BRDA:76,8,0,1
BRDA:76,8,1,1
BRDA:78,9,0,1
BRDA:96,10,0,0
BRDA:96,10,1,1
BRDA:99,11,0,0
BRDA:112,12,0,0
BRDA:113,13,0,0
BRDA:114,14,0,1
BRDA:115,15,0,0
BRDA:116,16,0,0
BRDA:117,17,0,0
BRDA:128,18,0,1
BRDA:142,19,0,1
BRDA:154,20,0,1
BRDA:155,21,0,0
BRDA:155,21,1,1
BRDA:157,22,0,0
BRDA:177,23,0,0
BRDA:181,24,0,0
BRDA:181,25,0,0
BRDA:181,25,1,0
BRDA:196,26,0,0
BRF:33
BRH:18
end_of_record
TN:
SF:src/utils/logger.ts
FN:6,(anonymous_0)
FN:10,(anonymous_1)
FN:14,(anonymous_2)
FN:18,(anonymous_3)
FNF:4
FNH:0
FNDA:0,(anonymous_0)
FNDA:0,(anonymous_1)
FNDA:0,(anonymous_2)
FNDA:0,(anonymous_3)
DA:1,0
DA:7,0
DA:11,0
DA:15,0
DA:19,0
DA:23,0
LF:6
LH:0
BRF:0
BRH:0
end_of_record
TN:
SF:src/utils/performanceMonitor.ts
FN:28,(anonymous_0)
FN:33,(anonymous_1)
FN:36,(anonymous_2)
FN:50,(anonymous_3)
FN:63,(anonymous_4)
FN:65,(anonymous_5)
FN:79,(anonymous_6)
FN:82,(anonymous_7)
FN:96,(anonymous_8)
FN:104,(anonymous_9)
FN:108,(anonymous_10)
FN:118,(anonymous_11)
FN:139,(anonymous_12)
FN:140,(anonymous_13)
FN:164,(anonymous_14)
FN:165,(anonymous_15)
FN:172,(anonymous_16)
FNF:17
FNH:8
FNDA:5,(anonymous_0)
FNDA:5,(anonymous_1)
FNDA:0,(anonymous_2)
FNDA:0,(anonymous_3)
FNDA:0,(anonymous_4)
FNDA:0,(anonymous_5)
FNDA:0,(anonymous_6)
FNDA:0,(anonymous_7)
FNDA:5,(anonymous_8)
FNDA:2,(anonymous_9)
FNDA:1,(anonymous_10)
FNDA:1,(anonymous_11)
FNDA:1,(anonymous_12)
FNDA:1,(anonymous_13)
FNDA:0,(anonymous_14)
FNDA:0,(anonymous_15)
FNDA:0,(anonymous_16)
DA:1,1
DA:18,5
DA:26,5
DA:29,5
DA:30,5
DA:35,5
DA:36,5
DA:37,0
DA:38,0
DA:39,0
DA:40,0
DA:42,4
DA:43,4
DA:45,1
DA:49,5
DA:50,5
DA:51,0
DA:52,0
DA:53,0
DA:55,4
DA:56,4
DA:58,1
DA:62,5
DA:63,5
DA:64,0
DA:65,0
DA:66,0
DA:67,0
DA:71,4
DA:72,4
DA:74,1
DA:78,5
DA:79,5
DA:80,0
DA:81,0
DA:82,0
DA:83,0
DA:84,0
DA:87,0
DA:89,4
DA:90,4
DA:92,1
DA:98,5
DA:99,4
DA:100,4
DA:105,2
DA:109,1
DA:120,1
DA:123,1
DA:124,1
DA:140,1
DA:141,1
DA:142,1
DA:147,1
DA:152,1
DA:160,1
DA:163,1
DA:164,1
DA:165,0
DA:166,0
DA:167,0
DA:172,1
DA:173,0
DA:177,1
LF:64
LH:43
BRDA:66,0,0,0
BRDA:83,1,0,0
BRDA:83,2,0,0
BRDA:83,2,1,0
BRDA:98,3,0,4
BRDA:98,4,0,5
BRDA:98,4,1,5
BRDA:110,5,0,0
BRDA:110,5,1,1
BRDA:111,6,0,0
BRDA:111,6,1,1
BRDA:112,7,0,0
BRDA:112,7,1,1
BRDA:113,8,0,0
BRDA:113,8,1,1
BRDA:114,9,0,1
BRDA:114,9,1,0
BRDA:123,10,0,1
BRDA:127,11,0,1
BRDA:127,11,1,1
BRDA:163,12,0,1
BRF:21
BRH:12
end_of_record
TN:
SF:src/utils/secureLogger.ts
FN:21,(anonymous_0)
FN:25,(anonymous_1)
FN:32,(anonymous_2)
FN:36,(anonymous_3)
FN:54,(anonymous_4)
FN:65,(anonymous_5)
FN:91,(anonymous_6)
FN:105,(anonymous_7)
FN:120,(anonymous_8)
FN:148,(anonymous_9)
FN:167,(anonymous_10)
FN:184,(anonymous_11)
FN:192,(anonymous_12)
FN:198,(anonymous_13)
FN:204,(anonymous_14)
FN:210,(anonymous_15)
FN:254,(anonymous_16)
FN:263,(anonymous_17)
FN:273,(anonymous_18)
FN:277,(anonymous_19)
FN:283,(anonymous_20)
FN:288,(anonymous_21)
FN:298,(anonymous_22)
FN:301,(anonymous_23)
FNF:24
FNH:14
FNDA:37,(anonymous_0)
FNDA:37,(anonymous_1)
FNDA:37,(anonymous_2)
FNDA:196,(anonymous_3)
FNDA:1136,(anonymous_4)
FNDA:125,(anonymous_5)
FNDA:125,(anonymous_6)
FNDA:125,(anonymous_7)
FNDA:125,(anonymous_8)
FNDA:0,(anonymous_9)
FNDA:0,(anonymous_10)
FNDA:1,(anonymous_11)
FNDA:16,(anonymous_12)
FNDA:41,(anonymous_13)
FNDA:68,(anonymous_14)
FNDA:126,(anonymous_15)
FNDA:0,(anonymous_16)
FNDA:0,(anonymous_17)
FNDA:0,(anonymous_18)
FNDA:0,(anonymous_19)
FNDA:0,(anonymous_20)
FNDA:0,(anonymous_21)
FNDA:0,(anonymous_22)
FNDA:0,(anonymous_23)
DA:15,37
DA:17,37
DA:18,37
DA:19,37
DA:22,37
DA:26,37
DA:27,37
DA:29,37
DA:33,37
DA:37,196
DA:39,125
DA:46,71
DA:47,71
DA:49,71
DA:54,71
DA:55,1136
DA:56,0
DA:59,71
DA:62,0
DA:71,125
DA:74,125
DA:78,125
DA:92,125
DA:94,125
DA:95,125
DA:96,0
DA:97,0
DA:102,125
DA:106,125
DA:107,125
DA:108,0
DA:112,125
DA:113,0
DA:116,125
DA:121,125
DA:122,125
DA:124,125
DA:127,0
DA:128,0
DA:129,0
DA:132,16
DA:133,16
DA:134,16
DA:137,41
DA:138,41
DA:139,41
DA:142,68
DA:143,68
DA:144,68
DA:149,0
DA:151,0
DA:162,0
DA:163,0
DA:168,0
DA:169,0
DA:170,0
DA:171,0
DA:172,0
DA:174,0
DA:185,1
DA:186,1
DA:187,0
DA:188,0
DA:193,16
DA:194,16
DA:195,16
DA:199,41
DA:200,41
DA:201,41
DA:205,68
DA:206,68
DA:207,68
DA:211,126
DA:212,126
DA:213,126
DA:215,126
DA:216,126
DA:217,82
DA:218,82
DA:219,82
DA:221,44
DA:222,44
DA:224,0
DA:225,0
DA:226,0
DA:227,0
DA:228,0
DA:229,0
DA:233,126
DA:234,126
DA:235,44
DA:240,82
DA:241,28
DA:242,54
DA:243,0
DA:246,126
DA:255,0
DA:264,0
DA:274,0
DA:278,0
DA:279,0
DA:282,0
DA:283,0
DA:285,0
DA:289,0
DA:294,37
DA:297,37
DA:299,0
DA:302,0
LF:109
LH:70
BRDA:26,0,0,37
BRDA:37,1,0,125
BRDA:46,2,0,71
BRDA:46,3,0,71
BRDA:46,3,1,71
BRDA:55,4,0,0
BRDA:74,5,0,125
BRDA:74,5,1,0
BRDA:74,6,0,125
BRDA:74,6,1,125
BRDA:86,7,0,71
BRDA:86,7,1,54
BRDA:95,8,0,0
BRDA:97,9,0,0
BRDA:97,9,1,0
BRDA:107,10,0,0
BRDA:112,11,0,0
BRDA:112,11,1,125
BRDA:122,12,0,125
BRDA:122,12,1,0
BRDA:124,13,0,0
BRDA:124,13,1,16
BRDA:124,13,2,41
BRDA:124,13,3,68
BRDA:128,14,0,0
BRDA:128,14,1,0
BRDA:133,15,0,16
BRDA:133,15,1,15
BRDA:138,16,0,41
BRDA:138,16,1,38
BRDA:143,17,0,68
BRDA:143,17,1,1
BRDA:169,18,0,0
BRDA:169,18,1,0
BRDA:171,19,0,0
BRDA:186,20,0,0
BRDA:215,21,0,126
BRDA:215,21,1,0
BRDA:216,22,0,82
BRDA:216,22,1,44
BRDA:224,23,0,0
BRDA:224,23,1,0
BRDA:227,24,0,0
BRDA:227,25,0,0
BRDA:227,25,1,0
BRDA:234,26,0,44
BRDA:234,26,1,82
BRDA:240,27,0,28
BRDA:240,27,1,54
BRDA:240,28,0,82
BRDA:240,28,1,28
BRDA:242,29,0,0
BRDA:268,30,0,0
BRDA:268,30,1,0
BRDA:278,31,0,0
BRDA:282,32,0,0
BRF:56
BRH:30
end_of_record
TN:
SF:src/utils/secureRandom.ts
FN:4,(anonymous_0)
FN:11,(anonymous_1)
FN:14,(anonymous_2)
FN:18,(anonymous_3)
FN:23,(anonymous_4)
FNF:5
FNH:2
FNDA:0,(anonymous_0)
FNDA:11,(anonymous_1)
FNDA:99,(anonymous_2)
FNDA:0,(anonymous_3)
FNDA:0,(anonymous_4)
DA:2,11
DA:5,0
DA:6,0
DA:7,0
DA:12,11
DA:13,11
DA:14,99
DA:19,0
DA:20,0
DA:21,0
DA:22,0
DA:23,0
LF:12
LH:4
BRDA:11,0,0,11
BRF:1
BRH:1
end_of_record
TN:
SF:src/utils/secureTokenStorage.ts
FN:9,(anonymous_0)
FN:30,(anonymous_1)
FN:55,(anonymous_2)
FN:72,(anonymous_3)
FN:92,(anonymous_4)
FN:113,(anonymous_5)
FN:121,(anonymous_6)
FN:134,(anonymous_7)
FN:147,(anonymous_8)
FN:163,(anonymous_9)
FN:172,(anonymous_10)
FN:177,(anonymous_11)
FNF:12
FNH:0
FNDA:0,(anonymous_0)
FNDA:0,(anonymous_1)
FNDA:0,(anonymous_2)
FNDA:0,(anonymous_3)
FNDA:0,(anonymous_4)
FNDA:0,(anonymous_5)
FNDA:0,(anonymous_6)
FNDA:0,(anonymous_7)
FNDA:0,(anonymous_8)
FNDA:0,(anonymous_9)
FNDA:0,(anonymous_10)
FNDA:0,(anonymous_11)
DA:1,0
DA:4,0
DA:5,0
DA:6,0
DA:10,0
DA:13,0
DA:15,0
DA:17,0
DA:20,0
DA:23,0
DA:31,0
DA:33,0
DA:36,0
DA:37,0
DA:41,0
DA:42,0
DA:45,0
DA:47,0
DA:50,0
DA:56,0
DA:58,0
DA:61,0
DA:62,0
DA:65,0
DA:73,0
DA:75,0
DA:78,0
DA:79,0
DA:82,0
DA:84,0
DA:87,0
DA:93,0
DA:95,0
DA:96,0
DA:97,0
DA:98,0
DA:101,0
DA:102,0
DA:104,0
DA:106,0
DA:114,0
DA:122,0
DA:123,0
DA:124,0
DA:125,0
DA:127,0
DA:137,0
DA:140,0
DA:148,0
DA:149,0
DA:150,0
DA:151,0
DA:152,0
DA:153,0
DA:156,0
DA:158,0
DA:164,0
DA:165,0
DA:173,0
DA:176,0
DA:177,0
LF:61
LH:0
BRDA:13,0,0,0
BRDA:13,0,1,0
BRDA:24,1,0,0
BRDA:24,1,1,0
BRDA:36,2,0,0
BRDA:41,3,0,0
BRDA:48,4,0,0
BRDA:48,4,1,0
BRDA:61,5,0,0
BRDA:66,6,0,0
BRDA:66,6,1,0
BRDA:78,7,0,0
BRDA:78,8,0,0
BRDA:78,8,1,0
BRDA:85,9,0,0
BRDA:85,9,1,0
BRDA:107,10,0,0
BRDA:107,10,1,0
BRDA:114,11,0,0
BRDA:114,11,1,0
BRDA:114,11,2,0
BRDA:114,11,3,0
BRDA:123,12,0,0
BRDA:123,12,1,0
BRDA:152,13,0,0
BRDA:173,14,0,0
BRDA:173,15,0,0
BRDA:173,15,1,0
BRDA:177,16,0,0
BRDA:177,16,1,0
BRF:30
BRH:0
end_of_record
TN:
SF:src/utils/simulation.ts
FN:8,(anonymous_0)
FN:9,(anonymous_1)
FNF:2
FNH:0
FNDA:0,(anonymous_0)
FNDA:0,(anonymous_1)
DA:8,0
DA:9,0
LF:2
LH:0
BRF:0
BRH:0
end_of_record
TN:
SF:src/utils/validation.ts
FN:13,(anonymous_0)
FN:28,(anonymous_1)
FN:29,(anonymous_2)
FN:36,(anonymous_3)
FN:46,(anonymous_4)
FN:55,(anonymous_5)
FN:66,(anonymous_6)
FN:93,(anonymous_7)
FN:118,sanitizeInput
FN:128,validateSearchQuery
FN:139,validateEmail
FN:151,validateAmount
FN:159,validateFileUpload
FN:183,(anonymous_13)
FN:191,validateFormData
FN:202,(anonymous_15)
FN:215,isValidUUID
FN:228,validatePagination
FNF:18
FNH:2
FNDA:3,(anonymous_0)
FNDA:0,(anonymous_1)
FNDA:0,(anonymous_2)
FNDA:0,(anonymous_3)
FNDA:0,(anonymous_4)
FNDA:0,(anonymous_5)
FNDA:0,(anonymous_6)
FNDA:0,(anonymous_7)
FNDA:0,sanitizeInput
FNDA:0,validateSearchQuery
FNDA:11,validateEmail
FNDA:0,validateAmount
FNDA:0,validateFileUpload
FNDA:0,(anonymous_13)
FNDA:0,validateFormData
FNDA:0,(anonymous_15)
FNDA:0,isValidUUID
FNDA:0,validatePagination
DA:1,1
DA:2,1
DA:10,1
DA:13,3
DA:16,1
DA:25,1
DA:28,0
DA:29,0
DA:32,1
DA:36,0
DA:39,1
DA:43,1
DA:46,0
DA:52,1
DA:55,0
DA:58,1
DA:63,1
DA:67,0
DA:68,0
DA:69,0
DA:71,0
DA:76,1
DA:88,1
DA:93,0
DA:103,1
DA:118,1
DA:119,0
DA:128,1
DA:129,0
DA:130,0
DA:132,0
DA:139,1
DA:140,11
DA:141,11
DA:142,3
DA:144,8
DA:151,1
DA:152,0
DA:153,0
DA:159,1
DA:160,0
DA:167,0
DA:177,0
DA:178,0
DA:182,0
DA:183,0
DA:184,0
DA:191,1
DA:195,0
DA:196,0
DA:197,0
DA:199,0
DA:200,0
DA:201,0
DA:202,0
DA:203,0
DA:204,0
DA:206,0
DA:208,0
DA:215,1
DA:216,0
DA:217,0
DA:223,1
DA:228,1
DA:229,0
LF:65
LH:28
BRDA:152,0,0,0
BRDA:152,0,1,0
BRDA:177,1,0,0
BRDA:183,2,0,0
BRDA:200,3,0,0
BRF:5
BRH:0
end_of_record
TN:
SF:src/utils/verifyIntegrity.ts
FN:3,(anonymous_0)
FN:16,(anonymous_1)
FNF:2
FNH:0
FNDA:0,(anonymous_0)
FNDA:0,(anonymous_1)
DA:1,0
DA:3,0
DA:4,0
DA:5,0
DA:8,0
DA:9,0
DA:10,0
DA:12,0
DA:13,0
DA:14,0
DA:15,0
DA:16,0
DA:19,0
DA:20,0
DA:21,0
DA:22,0
DA:25,0
DA:29,0
DA:30,0
DA:34,0
LF:20
LH:0
BRDA:4,0,0,0
BRDA:19,1,0,0
BRDA:26,2,0,0
BRDA:26,2,1,0
BRF:4
BRH:0
end_of_record
TN:
SF:src/utils/webVitals.ts
FN:10,(anonymous_0)
FN:12,(anonymous_1)
FN:19,(anonymous_2)
FN:24,(anonymous_3)
FN:29,(anonymous_4)
FNF:5
FNH:0
FNDA:0,(anonymous_0)
FNDA:0,(anonymous_1)
FNDA:0,(anonymous_2)
FNDA:0,(anonymous_3)
FNDA:0,(anonymous_4)
DA:6,0
DA:7,0
DA:10,0
DA:12,0
DA:13,0
DA:19,0
DA:20,0
DA:24,0
DA:25,0
DA:29,0
DA:30,0
DA:36,0
LF:12
LH:0
BRF:0
BRH:0
end_of_record
