<testsuites id="" name="" tests="1" failures="0" skipped="0" errors="0" time="12.744076000000002">
<testsuite name="master-smoke-tests.spec.ts" timestamp="2026-01-03T07:10:40.747Z" hostname="chromium" tests="1" failures="0" skipped="0" time="7.727" errors="0">
<testcase name="Master Smoke Tests - All Application Routes › Authentication Pages › [AUTH] Login should load at /login" classname="master-smoke-tests.spec.ts" time="7.727">
<system-out>
<![CDATA[✓ Login loaded in 6386ms

[[ATTACHMENT|master-smoke-tests-Master--acf3a--Login-should-load-at-login-chromium/test-finished-1.png]]

[[ATTACHMENT|master-smoke-tests-Master--acf3a--Login-should-load-at-login-chromium/video.webm]]
]]>
</system-out>
<system-err>
<![CDATA[Console error on http://localhost:5173/login: X-Frame-Options may only be set via an HTTP header sent along with a document. It may not be set inside <meta>.
Console error on http://localhost:5173/login: Failed to load resource: the server responded with a status of 504 (Outdated Optimize Dep)
Console error on http://localhost:5173/login: [main.tsx] Failed to load ./App chunk: TypeError: Failed to fetch dynamically imported module: http://localhost:5173/src/App.tsx
Console error on http://localhost:5173/login: The above error occurred in one of your React components:

    at Lazy
    at Suspense
    at RootErrorBoundary (http://localhost:5173/src/main.tsx:38:5)

React will try to recreate this component tree from scratch using the error boundary you provided, RootErrorBoundary.
Console error on http://localhost:5173/login: Root Error Boundary Caught: TypeError: Failed to fetch dynamically imported module: http://localhost:5173/src/App.tsx {componentStack: 
    at Lazy
    at Suspense
    at RootErrorBoundary (http://localhost:5173/src/main.tsx:38:5)}
Console error on http://localhost:5173/login: Failed to load resource: the server responded with a status of 504 (Outdated Optimize Dep)
Console error on http://localhost:5173/login: X-Frame-Options may only be set via an HTTP header sent along with a document. It may not be set inside <meta>.
Console error on http://localhost:5173/login: Failed to load resource: the server responded with a status of 500 (Internal Server Error)
Console error on http://localhost:5173/login: Failed to load resource: the server responded with a status of 500 (Internal Server Error)
Console error on http://localhost:5173/login: X-Frame-Options may only be set via an HTTP header sent along with a document. It may not be set inside <meta>.
Console error on http://localhost:5173/login: Failed to load resource: the server responded with a status of 500 (Internal Server Error)
Console error on http://localhost:5173/login: Failed to load resource: the server responded with a status of 500 (Internal Server Error)
]]>
</system-err>
</testcase>
</testsuite>
</testsuites>